<?xml version="1.0" encoding="UTF-8"?>
<coverage generated="1645749843348" clover="3.2.0">
  <project timestamp="1645749843348" name="All files">
    <metrics statements="576" coveredstatements="293" conditionals="157" coveredconditionals="37" methods="213" coveredmethods="47" elements="946" coveredelements="377" complexity="0" loc="576" ncloc="576" packages="10" files="41" classes="41"/>
    <package name="src">
      <metrics statements="19" coveredstatements="14" conditionals="0" coveredconditionals="0" methods="4" coveredmethods="2"/>
      <file name="App.jsx" path="/Users/daniel/Code/Hack_Reactor/FEC/project-catwalk/src/App.jsx">
        <metrics statements="15" coveredstatements="11" conditionals="0" coveredconditionals="0" methods="4" coveredmethods="2"/>
        <line num="15" count="8" type="stmt"/>
        <line num="76" count="8" type="stmt"/>
        <line num="93" count="8" type="stmt"/>
        <line num="94" count="8" type="stmt"/>
        <line num="96" count="8" type="stmt"/>
        <line num="101" count="2" type="stmt"/>
        <line num="111" count="1" type="stmt"/>
        <line num="113" count="1" type="stmt"/>
        <line num="115" count="1" type="stmt"/>
        <line num="116" count="1" type="stmt"/>
        <line num="118" count="0" type="stmt"/>
        <line num="119" count="0" type="stmt"/>
        <line num="120" count="0" type="stmt"/>
        <line num="130" count="0" type="stmt"/>
        <line num="135" count="1" type="stmt"/>
      </file>
      <file name="index.jsx" path="/Users/daniel/Code/Hack_Reactor/FEC/project-catwalk/src/index.jsx">
        <metrics statements="1" coveredstatements="0" conditionals="0" coveredconditionals="0" methods="0" coveredmethods="0"/>
        <line num="7" count="0" type="stmt"/>
      </file>
      <file name="styles.js" path="/Users/daniel/Code/Hack_Reactor/FEC/project-catwalk/src/styles.js">
        <metrics statements="3" coveredstatements="3" conditionals="0" coveredconditionals="0" methods="0" coveredmethods="0"/>
        <line num="3" count="8" type="stmt"/>
        <line num="10" count="8" type="stmt"/>
        <line num="30" count="8" type="stmt"/>
      </file>
    </package>
    <package name="src.Components">
      <metrics statements="111" coveredstatements="47" conditionals="10" coveredconditionals="4" methods="49" coveredmethods="2"/>
      <file name="FiveStar.jsx" path="/Users/daniel/Code/Hack_Reactor/FEC/project-catwalk/src/Components/FiveStar.jsx">
        <metrics statements="23" coveredstatements="19" conditionals="6" coveredconditionals="4" methods="1" coveredmethods="1"/>
        <line num="5" count="9" type="stmt"/>
        <line num="23" count="9" type="stmt"/>
        <line num="29" count="9" type="stmt"/>
        <line num="35" count="9" type="stmt"/>
        <line num="41" count="9" type="stmt"/>
        <line num="55" count="3" type="stmt"/>
        <line num="56" count="3" type="stmt"/>
        <line num="58" count="3" type="stmt"/>
        <line num="59" count="4" type="cond" truecount="2" falsecount="0"/>
        <line num="60" count="3" type="stmt"/>
        <line num="61" count="3" type="stmt"/>
        <line num="62" count="1" type="cond" truecount="1" falsecount="1"/>
        <line num="63" count="0" type="stmt"/>
        <line num="64" count="0" type="stmt"/>
        <line num="65" count="1" type="cond" truecount="1" falsecount="1"/>
        <line num="66" count="1" type="stmt"/>
        <line num="67" count="1" type="stmt"/>
        <line num="69" count="0" type="stmt"/>
        <line num="70" count="0" type="stmt"/>
        <line num="74" count="3" type="stmt"/>
        <line num="75" count="11" type="stmt"/>
        <line num="78" count="3" type="stmt"/>
        <line num="85" count="9" type="stmt"/>
      </file>
      <file name="HelpfulOrReport.jsx" path="/Users/daniel/Code/Hack_Reactor/FEC/project-catwalk/src/Components/HelpfulOrReport.jsx">
        <metrics statements="13" coveredstatements="2" conditionals="0" coveredconditionals="0" methods="9" coveredmethods="0"/>
        <line num="7" count="0" type="stmt"/>
        <line num="14" count="0" type="stmt"/>
        <line num="20" count="0" type="stmt"/>
        <line num="25" count="0" type="stmt"/>
        <line num="27" count="0" type="stmt"/>
        <line num="30" count="0" type="stmt"/>
        <line num="38" count="8" type="stmt"/>
        <line num="45" count="0" type="stmt"/>
        <line num="51" count="0" type="stmt"/>
        <line num="56" count="0" type="stmt"/>
        <line num="58" count="0" type="stmt"/>
        <line num="61" count="0" type="stmt"/>
        <line num="69" count="8" type="stmt"/>
      </file>
      <file name="QuestionModal.jsx" path="/Users/daniel/Code/Hack_Reactor/FEC/project-catwalk/src/Components/QuestionModal.jsx">
        <metrics statements="22" coveredstatements="10" conditionals="0" coveredconditionals="0" methods="11" coveredmethods="0"/>
        <line num="9" count="8" type="stmt"/>
        <line num="12" count="8" type="stmt"/>
        <line num="23" count="8" type="stmt"/>
        <line num="32" count="8" type="stmt"/>
        <line num="45" count="8" type="stmt"/>
        <line num="57" count="8" type="stmt"/>
        <line num="63" count="8" type="stmt"/>
        <line num="69" count="8" type="stmt"/>
        <line num="74" count="8" type="stmt"/>
        <line num="82" count="0" type="stmt"/>
        <line num="89" count="0" type="stmt"/>
        <line num="90" count="0" type="stmt"/>
        <line num="96" count="0" type="stmt"/>
        <line num="99" count="0" type="stmt"/>
        <line num="100" count="0" type="stmt"/>
        <line num="105" count="0" type="stmt"/>
        <line num="107" count="0" type="stmt"/>
        <line num="114" count="0" type="stmt"/>
        <line num="124" count="0" type="stmt"/>
        <line num="136" count="0" type="stmt"/>
        <line num="147" count="0" type="stmt"/>
        <line num="150" count="8" type="stmt"/>
      </file>
      <file name="ReviewModal.jsx" path="/Users/daniel/Code/Hack_Reactor/FEC/project-catwalk/src/Components/ReviewModal.jsx">
        <metrics statements="36" coveredstatements="10" conditionals="2" coveredconditionals="0" methods="22" coveredmethods="0"/>
        <line num="9" count="8" type="stmt"/>
        <line num="12" count="8" type="stmt"/>
        <line num="23" count="8" type="stmt"/>
        <line num="32" count="8" type="stmt"/>
        <line num="45" count="8" type="stmt"/>
        <line num="57" count="8" type="stmt"/>
        <line num="63" count="8" type="stmt"/>
        <line num="69" count="8" type="stmt"/>
        <line num="74" count="8" type="stmt"/>
        <line num="82" count="0" type="stmt"/>
        <line num="83" count="0" type="stmt"/>
        <line num="85" count="0" type="stmt"/>
        <line num="94" count="0" type="stmt"/>
        <line num="104" count="0" type="stmt"/>
        <line num="105" count="0" type="stmt"/>
        <line num="109" count="0" type="stmt"/>
        <line num="128" count="0" type="stmt"/>
        <line num="129" count="0" type="stmt"/>
        <line num="139" count="0" type="stmt"/>
        <line num="141" count="0" type="stmt"/>
        <line num="142" count="0" type="stmt"/>
        <line num="143" count="0" type="stmt"/>
        <line num="149" count="0" type="stmt"/>
        <line num="152" count="0" type="stmt"/>
        <line num="153" count="0" type="stmt"/>
        <line num="158" count="0" type="stmt"/>
        <line num="160" count="0" type="stmt"/>
        <line num="167" count="0" type="stmt"/>
        <line num="177" count="0" type="stmt"/>
        <line num="187" count="0" type="stmt"/>
        <line num="199" count="0" type="stmt"/>
        <line num="208" count="0" type="stmt"/>
        <line num="215" count="0" type="stmt"/>
        <line num="221" count="0" type="stmt"/>
        <line num="249" count="0" type="stmt"/>
        <line num="252" count="8" type="stmt"/>
      </file>
      <file name="SearchSite.jsx" path="/Users/daniel/Code/Hack_Reactor/FEC/project-catwalk/src/Components/SearchSite.jsx">
        <metrics statements="17" coveredstatements="6" conditionals="2" coveredconditionals="0" methods="6" coveredmethods="1"/>
        <line num="7" count="8" type="stmt"/>
        <line num="48" count="1" type="stmt"/>
        <line num="49" count="1" type="stmt"/>
        <line num="51" count="1" type="stmt"/>
        <line num="52" count="0" type="stmt"/>
        <line num="55" count="1" type="stmt"/>
        <line num="56" count="0" type="stmt"/>
        <line num="57" count="0" type="stmt"/>
        <line num="59" count="0" type="stmt"/>
        <line num="60" count="0" type="stmt"/>
        <line num="61" count="0" type="cond" truecount="0" falsecount="2"/>
        <line num="62" count="0" type="stmt"/>
        <line num="63" count="0" type="stmt"/>
        <line num="65" count="0" type="stmt"/>
        <line num="67" count="0" type="stmt"/>
        <line num="70" count="0" type="stmt"/>
        <line num="74" count="1" type="stmt"/>
      </file>
    </package>
    <package name="src.Components.Overview">
      <metrics statements="23" coveredstatements="15" conditionals="0" coveredconditionals="0" methods="6" coveredmethods="2"/>
      <file name="index.jsx" path="/Users/daniel/Code/Hack_Reactor/FEC/project-catwalk/src/Components/Overview/index.jsx">
        <metrics statements="23" coveredstatements="15" conditionals="0" coveredconditionals="0" methods="6" coveredmethods="2"/>
        <line num="18" count="8" type="stmt"/>
        <line num="27" count="8" type="stmt"/>
        <line num="34" count="8" type="stmt"/>
        <line num="38" count="4" type="stmt"/>
        <line num="39" count="2" type="stmt"/>
        <line num="40" count="2" type="stmt"/>
        <line num="41" count="2" type="stmt"/>
        <line num="42" count="2" type="stmt"/>
        <line num="43" count="2" type="stmt"/>
        <line num="44" count="2" type="stmt"/>
        <line num="45" count="2" type="stmt"/>
        <line num="47" count="2" type="stmt"/>
        <line num="48" count="1" type="stmt"/>
        <line num="50" count="0" type="stmt"/>
        <line num="53" count="0" type="stmt"/>
        <line num="56" count="1" type="stmt"/>
        <line num="58" count="0" type="stmt"/>
        <line num="59" count="0" type="stmt"/>
        <line num="60" count="0" type="stmt"/>
        <line num="61" count="0" type="stmt"/>
        <line num="62" count="0" type="stmt"/>
        <line num="65" count="0" type="stmt"/>
        <line num="69" count="2" type="stmt"/>
      </file>
    </package>
    <package name="src.Components.Overview.OverviewComponents">
      <metrics statements="117" coveredstatements="50" conditionals="56" coveredconditionals="10" methods="29" coveredmethods="8"/>
      <file name="AddToCart.jsx" path="/Users/daniel/Code/Hack_Reactor/FEC/project-catwalk/src/Components/Overview/OverviewComponents/AddToCart.jsx">
        <metrics statements="39" coveredstatements="21" conditionals="14" coveredconditionals="6" methods="11" coveredmethods="4"/>
        <line num="6" count="8" type="stmt"/>
        <line num="33" count="8" type="stmt"/>
        <line num="34" count="8" type="stmt"/>
        <line num="36" count="8" type="stmt"/>
        <line num="37" count="0" type="stmt"/>
        <line num="38" count="0" type="stmt"/>
        <line num="39" count="0" type="stmt"/>
        <line num="44" count="0" type="stmt"/>
        <line num="48" count="2" type="stmt"/>
        <line num="49" count="2" type="stmt"/>
        <line num="50" count="2" type="stmt"/>
        <line num="51" count="2" type="stmt"/>
        <line num="54" count="2" type="stmt"/>
        <line num="55" count="1" type="stmt"/>
        <line num="56" count="1" type="stmt"/>
        <line num="59" count="2" type="stmt"/>
        <line num="60" count="0" type="stmt"/>
        <line num="61" count="0" type="cond" truecount="0" falsecount="2"/>
        <line num="62" count="0" type="stmt"/>
        <line num="63" count="0" type="stmt"/>
        <line num="64" count="0" type="stmt"/>
        <line num="66" count="0" type="stmt"/>
        <line num="67" count="0" type="stmt"/>
        <line num="70" count="2" type="stmt"/>
        <line num="71" count="0" type="stmt"/>
        <line num="74" count="2" type="stmt"/>
        <line num="75" count="0" type="stmt"/>
        <line num="76" count="0" type="stmt"/>
        <line num="81" count="0" type="stmt"/>
        <line num="84" count="0" type="stmt"/>
        <line num="88" count="2" type="stmt"/>
        <line num="89" count="2" type="cond" truecount="1" falsecount="1"/>
        <line num="90" count="0" type="stmt"/>
        <line num="92" count="2" type="stmt"/>
        <line num="99" count="30" type="cond" truecount="2" falsecount="2"/>
        <line num="100" count="0" type="stmt"/>
        <line num="102" count="30" type="stmt"/>
        <line num="108" count="2" type="stmt"/>
        <line num="118" count="10" type="stmt"/>
      </file>
      <file name="ExpandedView.jsx" path="/Users/daniel/Code/Hack_Reactor/FEC/project-catwalk/src/Components/Overview/OverviewComponents/ExpandedView.jsx">
        <metrics statements="3" coveredstatements="2" conditionals="0" coveredconditionals="0" methods="1" coveredmethods="0"/>
        <line num="5" count="8" type="stmt"/>
        <line num="31" count="0" type="stmt"/>
        <line num="38" count="8" type="stmt"/>
      </file>
      <file name="MainView.jsx" path="/Users/daniel/Code/Hack_Reactor/FEC/project-catwalk/src/Components/Overview/OverviewComponents/MainView.jsx">
        <metrics statements="16" coveredstatements="9" conditionals="6" coveredconditionals="1" methods="4" coveredmethods="2"/>
        <line num="9" count="8" type="stmt"/>
        <line num="36" count="2" type="stmt"/>
        <line num="38" count="2" type="stmt"/>
        <line num="40" count="2" type="stmt"/>
        <line num="42" count="2" type="stmt"/>
        <line num="43" count="1" type="stmt"/>
        <line num="44" count="0" type="cond" truecount="0" falsecount="2"/>
        <line num="45" count="0" type="stmt"/>
        <line num="46" count="0" type="stmt"/>
        <line num="47" count="0" type="stmt"/>
        <line num="52" count="2" type="stmt"/>
        <line num="53" count="0" type="stmt"/>
        <line num="54" count="0" type="stmt"/>
        <line num="57" count="2" type="cond" truecount="1" falsecount="1"/>
        <line num="58" count="0" type="stmt"/>
        <line num="82" count="2" type="stmt"/>
      </file>
      <file name="MainViewImage.jsx" path="/Users/daniel/Code/Hack_Reactor/FEC/project-catwalk/src/Components/Overview/OverviewComponents/MainViewImage.jsx">
        <metrics statements="3" coveredstatements="2" conditionals="0" coveredconditionals="0" methods="1" coveredmethods="0"/>
        <line num="5" count="8" type="stmt"/>
        <line num="18" count="0" type="stmt"/>
        <line num="31" count="8" type="stmt"/>
      </file>
      <file name="MainViewScroller.jsx" path="/Users/daniel/Code/Hack_Reactor/FEC/project-catwalk/src/Components/Overview/OverviewComponents/MainViewScroller.jsx">
        <metrics statements="33" coveredstatements="5" conditionals="28" coveredconditionals="0" methods="7" coveredmethods="0"/>
        <line num="6" count="8" type="stmt"/>
        <line num="31" count="8" type="stmt"/>
        <line num="40" count="8" type="stmt"/>
        <line num="49" count="8" type="stmt"/>
        <line num="55" count="0" type="stmt"/>
        <line num="57" count="0" type="stmt"/>
        <line num="67" count="0" type="stmt"/>
        <line num="77" count="0" type="stmt"/>
        <line num="78" count="0" type="stmt"/>
        <line num="79" count="0" type="stmt"/>
        <line num="82" count="0" type="stmt"/>
        <line num="84" count="0" type="cond" truecount="0" falsecount="2"/>
        <line num="85" count="0" type="stmt"/>
        <line num="86" count="0" type="cond" truecount="0" falsecount="2"/>
        <line num="88" count="0" type="stmt"/>
        <line num="91" count="0" type="cond" truecount="0" falsecount="2"/>
        <line num="92" count="0" type="stmt"/>
        <line num="93" count="0" type="cond" truecount="0" falsecount="2"/>
        <line num="94" count="0" type="stmt"/>
        <line num="99" count="0" type="cond" truecount="0" falsecount="2"/>
        <line num="100" count="0" type="stmt"/>
        <line num="101" count="0" type="stmt"/>
        <line num="104" count="0" type="cond" truecount="0" falsecount="4"/>
        <line num="105" count="0" type="stmt"/>
        <line num="106" count="0" type="stmt"/>
        <line num="109" count="0" type="stmt"/>
        <line num="116" count="0" type="stmt"/>
        <line num="119" count="0" type="cond" truecount="0" falsecount="2"/>
        <line num="120" count="0" type="stmt"/>
        <line num="127" count="0" type="stmt"/>
        <line num="131" count="0" type="stmt"/>
        <line num="147" count="0" type="stmt"/>
        <line num="153" count="8" type="stmt"/>
      </file>
      <file name="ProductInfo.jsx" path="/Users/daniel/Code/Hack_Reactor/FEC/project-catwalk/src/Components/Overview/OverviewComponents/ProductInfo.jsx">
        <metrics statements="4" coveredstatements="4" conditionals="2" coveredconditionals="2" methods="1" coveredmethods="1"/>
        <line num="8" count="8" type="stmt"/>
        <line num="34" count="5" type="stmt"/>
        <line num="35" count="1" type="stmt"/>
        <line num="37" count="1" type="stmt"/>
      </file>
      <file name="StyleName.jsx" path="/Users/daniel/Code/Hack_Reactor/FEC/project-catwalk/src/Components/Overview/OverviewComponents/StyleName.jsx">
        <metrics statements="12" coveredstatements="3" conditionals="4" coveredconditionals="0" methods="2" coveredmethods="0"/>
        <line num="7" count="8" type="stmt"/>
        <line num="31" count="8" type="stmt"/>
        <line num="64" count="0" type="stmt"/>
        <line num="66" count="0" type="stmt"/>
        <line num="67" count="0" type="stmt"/>
        <line num="68" count="0" type="stmt"/>
        <line num="71" count="0" type="cond" truecount="0" falsecount="2"/>
        <line num="72" count="0" type="stmt"/>
        <line num="75" count="0" type="cond" truecount="0" falsecount="2"/>
        <line num="76" count="0" type="stmt"/>
        <line num="83" count="0" type="stmt"/>
        <line num="93" count="8" type="stmt"/>
      </file>
      <file name="Styles.jsx" path="/Users/daniel/Code/Hack_Reactor/FEC/project-catwalk/src/Components/Overview/OverviewComponents/Styles.jsx">
        <metrics statements="7" coveredstatements="4" conditionals="2" coveredconditionals="1" methods="2" coveredmethods="1"/>
        <line num="6" count="8" type="stmt"/>
        <line num="28" count="2" type="stmt"/>
        <line num="30" count="2" type="cond" truecount="1" falsecount="1"/>
        <line num="31" count="0" type="stmt"/>
        <line num="32" count="0" type="stmt"/>
        <line num="36" count="0" type="stmt"/>
        <line num="49" count="2" type="stmt"/>
      </file>
    </package>
    <package name="src.Components.QuestionsAndAnswers">
      <metrics statements="73" coveredstatements="40" conditionals="18" coveredconditionals="2" methods="34" coveredmethods="6"/>
      <file name="AskForm.jsx" path="/Users/daniel/Code/Hack_Reactor/FEC/project-catwalk/src/Components/QuestionsAndAnswers/AskForm.jsx">
        <metrics statements="6" coveredstatements="4" conditionals="2" coveredconditionals="1" methods="3" coveredmethods="1"/>
        <line num="7" count="1" type="stmt"/>
        <line num="8" count="1" type="stmt"/>
        <line num="10" count="1" type="stmt"/>
        <line num="14" count="0" type="stmt"/>
        <line num="22" count="0" type="stmt"/>
        <line num="30" count="8" type="stmt"/>
      </file>
      <file name="ExpandButton.jsx" path="/Users/daniel/Code/Hack_Reactor/FEC/project-catwalk/src/Components/QuestionsAndAnswers/ExpandButton.jsx">
        <metrics statements="2" coveredstatements="1" conditionals="4" coveredconditionals="0" methods="1" coveredmethods="0"/>
        <line num="11" count="0" type="stmt"/>
        <line num="23" count="8" type="stmt"/>
      </file>
      <file name="QuestionsList.jsx" path="/Users/daniel/Code/Hack_Reactor/FEC/project-catwalk/src/Components/QuestionsAndAnswers/QuestionsList.jsx">
        <metrics statements="10" coveredstatements="7" conditionals="2" coveredconditionals="1" methods="5" coveredmethods="1"/>
        <line num="10" count="8" type="stmt"/>
        <line num="16" count="8" type="stmt"/>
        <line num="24" count="3" type="stmt"/>
        <line num="25" count="3" type="stmt"/>
        <line num="26" count="0" type="stmt"/>
        <line num="28" count="3" type="stmt"/>
        <line num="29" count="0" type="stmt"/>
        <line num="32" count="3" type="stmt"/>
        <line num="37" count="0" type="stmt"/>
        <line num="71" count="8" type="stmt"/>
      </file>
      <file name="QuestionsListItem.jsx" path="/Users/daniel/Code/Hack_Reactor/FEC/project-catwalk/src/Components/QuestionsAndAnswers/QuestionsListItem.jsx">
        <metrics statements="20" coveredstatements="10" conditionals="10" coveredconditionals="0" methods="7" coveredmethods="0"/>
        <line num="8" count="8" type="stmt"/>
        <line num="12" count="8" type="stmt"/>
        <line num="16" count="8" type="stmt"/>
        <line num="21" count="8" type="stmt"/>
        <line num="28" count="8" type="stmt"/>
        <line num="33" count="8" type="stmt"/>
        <line num="41" count="8" type="stmt"/>
        <line num="45" count="8" type="stmt"/>
        <line num="50" count="8" type="stmt"/>
        <line num="67" count="0" type="stmt"/>
        <line num="68" count="0" type="stmt"/>
        <line num="69" count="0" type="stmt"/>
        <line num="71" count="0" type="stmt"/>
        <line num="73" count="0" type="stmt"/>
        <line num="75" count="0" type="stmt"/>
        <line num="78" count="0" type="stmt"/>
        <line num="112" count="0" type="stmt"/>
        <line num="120" count="0" type="stmt"/>
        <line num="131" count="0" type="stmt"/>
        <line num="171" count="8" type="stmt"/>
      </file>
      <file name="SearchForm.jsx" path="/Users/daniel/Code/Hack_Reactor/FEC/project-catwalk/src/Components/QuestionsAndAnswers/SearchForm.jsx">
        <metrics statements="5" coveredstatements="3" conditionals="0" coveredconditionals="0" methods="3" coveredmethods="1"/>
        <line num="5" count="8" type="stmt"/>
        <line num="27" count="1" type="stmt"/>
        <line num="34" count="0" type="stmt"/>
        <line num="38" count="0" type="stmt"/>
        <line num="47" count="8" type="stmt"/>
      </file>
      <file name="index.jsx" path="/Users/daniel/Code/Hack_Reactor/FEC/project-catwalk/src/Components/QuestionsAndAnswers/index.jsx">
        <metrics statements="30" coveredstatements="15" conditionals="0" coveredconditionals="0" methods="15" coveredmethods="3"/>
        <line num="12" count="8" type="stmt"/>
        <line num="17" count="8" type="stmt"/>
        <line num="23" count="8" type="stmt"/>
        <line num="30" count="2" type="stmt"/>
        <line num="31" count="1" type="stmt"/>
        <line num="32" count="1" type="stmt"/>
        <line num="33" count="1" type="stmt"/>
        <line num="34" count="1" type="stmt"/>
        <line num="36" count="1" type="stmt"/>
        <line num="37" count="1" type="stmt"/>
        <line num="46" count="0" type="stmt"/>
        <line num="47" count="0" type="stmt"/>
        <line num="49" count="0" type="stmt"/>
        <line num="51" count="0" type="stmt"/>
        <line num="52" count="0" type="stmt"/>
        <line num="53" count="0" type="stmt"/>
        <line num="54" count="0" type="stmt"/>
        <line num="55" count="0" type="stmt"/>
        <line num="56" count="0" type="stmt"/>
        <line num="57" count="0" type="stmt"/>
        <line num="58" count="0" type="stmt"/>
        <line num="72" count="0" type="stmt"/>
        <line num="74" count="0" type="stmt"/>
        <line num="77" count="1" type="stmt"/>
        <line num="78" count="1" type="stmt"/>
        <line num="81" count="1" type="stmt"/>
        <line num="82" count="0" type="stmt"/>
        <line num="85" count="1" type="stmt"/>
        <line num="86" count="0" type="stmt"/>
        <line num="89" count="1" type="stmt"/>
      </file>
    </package>
    <package name="src.Components.RatingsAndReviews">
      <metrics statements="82" coveredstatements="61" conditionals="12" coveredconditionals="5" methods="33" coveredmethods="13"/>
      <file name="Breakdown.jsx" path="/Users/daniel/Code/Hack_Reactor/FEC/project-catwalk/src/Components/RatingsAndReviews/Breakdown.jsx">
        <metrics statements="16" coveredstatements="12" conditionals="4" coveredconditionals="1" methods="8" coveredmethods="3"/>
        <line num="9" count="8" type="stmt"/>
        <line num="14" count="8" type="stmt"/>
        <line num="32" count="8" type="stmt"/>
        <line num="39" count="2" type="stmt"/>
        <line num="40" count="1" type="stmt"/>
        <line num="45" count="1" type="stmt"/>
        <line num="46" count="1" type="stmt"/>
        <line num="47" count="0" type="stmt"/>
        <line num="48" count="0" type="stmt"/>
        <line num="49" count="0" type="cond" truecount="0" falsecount="2"/>
        <line num="52" count="1" type="stmt"/>
        <line num="54" count="1" type="stmt"/>
        <line num="58" count="5" type="stmt"/>
        <line num="63" count="0" type="stmt"/>
        <line num="79" count="5" type="stmt"/>
        <line num="98" count="8" type="stmt"/>
      </file>
      <file name="CharacteristicBar.jsx" path="/Users/daniel/Code/Hack_Reactor/FEC/project-catwalk/src/Components/RatingsAndReviews/CharacteristicBar.jsx">
        <metrics statements="6" coveredstatements="3" conditionals="0" coveredconditionals="0" methods="2" coveredmethods="0"/>
        <line num="5" count="8" type="stmt"/>
        <line num="14" count="8" type="stmt"/>
        <line num="34" count="0" type="stmt"/>
        <line num="35" count="0" type="stmt"/>
        <line num="40" count="0" type="stmt"/>
        <line num="46" count="8" type="stmt"/>
      </file>
      <file name="Characteristics.jsx" path="/Users/daniel/Code/Hack_Reactor/FEC/project-catwalk/src/Components/RatingsAndReviews/Characteristics.jsx">
        <metrics statements="4" coveredstatements="3" conditionals="0" coveredconditionals="0" methods="2" coveredmethods="1"/>
        <line num="8" count="1" type="stmt"/>
        <line num="9" count="1" type="stmt"/>
        <line num="11" count="1" type="stmt"/>
        <line num="13" count="0" type="stmt"/>
      </file>
      <file name="PercentRecommended.jsx" path="/Users/daniel/Code/Hack_Reactor/FEC/project-catwalk/src/Components/RatingsAndReviews/PercentRecommended.jsx">
        <metrics statements="6" coveredstatements="6" conditionals="0" coveredconditionals="0" methods="1" coveredmethods="1"/>
        <line num="6" count="8" type="stmt"/>
        <line num="11" count="1" type="stmt"/>
        <line num="12" count="1" type="stmt"/>
        <line num="13" count="1" type="stmt"/>
        <line num="14" count="1" type="stmt"/>
        <line num="15" count="1" type="stmt"/>
      </file>
      <file name="RatingSummary.jsx" path="/Users/daniel/Code/Hack_Reactor/FEC/project-catwalk/src/Components/RatingsAndReviews/RatingSummary.jsx">
        <metrics statements="5" coveredstatements="5" conditionals="0" coveredconditionals="0" methods="1" coveredmethods="1"/>
        <line num="6" count="8" type="stmt"/>
        <line num="10" count="8" type="stmt"/>
        <line num="14" count="8" type="stmt"/>
        <line num="19" count="1" type="stmt"/>
        <line num="20" count="1" type="stmt"/>
      </file>
      <file name="RatingsBreakdown.jsx" path="/Users/daniel/Code/Hack_Reactor/FEC/project-catwalk/src/Components/RatingsAndReviews/RatingsBreakdown.jsx">
        <metrics statements="1" coveredstatements="1" conditionals="0" coveredconditionals="0" methods="1" coveredmethods="1"/>
        <line num="9" count="2" type="stmt"/>
      </file>
      <file name="ReviewTile.jsx" path="/Users/daniel/Code/Hack_Reactor/FEC/project-catwalk/src/Components/RatingsAndReviews/ReviewTile.jsx">
        <metrics statements="7" coveredstatements="5" conditionals="0" coveredconditionals="0" methods="1" coveredmethods="0"/>
        <line num="9" count="8" type="stmt"/>
        <line num="14" count="8" type="stmt"/>
        <line num="21" count="8" type="stmt"/>
        <line num="29" count="0" type="stmt"/>
        <line num="31" count="0" type="stmt"/>
        <line num="57" count="8" type="stmt"/>
        <line num="75" count="8" type="stmt"/>
      </file>
      <file name="ReviewsList.jsx" path="/Users/daniel/Code/Hack_Reactor/FEC/project-catwalk/src/Components/RatingsAndReviews/ReviewsList.jsx">
        <metrics statements="29" coveredstatements="18" conditionals="8" coveredconditionals="4" methods="15" coveredmethods="4"/>
        <line num="15" count="8" type="stmt"/>
        <line num="22" count="1" type="stmt"/>
        <line num="23" count="1" type="stmt"/>
        <line num="24" count="1" type="stmt"/>
        <line num="25" count="1" type="stmt"/>
        <line num="26" count="1" type="stmt"/>
        <line num="27" count="1" type="stmt"/>
        <line num="28" count="1" type="stmt"/>
        <line num="30" count="1" type="stmt"/>
        <line num="31" count="1" type="cond" truecount="1" falsecount="1"/>
        <line num="32" count="0" type="stmt"/>
        <line num="35" count="1" type="stmt"/>
        <line num="36" count="0" type="stmt"/>
        <line num="39" count="1" type="stmt"/>
        <line num="40" count="1" type="stmt"/>
        <line num="50" count="0" type="stmt"/>
        <line num="53" count="0" type="stmt"/>
        <line num="57" count="1" type="stmt"/>
        <line num="58" count="0" type="stmt"/>
        <line num="59" count="0" type="stmt"/>
        <line num="62" count="1" type="stmt"/>
        <line num="63" count="0" type="stmt"/>
        <line num="66" count="1" type="stmt"/>
        <line num="67" count="1" type="stmt"/>
        <line num="71" count="1" type="stmt"/>
        <line num="89" count="0" type="stmt"/>
        <line num="102" count="0" type="stmt"/>
        <line num="103" count="0" type="stmt"/>
        <line num="104" count="0" type="cond" truecount="1" falsecount="1"/>
      </file>
      <file name="index.jsx" path="/Users/daniel/Code/Hack_Reactor/FEC/project-catwalk/src/Components/RatingsAndReviews/index.jsx">
        <metrics statements="8" coveredstatements="8" conditionals="0" coveredconditionals="0" methods="2" coveredmethods="2"/>
        <line num="11" count="8" type="stmt"/>
        <line num="20" count="8" type="stmt"/>
        <line num="26" count="8" type="stmt"/>
        <line num="31" count="8" type="stmt"/>
        <line num="36" count="8" type="stmt"/>
        <line num="39" count="2" type="stmt"/>
        <line num="40" count="1" type="stmt"/>
        <line num="42" count="1" type="stmt"/>
      </file>
    </package>
    <package name="src.Components.RelatedItemsAndComparisons">
      <metrics statements="116" coveredstatements="58" conditionals="56" coveredconditionals="16" methods="49" coveredmethods="12"/>
      <file name="CompareModal.jsx" path="/Users/daniel/Code/Hack_Reactor/FEC/project-catwalk/src/Components/RelatedItemsAndComparisons/CompareModal.jsx">
        <metrics statements="27" coveredstatements="13" conditionals="8" coveredconditionals="2" methods="13" coveredmethods="3"/>
        <line num="9" count="1" type="stmt"/>
        <line num="10" count="1" type="stmt"/>
        <line num="11" count="1" type="stmt"/>
        <line num="12" count="1" type="stmt"/>
        <line num="15" count="1" type="stmt"/>
        <line num="16" count="1" type="stmt"/>
        <line num="18" count="0" type="stmt"/>
        <line num="19" count="0" type="stmt"/>
        <line num="20" count="0" type="stmt"/>
        <line num="21" count="0" type="stmt"/>
        <line num="22" count="0" type="stmt"/>
        <line num="24" count="0" type="stmt"/>
        <line num="28" count="1" type="stmt"/>
        <line num="29" count="1" type="stmt"/>
        <line num="31" count="0" type="stmt"/>
        <line num="32" count="0" type="stmt"/>
        <line num="33" count="0" type="stmt"/>
        <line num="34" count="0" type="stmt"/>
        <line num="36" count="0" type="stmt"/>
        <line num="40" count="1" type="stmt"/>
        <line num="68" count="1" type="stmt"/>
        <line num="126" count="1" type="cond" truecount="2" falsecount="2"/>
        <line num="127" count="0" type="stmt"/>
        <line num="129" count="0" type="stmt"/>
        <line num="130" count="0" type="stmt"/>
        <line num="176" count="1" type="stmt"/>
        <line num="180" count="9" type="stmt"/>
      </file>
      <file name="ListBehavior.jsx" path="/Users/daniel/Code/Hack_Reactor/FEC/project-catwalk/src/Components/RelatedItemsAndComparisons/ListBehavior.jsx">
        <metrics statements="29" coveredstatements="12" conditionals="30" coveredconditionals="6" methods="8" coveredmethods="1"/>
        <line num="12" count="5" type="stmt"/>
        <line num="13" count="5" type="stmt"/>
        <line num="15" count="5" type="stmt"/>
        <line num="25" count="5" type="stmt"/>
        <line num="33" count="5" type="stmt"/>
        <line num="42" count="5" type="stmt"/>
        <line num="52" count="5" type="stmt"/>
        <line num="65" count="5" type="stmt"/>
        <line num="80" count="3" type="stmt"/>
        <line num="81" count="0" type="cond" truecount="0" falsecount="2"/>
        <line num="82" count="0" type="stmt"/>
        <line num="83" count="0" type="cond" truecount="0" falsecount="2"/>
        <line num="84" count="0" type="stmt"/>
        <line num="87" count="0" type="cond" truecount="0" falsecount="2"/>
        <line num="88" count="0" type="stmt"/>
        <line num="89" count="0" type="cond" truecount="0" falsecount="2"/>
        <line num="90" count="0" type="stmt"/>
        <line num="95" count="3" type="cond" truecount="1" falsecount="1"/>
        <line num="96" count="3" type="stmt"/>
        <line num="104" count="0" type="stmt"/>
        <line num="120" count="0" type="stmt"/>
        <line num="126" count="0" type="stmt"/>
        <line num="133" count="0" type="cond" truecount="0" falsecount="2"/>
        <line num="136" count="0" type="stmt"/>
        <line num="142" count="0" type="stmt"/>
        <line num="157" count="0" type="stmt"/>
        <line num="163" count="0" type="stmt"/>
        <line num="178" count="0" type="stmt"/>
        <line num="186" count="8" type="stmt"/>
      </file>
      <file name="OutfitList.jsx" path="/Users/daniel/Code/Hack_Reactor/FEC/project-catwalk/src/Components/RelatedItemsAndComparisons/OutfitList.jsx">
        <metrics statements="20" coveredstatements="12" conditionals="2" coveredconditionals="1" methods="11" coveredmethods="3"/>
        <line num="11" count="6" type="stmt"/>
        <line num="12" count="3" type="stmt"/>
        <line num="13" count="3" type="stmt"/>
        <line num="14" count="3" type="stmt"/>
        <line num="15" count="3" type="stmt"/>
        <line num="16" count="3" type="stmt"/>
        <line num="18" count="3" type="stmt"/>
        <line num="19" count="0" type="stmt"/>
        <line num="50" count="3" type="stmt"/>
        <line num="51" count="3" type="stmt"/>
        <line num="53" count="0" type="stmt"/>
        <line num="54" count="0" type="stmt"/>
        <line num="55" count="0" type="stmt"/>
        <line num="56" count="0" type="stmt"/>
        <line num="59" count="0" type="stmt"/>
        <line num="64" count="3" type="stmt"/>
        <line num="65" count="3" type="cond" truecount="1" falsecount="1"/>
        <line num="67" count="0" type="stmt"/>
        <line num="68" count="0" type="stmt"/>
        <line num="73" count="3" type="stmt"/>
      </file>
      <file name="RelatedProductCards.jsx" path="/Users/daniel/Code/Hack_Reactor/FEC/project-catwalk/src/Components/RelatedItemsAndComparisons/RelatedProductCards.jsx">
        <metrics statements="15" coveredstatements="7" conditionals="8" coveredconditionals="1" methods="4" coveredmethods="1"/>
        <line num="8" count="8" type="stmt"/>
        <line num="63" count="8" type="stmt"/>
        <line num="84" count="8" type="stmt"/>
        <line num="94" count="4" type="stmt"/>
        <line num="96" count="4" type="cond" truecount="1" falsecount="1"/>
        <line num="97" count="4" type="stmt"/>
        <line num="120" count="0" type="stmt"/>
        <line num="135" count="0" type="stmt"/>
        <line num="136" count="0" type="stmt"/>
        <line num="137" count="0" type="stmt"/>
        <line num="138" count="0" type="stmt"/>
        <line num="148" count="0" type="stmt"/>
        <line num="149" count="0" type="stmt"/>
        <line num="155" count="0" type="stmt"/>
        <line num="186" count="8" type="stmt"/>
      </file>
      <file name="RelatedProductsList.jsx" path="/Users/daniel/Code/Hack_Reactor/FEC/project-catwalk/src/Components/RelatedItemsAndComparisons/RelatedProductsList.jsx">
        <metrics statements="22" coveredstatements="11" conditionals="8" coveredconditionals="6" methods="12" coveredmethods="3"/>
        <line num="11" count="3" type="stmt"/>
        <line num="12" count="3" type="stmt"/>
        <line num="13" count="3" type="stmt"/>
        <line num="14" count="3" type="stmt"/>
        <line num="16" count="3" type="stmt"/>
        <line num="17" count="3" type="stmt"/>
        <line num="19" count="0" type="stmt"/>
        <line num="22" count="0" type="stmt"/>
        <line num="26" count="3" type="stmt"/>
        <line num="27" count="3" type="cond" truecount="3" falsecount="1"/>
        <line num="28" count="0" type="stmt"/>
        <line num="29" count="0" type="stmt"/>
        <line num="31" count="3" type="stmt"/>
        <line num="32" count="0" type="stmt"/>
        <line num="34" count="0" type="stmt"/>
        <line num="35" count="0" type="stmt"/>
        <line num="37" count="0" type="stmt"/>
        <line num="40" count="0" type="stmt"/>
        <line num="44" count="0" type="stmt"/>
        <line num="49" count="3" type="cond" truecount="3" falsecount="1"/>
        <line num="50" count="0" type="stmt"/>
        <line num="58" count="3" type="stmt"/>
      </file>
      <file name="index.jsx" path="/Users/daniel/Code/Hack_Reactor/FEC/project-catwalk/src/Components/RelatedItemsAndComparisons/index.jsx">
        <metrics statements="3" coveredstatements="3" conditionals="0" coveredconditionals="0" methods="1" coveredmethods="1"/>
        <line num="7" count="8" type="stmt"/>
        <line num="13" count="8" type="stmt"/>
        <line num="18" count="4" type="stmt"/>
      </file>
    </package>
    <package name="src.Components.RelatedItemsAndComparisons.other_test_data">
      <metrics statements="5" coveredstatements="0" conditionals="0" coveredconditionals="0" methods="0" coveredmethods="0"/>
      <file name="othertestdata.js" path="/Users/daniel/Code/Hack_Reactor/FEC/project-catwalk/src/Components/RelatedItemsAndComparisons/other_test_data/othertestdata.js">
        <metrics statements="5" coveredstatements="0" conditionals="0" coveredconditionals="0" methods="0" coveredmethods="0"/>
        <line num="1" count="0" type="stmt"/>
        <line num="59" count="0" type="stmt"/>
        <line num="82" count="0" type="stmt"/>
        <line num="442" count="0" type="stmt"/>
        <line num="449" count="0" type="stmt"/>
      </file>
    </package>
    <package name="src.HOC">
      <metrics statements="15" coveredstatements="6" conditionals="3" coveredconditionals="0" methods="5" coveredmethods="2"/>
      <file name="withAnalytics.jsx" path="/Users/daniel/Code/Hack_Reactor/FEC/project-catwalk/src/HOC/withAnalytics.jsx">
        <metrics statements="15" coveredstatements="6" conditionals="3" coveredconditionals="0" methods="5" coveredmethods="2"/>
        <line num="6" count="8" type="stmt"/>
        <line num="8" count="8" type="stmt"/>
        <line num="9" count="0" type="stmt"/>
        <line num="12" count="8" type="cond" truecount="0" falsecount="1"/>
        <line num="13" count="0" type="stmt"/>
        <line num="15" count="0" type="stmt"/>
        <line num="16" count="0" type="stmt"/>
        <line num="17" count="0" type="cond" truecount="0" falsecount="2"/>
        <line num="18" count="0" type="stmt"/>
        <line num="20" count="0" type="stmt"/>
        <line num="23" count="0" type="stmt"/>
        <line num="26" count="24" type="stmt"/>
        <line num="27" count="8" type="stmt"/>
        <line num="29" count="4" type="stmt"/>
        <line num="34" count="0" type="stmt"/>
      </file>
    </package>
    <package name="src.util">
      <metrics statements="15" coveredstatements="2" conditionals="2" coveredconditionals="0" methods="4" coveredmethods="0"/>
      <file name="util.js" path="/Users/daniel/Code/Hack_Reactor/FEC/project-catwalk/src/util/util.js">
        <metrics statements="15" coveredstatements="2" conditionals="2" coveredconditionals="0" methods="4" coveredmethods="0"/>
        <line num="3" count="8" type="stmt"/>
        <line num="6" count="0" type="stmt"/>
        <line num="7" count="0" type="stmt"/>
        <line num="8" count="0" type="stmt"/>
        <line num="9" count="0" type="stmt"/>
        <line num="10" count="0" type="stmt"/>
        <line num="11" count="0" type="stmt"/>
        <line num="14" count="8" type="stmt"/>
        <line num="15" count="0" type="stmt"/>
        <line num="16" count="0" type="stmt"/>
        <line num="17" count="0" type="stmt"/>
        <line num="18" count="0" type="stmt"/>
        <line num="19" count="0" type="stmt"/>
        <line num="20" count="0" type="cond" truecount="0" falsecount="2"/>
        <line num="21" count="0" type="stmt"/>
      </file>
    </package>
  </project>
</coverage>
