{"/Users/daniel/Code/Hack_Reactor/FEC/project-catwalk/src/App.jsx": {"path":"/Users/daniel/Code/Hack_Reactor/FEC/project-catwalk/src/App.jsx","statementMap":{"0":{"start":{"line":15,"column":20},"end":{"line":60,"column":1}},"1":{"start":{"line":62,"column":17},"end":{"line":77,"column":1}},"2":{"start":{"line":79,"column":15},"end":{"line":79,"column":85}},"3":{"start":{"line":80,"column":20},"end":{"line":80,"column":57}},"4":{"start":{"line":82,"column":29},"end":{"line":82,"column":45}},"5":{"start":{"line":87,"column":40},"end":{"line":94,"column":4}},"6":{"start":{"line":97,"column":28},"end":{"line":97,"column":49}},"7":{"start":{"line":99,"column":36},"end":{"line":99,"column":66}},"8":{"start":{"line":101,"column":2},"end":{"line":119,"column":18}},"9":{"start":{"line":102,"column":4},"end":{"line":117,"column":9}},"10":{"start":{"line":104,"column":58},"end":{"line":104,"column":66}},"11":{"start":{"line":105,"column":67},"end":{"line":105,"column":102}},"12":{"start":{"line":106,"column":8},"end":{"line":113,"column":11}},"13":{"start":{"line":116,"column":8},"end":{"line":116,"column":24}},"14":{"start":{"line":121,"column":2},"end":{"line":138,"column":4}}},"fnMap":{"0":{"name":"App","decl":{"start":{"line":84,"column":9},"end":{"line":84,"column":12}},"loc":{"start":{"line":84,"column":15},"end":{"line":139,"column":1}},"line":84},"1":{"name":"(anonymous_1)","decl":{"start":{"line":101,"column":18},"end":{"line":101,"column":19}},"loc":{"start":{"line":101,"column":24},"end":{"line":119,"column":3}},"line":101},"2":{"name":"(anonymous_2)","decl":{"start":{"line":103,"column":12},"end":{"line":103,"column":13}},"loc":{"start":{"line":103,"column":21},"end":{"line":114,"column":7}},"line":103},"3":{"name":"(anonymous_3)","decl":{"start":{"line":115,"column":13},"end":{"line":115,"column":14}},"loc":{"start":{"line":116,"column":8},"end":{"line":116,"column":24}},"line":116}},"branchMap":{},"s":{"0":4,"1":4,"2":4,"3":4,"4":4,"5":2,"6":1,"7":1,"8":1,"9":1,"10":0,"11":0,"12":0,"13":0,"14":1},"f":{"0":2,"1":1,"2":0,"3":0},"b":{},"_coverageSchema":"1a1c01bbd47fc00a2c39e90264f33305004495a9","hash":"f5c3fddb9b5474afc44301c1504928e141d972fe"}
,"/Users/daniel/Code/Hack_Reactor/FEC/project-catwalk/src/index.jsx": {"path":"/Users/daniel/Code/Hack_Reactor/FEC/project-catwalk/src/index.jsx","statementMap":{"0":{"start":{"line":7,"column":0},"end":{"line":7,"column":58}}},"fnMap":{},"branchMap":{},"s":{"0":0},"f":{},"b":{}}
,"/Users/daniel/Code/Hack_Reactor/FEC/project-catwalk/src/styles.js": {"path":"/Users/daniel/Code/Hack_Reactor/FEC/project-catwalk/src/styles.js","statementMap":{"0":{"start":{"line":3,"column":15},"end":{"line":8,"column":1}},"1":{"start":{"line":10,"column":15},"end":{"line":27,"column":1}},"2":{"start":{"line":30,"column":0},"end":{"line":33,"column":2}}},"fnMap":{},"branchMap":{},"s":{"0":4,"1":4,"2":4},"f":{},"b":{},"_coverageSchema":"1a1c01bbd47fc00a2c39e90264f33305004495a9","hash":"9351da25c7402a77dcb0df9a3597d3e028b07fb1"}
,"/Users/daniel/Code/Hack_Reactor/FEC/project-catwalk/src/Components/FiveStar.jsx": {"path":"/Users/daniel/Code/Hack_Reactor/FEC/project-catwalk/src/Components/FiveStar.jsx","statementMap":{"0":{"start":{"line":5,"column":13},"end":{"line":21,"column":1}},"1":{"start":{"line":23,"column":25},"end":{"line":27,"column":1}},"2":{"start":{"line":29,"column":17},"end":{"line":33,"column":1}},"3":{"start":{"line":35,"column":20},"end":{"line":39,"column":1}},"4":{"start":{"line":41,"column":18},"end":{"line":45,"column":1}},"5":{"start":{"line":55,"column":23},"end":{"line":55,"column":29}},"6":{"start":{"line":56,"column":16},"end":{"line":56,"column":18}},"7":{"start":{"line":58,"column":2},"end":{"line":72,"column":3}},"8":{"start":{"line":59,"column":4},"end":{"line":71,"column":5}},"9":{"start":{"line":60,"column":6},"end":{"line":60,"column":79}},"10":{"start":{"line":61,"column":6},"end":{"line":61,"column":26}},"11":{"start":{"line":62,"column":11},"end":{"line":71,"column":5}},"12":{"start":{"line":63,"column":6},"end":{"line":63,"column":90}},"13":{"start":{"line":64,"column":6},"end":{"line":64,"column":29}},"14":{"start":{"line":65,"column":11},"end":{"line":71,"column":5}},"15":{"start":{"line":66,"column":6},"end":{"line":66,"column":82}},"16":{"start":{"line":67,"column":6},"end":{"line":67,"column":28}},"17":{"start":{"line":69,"column":6},"end":{"line":69,"column":85}},"18":{"start":{"line":70,"column":6},"end":{"line":70,"column":29}},"19":{"start":{"line":74,"column":2},"end":{"line":76,"column":3}},"20":{"start":{"line":75,"column":4},"end":{"line":75,"column":83}},"21":{"start":{"line":78,"column":2},"end":{"line":82,"column":4}},"22":{"start":{"line":85,"column":0},"end":{"line":87,"column":2}}},"fnMap":{"0":{"name":"FiveStar","decl":{"start":{"line":47,"column":9},"end":{"line":47,"column":17}},"loc":{"start":{"line":47,"column":30},"end":{"line":83,"column":1}},"line":47}},"branchMap":{"0":{"loc":{"start":{"line":59,"column":4},"end":{"line":71,"column":5}},"type":"if","locations":[{"start":{"line":59,"column":4},"end":{"line":71,"column":5}},{"start":{"line":62,"column":11},"end":{"line":71,"column":5}}],"line":59},"1":{"loc":{"start":{"line":62,"column":11},"end":{"line":71,"column":5}},"type":"if","locations":[{"start":{"line":62,"column":11},"end":{"line":71,"column":5}},{"start":{"line":65,"column":11},"end":{"line":71,"column":5}}],"line":62},"2":{"loc":{"start":{"line":65,"column":11},"end":{"line":71,"column":5}},"type":"if","locations":[{"start":{"line":65,"column":11},"end":{"line":71,"column":5}},{"start":{"line":68,"column":11},"end":{"line":71,"column":5}}],"line":65}},"s":{"0":5,"1":5,"2":5,"3":5,"4":5,"5":3,"6":3,"7":3,"8":4,"9":3,"10":3,"11":1,"12":0,"13":0,"14":1,"15":1,"16":1,"17":0,"18":0,"19":3,"20":11,"21":3,"22":5},"f":{"0":3},"b":{"0":[3,1],"1":[0,1],"2":[1,0]},"_coverageSchema":"1a1c01bbd47fc00a2c39e90264f33305004495a9","hash":"ead26a6829e406a3cb3324b44add929265de7c3a"}
,"/Users/daniel/Code/Hack_Reactor/FEC/project-catwalk/src/Components/HelpfulOrReport.jsx": {"path":"/Users/daniel/Code/Hack_Reactor/FEC/project-catwalk/src/Components/HelpfulOrReport.jsx","statementMap":{"0":{"start":{"line":7,"column":2},"end":{"line":10,"column":5}},"1":{"start":{"line":14,"column":18},"end":{"line":18,"column":3}},"2":{"start":{"line":20,"column":2},"end":{"line":35,"column":4}},"3":{"start":{"line":25,"column":8},"end":{"line":31,"column":13}},"4":{"start":{"line":27,"column":12},"end":{"line":27,"column":28}},"5":{"start":{"line":30,"column":12},"end":{"line":30,"column":29}},"6":{"start":{"line":38,"column":0},"end":{"line":42,"column":2}},"7":{"start":{"line":45,"column":18},"end":{"line":49,"column":3}},"8":{"start":{"line":51,"column":2},"end":{"line":66,"column":4}},"9":{"start":{"line":56,"column":8},"end":{"line":62,"column":13}},"10":{"start":{"line":58,"column":12},"end":{"line":58,"column":28}},"11":{"start":{"line":61,"column":12},"end":{"line":61,"column":29}},"12":{"start":{"line":69,"column":0},"end":{"line":73,"column":2}}},"fnMap":{"0":{"name":"helpfulOrReport","decl":{"start":{"line":5,"column":9},"end":{"line":5,"column":24}},"loc":{"start":{"line":5,"column":45},"end":{"line":11,"column":1}},"line":5},"1":{"name":"Helpful","decl":{"start":{"line":13,"column":9},"end":{"line":13,"column":16}},"loc":{"start":{"line":13,"column":46},"end":{"line":36,"column":1}},"line":13},"2":{"name":"(anonymous_2)","decl":{"start":{"line":24,"column":15},"end":{"line":24,"column":16}},"loc":{"start":{"line":24,"column":21},"end":{"line":32,"column":7}},"line":24},"3":{"name":"(anonymous_3)","decl":{"start":{"line":26,"column":16},"end":{"line":26,"column":17}},"loc":{"start":{"line":26,"column":25},"end":{"line":28,"column":11}},"line":26},"4":{"name":"(anonymous_4)","decl":{"start":{"line":29,"column":17},"end":{"line":29,"column":18}},"loc":{"start":{"line":29,"column":26},"end":{"line":31,"column":11}},"line":29},"5":{"name":"Report","decl":{"start":{"line":44,"column":9},"end":{"line":44,"column":15}},"loc":{"start":{"line":44,"column":45},"end":{"line":67,"column":1}},"line":44},"6":{"name":"(anonymous_6)","decl":{"start":{"line":55,"column":15},"end":{"line":55,"column":16}},"loc":{"start":{"line":55,"column":21},"end":{"line":63,"column":7}},"line":55},"7":{"name":"(anonymous_7)","decl":{"start":{"line":57,"column":16},"end":{"line":57,"column":17}},"loc":{"start":{"line":57,"column":25},"end":{"line":59,"column":11}},"line":57},"8":{"name":"(anonymous_8)","decl":{"start":{"line":60,"column":17},"end":{"line":60,"column":18}},"loc":{"start":{"line":60,"column":26},"end":{"line":62,"column":11}},"line":60}},"branchMap":{},"s":{"0":0,"1":0,"2":0,"3":0,"4":0,"5":0,"6":4,"7":0,"8":0,"9":0,"10":0,"11":0,"12":4},"f":{"0":0,"1":0,"2":0,"3":0,"4":0,"5":0,"6":0,"7":0,"8":0},"b":{},"_coverageSchema":"1a1c01bbd47fc00a2c39e90264f33305004495a9","hash":"2caaab2d24069d1107beaf730b9ea8de9b190e8e"}
,"/Users/daniel/Code/Hack_Reactor/FEC/project-catwalk/src/Components/QuestionModal.jsx": {"path":"/Users/daniel/Code/Hack_Reactor/FEC/project-catwalk/src/Components/QuestionModal.jsx","statementMap":{"0":{"start":{"line":9,"column":18},"end":{"line":9,"column":55}},"1":{"start":{"line":12,"column":14},"end":{"line":22,"column":1}},"2":{"start":{"line":23,"column":19},"end":{"line":31,"column":1}},"3":{"start":{"line":32,"column":13},"end":{"line":44,"column":1}},"4":{"start":{"line":45,"column":18},"end":{"line":56,"column":1}},"5":{"start":{"line":57,"column":20},"end":{"line":62,"column":1}},"6":{"start":{"line":63,"column":23},"end":{"line":68,"column":1}},"7":{"start":{"line":69,"column":18},"end":{"line":73,"column":1}},"8":{"start":{"line":74,"column":13},"end":{"line":79,"column":1}},"9":{"start":{"line":82,"column":32},"end":{"line":87,"column":4}},"10":{"start":{"line":89,"column":21},"end":{"line":102,"column":3}},"11":{"start":{"line":90,"column":4},"end":{"line":101,"column":9}},"12":{"start":{"line":96,"column":8},"end":{"line":96,"column":20}},"13":{"start":{"line":99,"column":8},"end":{"line":99,"column":35}},"14":{"start":{"line":100,"column":8},"end":{"line":100,"column":25}},"15":{"start":{"line":105,"column":4},"end":{"line":144,"column":12}},"16":{"start":{"line":107,"column":29},"end":{"line":107,"column":42}},"17":{"start":{"line":114,"column":29},"end":{"line":114,"column":80}},"18":{"start":{"line":114,"column":48},"end":{"line":114,"column":78}},"19":{"start":{"line":124,"column":29},"end":{"line":124,"column":81}},"20":{"start":{"line":124,"column":48},"end":{"line":124,"column":79}},"21":{"start":{"line":136,"column":29},"end":{"line":136,"column":80}},"22":{"start":{"line":136,"column":48},"end":{"line":136,"column":78}},"23":{"start":{"line":147,"column":2},"end":{"line":147,"column":48}},"24":{"start":{"line":150,"column":0},"end":{"line":153,"column":2}}},"fnMap":{"0":{"name":"QuestionModal","decl":{"start":{"line":81,"column":9},"end":{"line":81,"column":22}},"loc":{"start":{"line":81,"column":49},"end":{"line":148,"column":1}},"line":81},"1":{"name":"(anonymous_1)","decl":{"start":{"line":89,"column":21},"end":{"line":89,"column":22}},"loc":{"start":{"line":89,"column":27},"end":{"line":102,"column":3}},"line":89},"2":{"name":"(anonymous_2)","decl":{"start":{"line":95,"column":12},"end":{"line":95,"column":13}},"loc":{"start":{"line":95,"column":21},"end":{"line":97,"column":7}},"line":95},"3":{"name":"(anonymous_3)","decl":{"start":{"line":98,"column":13},"end":{"line":98,"column":14}},"loc":{"start":{"line":98,"column":22},"end":{"line":101,"column":7}},"line":98},"4":{"name":"(anonymous_4)","decl":{"start":{"line":107,"column":22},"end":{"line":107,"column":23}},"loc":{"start":{"line":107,"column":29},"end":{"line":107,"column":42}},"line":107},"5":{"name":"(anonymous_5)","decl":{"start":{"line":114,"column":22},"end":{"line":114,"column":23}},"loc":{"start":{"line":114,"column":29},"end":{"line":114,"column":80}},"line":114},"6":{"name":"(anonymous_6)","decl":{"start":{"line":114,"column":40},"end":{"line":114,"column":41}},"loc":{"start":{"line":114,"column":48},"end":{"line":114,"column":78}},"line":114},"7":{"name":"(anonymous_7)","decl":{"start":{"line":124,"column":22},"end":{"line":124,"column":23}},"loc":{"start":{"line":124,"column":29},"end":{"line":124,"column":81}},"line":124},"8":{"name":"(anonymous_8)","decl":{"start":{"line":124,"column":40},"end":{"line":124,"column":41}},"loc":{"start":{"line":124,"column":48},"end":{"line":124,"column":79}},"line":124},"9":{"name":"(anonymous_9)","decl":{"start":{"line":136,"column":22},"end":{"line":136,"column":23}},"loc":{"start":{"line":136,"column":29},"end":{"line":136,"column":80}},"line":136},"10":{"name":"(anonymous_10)","decl":{"start":{"line":136,"column":40},"end":{"line":136,"column":41}},"loc":{"start":{"line":136,"column":48},"end":{"line":136,"column":78}},"line":136}},"branchMap":{},"s":{"0":4,"1":4,"2":4,"3":4,"4":4,"5":4,"6":4,"7":4,"8":4,"9":0,"10":0,"11":0,"12":0,"13":0,"14":0,"15":0,"16":0,"17":0,"18":0,"19":0,"20":0,"21":0,"22":0,"23":0,"24":4},"f":{"0":0,"1":0,"2":0,"3":0,"4":0,"5":0,"6":0,"7":0,"8":0,"9":0,"10":0},"b":{},"_coverageSchema":"1a1c01bbd47fc00a2c39e90264f33305004495a9","hash":"9eb08691e7625cc69f2ceb1e4cd37fb0b521a8c2"}
,"/Users/daniel/Code/Hack_Reactor/FEC/project-catwalk/src/Components/ReviewModal.jsx": {"path":"/Users/daniel/Code/Hack_Reactor/FEC/project-catwalk/src/Components/ReviewModal.jsx","statementMap":{"0":{"start":{"line":9,"column":18},"end":{"line":9,"column":55}},"1":{"start":{"line":12,"column":14},"end":{"line":22,"column":1}},"2":{"start":{"line":23,"column":19},"end":{"line":31,"column":1}},"3":{"start":{"line":32,"column":13},"end":{"line":44,"column":1}},"4":{"start":{"line":45,"column":18},"end":{"line":56,"column":1}},"5":{"start":{"line":57,"column":20},"end":{"line":62,"column":1}},"6":{"start":{"line":63,"column":23},"end":{"line":68,"column":1}},"7":{"start":{"line":69,"column":18},"end":{"line":73,"column":1}},"8":{"start":{"line":74,"column":13},"end":{"line":79,"column":1}},"9":{"start":{"line":82,"column":2},"end":{"line":82,"column":34}},"10":{"start":{"line":83,"column":36},"end":{"line":83,"column":47}},"11":{"start":{"line":85,"column":30},"end":{"line":92,"column":3}},"12":{"start":{"line":94,"column":2},"end":{"line":124,"column":4}},"13":{"start":{"line":104,"column":8},"end":{"line":104,"column":45}},"14":{"start":{"line":105,"column":8},"end":{"line":105,"column":82}},"15":{"start":{"line":105,"column":41},"end":{"line":105,"column":79}},"16":{"start":{"line":109,"column":10},"end":{"line":115,"column":12}},"17":{"start":{"line":128,"column":30},"end":{"line":128,"column":67}},"18":{"start":{"line":129,"column":32},"end":{"line":138,"column":4}},"19":{"start":{"line":139,"column":60},"end":{"line":139,"column":72}},"20":{"start":{"line":141,"column":21},"end":{"line":155,"column":3}},"21":{"start":{"line":142,"column":4},"end":{"line":142,"column":23}},"22":{"start":{"line":143,"column":4},"end":{"line":154,"column":9}},"23":{"start":{"line":149,"column":8},"end":{"line":149,"column":20}},"24":{"start":{"line":152,"column":8},"end":{"line":152,"column":35}},"25":{"start":{"line":153,"column":8},"end":{"line":153,"column":25}},"26":{"start":{"line":158,"column":4},"end":{"line":246,"column":12}},"27":{"start":{"line":160,"column":29},"end":{"line":160,"column":42}},"28":{"start":{"line":167,"column":29},"end":{"line":167,"column":80}},"29":{"start":{"line":167,"column":48},"end":{"line":167,"column":78}},"30":{"start":{"line":177,"column":29},"end":{"line":177,"column":81}},"31":{"start":{"line":177,"column":48},"end":{"line":177,"column":79}},"32":{"start":{"line":187,"column":29},"end":{"line":187,"column":83}},"33":{"start":{"line":187,"column":48},"end":{"line":187,"column":81}},"34":{"start":{"line":199,"column":29},"end":{"line":199,"column":80}},"35":{"start":{"line":199,"column":48},"end":{"line":199,"column":78}},"36":{"start":{"line":208,"column":29},"end":{"line":208,"column":90}},"37":{"start":{"line":208,"column":48},"end":{"line":208,"column":88}},"38":{"start":{"line":215,"column":16},"end":{"line":215,"column":106}},"39":{"start":{"line":221,"column":32},"end":{"line":221,"column":98}},"40":{"start":{"line":221,"column":51},"end":{"line":221,"column":96}},"41":{"start":{"line":249,"column":2},"end":{"line":249,"column":48}},"42":{"start":{"line":252,"column":0},"end":{"line":255,"column":2}}},"fnMap":{"0":{"name":"CharacteristicFormatter","decl":{"start":{"line":81,"column":9},"end":{"line":81,"column":32}},"loc":{"start":{"line":81,"column":79},"end":{"line":125,"column":1}},"line":81},"1":{"name":"(anonymous_1)","decl":{"start":{"line":103,"column":27},"end":{"line":103,"column":28}},"loc":{"start":{"line":103,"column":34},"end":{"line":106,"column":7}},"line":103},"2":{"name":"(anonymous_2)","decl":{"start":{"line":105,"column":33},"end":{"line":105,"column":34}},"loc":{"start":{"line":105,"column":41},"end":{"line":105,"column":79}},"line":105},"3":{"name":"(anonymous_3)","decl":{"start":{"line":108,"column":49},"end":{"line":108,"column":50}},"loc":{"start":{"line":109,"column":10},"end":{"line":115,"column":12}},"line":109},"4":{"name":"ReviewModal","decl":{"start":{"line":127,"column":9},"end":{"line":127,"column":20}},"loc":{"start":{"line":127,"column":40},"end":{"line":250,"column":1}},"line":127},"5":{"name":"(anonymous_5)","decl":{"start":{"line":141,"column":21},"end":{"line":141,"column":22}},"loc":{"start":{"line":141,"column":28},"end":{"line":155,"column":3}},"line":141},"6":{"name":"(anonymous_6)","decl":{"start":{"line":148,"column":12},"end":{"line":148,"column":13}},"loc":{"start":{"line":148,"column":21},"end":{"line":150,"column":7}},"line":148},"7":{"name":"(anonymous_7)","decl":{"start":{"line":151,"column":13},"end":{"line":151,"column":14}},"loc":{"start":{"line":151,"column":22},"end":{"line":154,"column":7}},"line":151},"8":{"name":"(anonymous_8)","decl":{"start":{"line":160,"column":22},"end":{"line":160,"column":23}},"loc":{"start":{"line":160,"column":29},"end":{"line":160,"column":42}},"line":160},"9":{"name":"(anonymous_9)","decl":{"start":{"line":167,"column":22},"end":{"line":167,"column":23}},"loc":{"start":{"line":167,"column":29},"end":{"line":167,"column":80}},"line":167},"10":{"name":"(anonymous_10)","decl":{"start":{"line":167,"column":40},"end":{"line":167,"column":41}},"loc":{"start":{"line":167,"column":48},"end":{"line":167,"column":78}},"line":167},"11":{"name":"(anonymous_11)","decl":{"start":{"line":177,"column":22},"end":{"line":177,"column":23}},"loc":{"start":{"line":177,"column":29},"end":{"line":177,"column":81}},"line":177},"12":{"name":"(anonymous_12)","decl":{"start":{"line":177,"column":40},"end":{"line":177,"column":41}},"loc":{"start":{"line":177,"column":48},"end":{"line":177,"column":79}},"line":177},"13":{"name":"(anonymous_13)","decl":{"start":{"line":187,"column":22},"end":{"line":187,"column":23}},"loc":{"start":{"line":187,"column":29},"end":{"line":187,"column":83}},"line":187},"14":{"name":"(anonymous_14)","decl":{"start":{"line":187,"column":40},"end":{"line":187,"column":41}},"loc":{"start":{"line":187,"column":48},"end":{"line":187,"column":81}},"line":187},"15":{"name":"(anonymous_15)","decl":{"start":{"line":199,"column":22},"end":{"line":199,"column":23}},"loc":{"start":{"line":199,"column":29},"end":{"line":199,"column":80}},"line":199},"16":{"name":"(anonymous_16)","decl":{"start":{"line":199,"column":40},"end":{"line":199,"column":41}},"loc":{"start":{"line":199,"column":48},"end":{"line":199,"column":78}},"line":199},"17":{"name":"(anonymous_17)","decl":{"start":{"line":208,"column":22},"end":{"line":208,"column":23}},"loc":{"start":{"line":208,"column":29},"end":{"line":208,"column":90}},"line":208},"18":{"name":"(anonymous_18)","decl":{"start":{"line":208,"column":40},"end":{"line":208,"column":41}},"loc":{"start":{"line":208,"column":48},"end":{"line":208,"column":88}},"line":208},"19":{"name":"(anonymous_19)","decl":{"start":{"line":214,"column":19},"end":{"line":214,"column":20}},"loc":{"start":{"line":215,"column":16},"end":{"line":215,"column":106}},"line":215},"20":{"name":"(anonymous_20)","decl":{"start":{"line":221,"column":25},"end":{"line":221,"column":26}},"loc":{"start":{"line":221,"column":32},"end":{"line":221,"column":98}},"line":221},"21":{"name":"(anonymous_21)","decl":{"start":{"line":221,"column":43},"end":{"line":221,"column":44}},"loc":{"start":{"line":221,"column":51},"end":{"line":221,"column":96}},"line":221}},"branchMap":{"0":{"loc":{"start":{"line":101,"column":9},"end":{"line":101,"column":87}},"type":"binary-expr","locations":[{"start":{"line":101,"column":9},"end":{"line":101,"column":24}},{"start":{"line":101,"column":28},"end":{"line":101,"column":87}}],"line":101}},"s":{"0":4,"1":4,"2":4,"3":4,"4":4,"5":4,"6":4,"7":4,"8":4,"9":0,"10":0,"11":0,"12":0,"13":0,"14":0,"15":0,"16":0,"17":0,"18":0,"19":0,"20":0,"21":0,"22":0,"23":0,"24":0,"25":0,"26":0,"27":0,"28":0,"29":0,"30":0,"31":0,"32":0,"33":0,"34":0,"35":0,"36":0,"37":0,"38":0,"39":0,"40":0,"41":0,"42":4},"f":{"0":0,"1":0,"2":0,"3":0,"4":0,"5":0,"6":0,"7":0,"8":0,"9":0,"10":0,"11":0,"12":0,"13":0,"14":0,"15":0,"16":0,"17":0,"18":0,"19":0,"20":0,"21":0},"b":{"0":[0,0]},"_coverageSchema":"1a1c01bbd47fc00a2c39e90264f33305004495a9","hash":"45a6ae11f3fb793b9b9974c06a8c43437e62c42d"}
,"/Users/daniel/Code/Hack_Reactor/FEC/project-catwalk/src/Components/SearchSite.jsx": {"path":"/Users/daniel/Code/Hack_Reactor/FEC/project-catwalk/src/Components/SearchSite.jsx","statementMap":{"0":{"start":{"line":7,"column":18},"end":{"line":34,"column":1}},"1":{"start":{"line":37,"column":27},"end":{"line":37,"column":52}},"2":{"start":{"line":38,"column":48},"end":{"line":38,"column":60}},"3":{"start":{"line":40,"column":34},"end":{"line":42,"column":3}},"4":{"start":{"line":41,"column":4},"end":{"line":41,"column":39}},"5":{"start":{"line":44,"column":32},"end":{"line":61,"column":3}},"6":{"start":{"line":45,"column":4},"end":{"line":45,"column":23}},"7":{"start":{"line":46,"column":4},"end":{"line":60,"column":9}},"8":{"start":{"line":48,"column":8},"end":{"line":48,"column":30}},"9":{"start":{"line":49,"column":27},"end":{"line":49,"column":107}},"10":{"start":{"line":49,"column":54},"end":{"line":49,"column":106}},"11":{"start":{"line":50,"column":8},"end":{"line":55,"column":9}},"12":{"start":{"line":51,"column":24},"end":{"line":51,"column":37}},"13":{"start":{"line":52,"column":10},"end":{"line":52,"column":30}},"14":{"start":{"line":54,"column":10},"end":{"line":54,"column":43}},"15":{"start":{"line":56,"column":8},"end":{"line":56,"column":31}},"16":{"start":{"line":59,"column":8},"end":{"line":59,"column":25}},"17":{"start":{"line":63,"column":2},"end":{"line":68,"column":4}}},"fnMap":{"0":{"name":"SearchSite","decl":{"start":{"line":36,"column":9},"end":{"line":36,"column":19}},"loc":{"start":{"line":36,"column":22},"end":{"line":69,"column":1}},"line":36},"1":{"name":"(anonymous_1)","decl":{"start":{"line":40,"column":34},"end":{"line":40,"column":35}},"loc":{"start":{"line":40,"column":41},"end":{"line":42,"column":3}},"line":40},"2":{"name":"(anonymous_2)","decl":{"start":{"line":44,"column":32},"end":{"line":44,"column":33}},"loc":{"start":{"line":44,"column":39},"end":{"line":61,"column":3}},"line":44},"3":{"name":"(anonymous_3)","decl":{"start":{"line":47,"column":12},"end":{"line":47,"column":13}},"loc":{"start":{"line":47,"column":21},"end":{"line":57,"column":7}},"line":47},"4":{"name":"(anonymous_4)","decl":{"start":{"line":49,"column":41},"end":{"line":49,"column":42}},"loc":{"start":{"line":49,"column":54},"end":{"line":49,"column":106}},"line":49},"5":{"name":"(anonymous_5)","decl":{"start":{"line":58,"column":13},"end":{"line":58,"column":14}},"loc":{"start":{"line":58,"column":22},"end":{"line":60,"column":7}},"line":58}},"branchMap":{"0":{"loc":{"start":{"line":50,"column":8},"end":{"line":55,"column":9}},"type":"if","locations":[{"start":{"line":50,"column":8},"end":{"line":55,"column":9}},{"start":{"line":53,"column":15},"end":{"line":55,"column":9}}],"line":50}},"s":{"0":4,"1":1,"2":1,"3":1,"4":0,"5":1,"6":0,"7":0,"8":0,"9":0,"10":0,"11":0,"12":0,"13":0,"14":0,"15":0,"16":0,"17":1},"f":{"0":1,"1":0,"2":0,"3":0,"4":0,"5":0},"b":{"0":[0,0]},"_coverageSchema":"1a1c01bbd47fc00a2c39e90264f33305004495a9","hash":"b508fb2afc3b5b2734d973a339090a95e85ef6e9"}
,"/Users/daniel/Code/Hack_Reactor/FEC/project-catwalk/src/Components/Overview/index.jsx": {"path":"/Users/daniel/Code/Hack_Reactor/FEC/project-catwalk/src/Components/Overview/index.jsx","statementMap":{"0":{"start":{"line":18,"column":22},"end":{"line":25,"column":1}},"1":{"start":{"line":27,"column":28},"end":{"line":32,"column":1}},"2":{"start":{"line":34,"column":31},"end":{"line":34,"column":48}},"3":{"start":{"line":38,"column":24},"end":{"line":38,"column":49}},"4":{"start":{"line":39,"column":50},"end":{"line":39,"column":62}},"5":{"start":{"line":40,"column":60},"end":{"line":40,"column":72}},"6":{"start":{"line":41,"column":54},"end":{"line":41,"column":66}},"7":{"start":{"line":42,"column":40},"end":{"line":42,"column":52}},"8":{"start":{"line":43,"column":44},"end":{"line":43,"column":56}},"9":{"start":{"line":44,"column":46},"end":{"line":44,"column":57}},"10":{"start":{"line":45,"column":36},"end":{"line":45,"column":47}},"11":{"start":{"line":47,"column":2},"end":{"line":67,"column":18}},"12":{"start":{"line":48,"column":4},"end":{"line":54,"column":9}},"13":{"start":{"line":50,"column":8},"end":{"line":50,"column":33}},"14":{"start":{"line":53,"column":8},"end":{"line":53,"column":25}},"15":{"start":{"line":56,"column":4},"end":{"line":66,"column":9}},"16":{"start":{"line":58,"column":26},"end":{"line":58,"column":45}},"17":{"start":{"line":59,"column":8},"end":{"line":59,"column":43}},"18":{"start":{"line":60,"column":8},"end":{"line":60,"column":44}},"19":{"start":{"line":61,"column":8},"end":{"line":61,"column":48}},"20":{"start":{"line":62,"column":8},"end":{"line":62,"column":58}},"21":{"start":{"line":65,"column":8},"end":{"line":65,"column":25}},"22":{"start":{"line":69,"column":2},"end":{"line":96,"column":4}}},"fnMap":{"0":{"name":"Overview","decl":{"start":{"line":36,"column":9},"end":{"line":36,"column":17}},"loc":{"start":{"line":36,"column":20},"end":{"line":97,"column":1}},"line":36},"1":{"name":"(anonymous_1)","decl":{"start":{"line":47,"column":12},"end":{"line":47,"column":13}},"loc":{"start":{"line":47,"column":18},"end":{"line":67,"column":3}},"line":47},"2":{"name":"(anonymous_2)","decl":{"start":{"line":49,"column":12},"end":{"line":49,"column":13}},"loc":{"start":{"line":49,"column":21},"end":{"line":51,"column":7}},"line":49},"3":{"name":"(anonymous_3)","decl":{"start":{"line":52,"column":13},"end":{"line":52,"column":14}},"loc":{"start":{"line":52,"column":22},"end":{"line":54,"column":7}},"line":52},"4":{"name":"(anonymous_4)","decl":{"start":{"line":57,"column":12},"end":{"line":57,"column":13}},"loc":{"start":{"line":57,"column":21},"end":{"line":63,"column":7}},"line":57},"5":{"name":"(anonymous_5)","decl":{"start":{"line":64,"column":13},"end":{"line":64,"column":14}},"loc":{"start":{"line":64,"column":22},"end":{"line":66,"column":7}},"line":64}},"branchMap":{},"s":{"0":4,"1":4,"2":4,"3":4,"4":2,"5":2,"6":2,"7":2,"8":2,"9":2,"10":2,"11":2,"12":1,"13":0,"14":0,"15":1,"16":0,"17":0,"18":0,"19":0,"20":0,"21":0,"22":2},"f":{"0":4,"1":1,"2":0,"3":0,"4":0,"5":0},"b":{},"_coverageSchema":"1a1c01bbd47fc00a2c39e90264f33305004495a9","hash":"d39fd491ac8a6b2705da9a25f771f11d71b0f9c2"}
,"/Users/daniel/Code/Hack_Reactor/FEC/project-catwalk/src/Components/Overview/OverviewComponents/AddToCart.jsx": {"path":"/Users/daniel/Code/Hack_Reactor/FEC/project-catwalk/src/Components/Overview/OverviewComponents/AddToCart.jsx","statementMap":{"0":{"start":{"line":6,"column":17},"end":{"line":31,"column":1}},"1":{"start":{"line":33,"column":14},"end":{"line":33,"column":41}},"2":{"start":{"line":34,"column":19},"end":{"line":34,"column":70}},"3":{"start":{"line":36,"column":19},"end":{"line":45,"column":1}},"4":{"start":{"line":37,"column":22},"end":{"line":37,"column":24}},"5":{"start":{"line":38,"column":2},"end":{"line":43,"column":5}},"6":{"start":{"line":39,"column":4},"end":{"line":42,"column":6}},"7":{"start":{"line":44,"column":2},"end":{"line":44,"column":21}},"8":{"start":{"line":48,"column":16},"end":{"line":48,"column":70}},"9":{"start":{"line":49,"column":44},"end":{"line":49,"column":67}},"10":{"start":{"line":50,"column":44},"end":{"line":50,"column":55}},"11":{"start":{"line":51,"column":52},"end":{"line":51,"column":63}},"12":{"start":{"line":54,"column":2},"end":{"line":57,"column":14}},"13":{"start":{"line":55,"column":4},"end":{"line":55,"column":36}},"14":{"start":{"line":56,"column":4},"end":{"line":56,"column":24}},"15":{"start":{"line":59,"column":27},"end":{"line":68,"column":3}},"16":{"start":{"line":60,"column":26},"end":{"line":60,"column":43}},"17":{"start":{"line":61,"column":4},"end":{"line":65,"column":5}},"18":{"start":{"line":62,"column":6},"end":{"line":62,"column":43}},"19":{"start":{"line":63,"column":6},"end":{"line":63,"column":27}},"20":{"start":{"line":64,"column":6},"end":{"line":64,"column":13}},"21":{"start":{"line":66,"column":4},"end":{"line":66,"column":41}},"22":{"start":{"line":67,"column":4},"end":{"line":67,"column":65}},"23":{"start":{"line":70,"column":31},"end":{"line":72,"column":3}},"24":{"start":{"line":71,"column":4},"end":{"line":71,"column":45}},"25":{"start":{"line":74,"column":26},"end":{"line":86,"column":3}},"26":{"start":{"line":75,"column":26},"end":{"line":75,"column":43}},"27":{"start":{"line":76,"column":4},"end":{"line":85,"column":9}},"28":{"start":{"line":81,"column":8},"end":{"line":81,"column":25}},"29":{"start":{"line":84,"column":8},"end":{"line":84,"column":25}},"30":{"start":{"line":88,"column":29},"end":{"line":88,"column":33}},"31":{"start":{"line":89,"column":2},"end":{"line":106,"column":3}},"32":{"start":{"line":90,"column":4},"end":{"line":90,"column":78}},"33":{"start":{"line":92,"column":4},"end":{"line":105,"column":6}},"34":{"start":{"line":99,"column":10},"end":{"line":101,"column":11}},"35":{"start":{"line":100,"column":12},"end":{"line":100,"column":73}},"36":{"start":{"line":102,"column":10},"end":{"line":102,"column":22}},"37":{"start":{"line":108,"column":2},"end":{"line":126,"column":4}},"38":{"start":{"line":118,"column":31},"end":{"line":118,"column":78}}},"fnMap":{"0":{"name":"(anonymous_0)","decl":{"start":{"line":36,"column":19},"end":{"line":36,"column":20}},"loc":{"start":{"line":36,"column":30},"end":{"line":45,"column":1}},"line":36},"1":{"name":"(anonymous_1)","decl":{"start":{"line":38,"column":32},"end":{"line":38,"column":33}},"loc":{"start":{"line":38,"column":41},"end":{"line":43,"column":3}},"line":38},"2":{"name":"AddToCart","decl":{"start":{"line":47,"column":9},"end":{"line":47,"column":18}},"loc":{"start":{"line":47,"column":21},"end":{"line":127,"column":1}},"line":47},"3":{"name":"(anonymous_3)","decl":{"start":{"line":54,"column":12},"end":{"line":54,"column":13}},"loc":{"start":{"line":54,"column":18},"end":{"line":57,"column":3}},"line":54},"4":{"name":"(anonymous_4)","decl":{"start":{"line":59,"column":27},"end":{"line":59,"column":28}},"loc":{"start":{"line":59,"column":38},"end":{"line":68,"column":3}},"line":59},"5":{"name":"(anonymous_5)","decl":{"start":{"line":70,"column":31},"end":{"line":70,"column":32}},"loc":{"start":{"line":70,"column":42},"end":{"line":72,"column":3}},"line":70},"6":{"name":"(anonymous_6)","decl":{"start":{"line":74,"column":26},"end":{"line":74,"column":27}},"loc":{"start":{"line":74,"column":32},"end":{"line":86,"column":3}},"line":74},"7":{"name":"(anonymous_7)","decl":{"start":{"line":80,"column":12},"end":{"line":80,"column":13}},"loc":{"start":{"line":80,"column":21},"end":{"line":82,"column":7}},"line":80},"8":{"name":"(anonymous_8)","decl":{"start":{"line":83,"column":13},"end":{"line":83,"column":14}},"loc":{"start":{"line":83,"column":22},"end":{"line":85,"column":7}},"line":83},"9":{"name":"(anonymous_9)","decl":{"start":{"line":98,"column":24},"end":{"line":98,"column":25}},"loc":{"start":{"line":98,"column":36},"end":{"line":103,"column":9}},"line":98},"10":{"name":"(anonymous_10)","decl":{"start":{"line":118,"column":21},"end":{"line":118,"column":22}},"loc":{"start":{"line":118,"column":31},"end":{"line":118,"column":78}},"line":118}},"branchMap":{"0":{"loc":{"start":{"line":61,"column":4},"end":{"line":65,"column":5}},"type":"if","locations":[{"start":{"line":61,"column":4},"end":{"line":65,"column":5}},{"start":{},"end":{}}],"line":61},"1":{"loc":{"start":{"line":89,"column":2},"end":{"line":106,"column":3}},"type":"if","locations":[{"start":{"line":89,"column":2},"end":{"line":106,"column":3}},{"start":{"line":91,"column":9},"end":{"line":106,"column":3}}],"line":89},"2":{"loc":{"start":{"line":99,"column":10},"end":{"line":101,"column":11}},"type":"if","locations":[{"start":{"line":99,"column":10},"end":{"line":101,"column":11}},{"start":{},"end":{}}],"line":99},"3":{"loc":{"start":{"line":99,"column":14},"end":{"line":99,"column":53}},"type":"binary-expr","locations":[{"start":{"line":99,"column":14},"end":{"line":99,"column":37}},{"start":{"line":99,"column":41},"end":{"line":99,"column":53}}],"line":99},"4":{"loc":{"start":{"line":116,"column":11},"end":{"line":117,"column":44}},"type":"cond-expr","locations":[{"start":{"line":117,"column":14},"end":{"line":117,"column":37}},{"start":{"line":117,"column":40},"end":{"line":117,"column":44}}],"line":116},"5":{"loc":{"start":{"line":120,"column":9},"end":{"line":120,"column":52}},"type":"cond-expr","locations":[{"start":{"line":120,"column":25},"end":{"line":120,"column":45}},{"start":{"line":120,"column":48},"end":{"line":120,"column":52}}],"line":120},"6":{"loc":{"start":{"line":122,"column":7},"end":{"line":124,"column":78}},"type":"cond-expr","locations":[{"start":{"line":123,"column":10},"end":{"line":123,"column":14}},{"start":{"line":124,"column":10},"end":{"line":124,"column":78}}],"line":122}},"s":{"0":4,"1":4,"2":4,"3":4,"4":0,"5":0,"6":0,"7":0,"8":2,"9":2,"10":2,"11":2,"12":2,"13":1,"14":1,"15":2,"16":0,"17":0,"18":0,"19":0,"20":0,"21":0,"22":0,"23":2,"24":0,"25":2,"26":0,"27":0,"28":0,"29":0,"30":2,"31":2,"32":0,"33":2,"34":30,"35":0,"36":30,"37":2,"38":10},"f":{"0":0,"1":0,"2":2,"3":1,"4":0,"5":0,"6":0,"7":0,"8":0,"9":30,"10":10},"b":{"0":[0,0],"1":[0,2],"2":[0,30],"3":[30,0],"4":[2,0],"5":[0,2],"6":[0,2]},"_coverageSchema":"1a1c01bbd47fc00a2c39e90264f33305004495a9","hash":"cb0be5003b142f1944a94f4402d28b81c5dafde3"}
,"/Users/daniel/Code/Hack_Reactor/FEC/project-catwalk/src/Components/Overview/OverviewComponents/ExpandedView.jsx": {"path":"/Users/daniel/Code/Hack_Reactor/FEC/project-catwalk/src/Components/Overview/OverviewComponents/ExpandedView.jsx","statementMap":{"0":{"start":{"line":5,"column":14},"end":{"line":28,"column":1}},"1":{"start":{"line":31,"column":2},"end":{"line":35,"column":4}},"2":{"start":{"line":38,"column":0},"end":{"line":41,"column":2}}},"fnMap":{"0":{"name":"ExpandedView","decl":{"start":{"line":30,"column":9},"end":{"line":30,"column":21}},"loc":{"start":{"line":30,"column":53},"end":{"line":36,"column":1}},"line":30}},"branchMap":{},"s":{"0":4,"1":0,"2":4},"f":{"0":0},"b":{},"_coverageSchema":"1a1c01bbd47fc00a2c39e90264f33305004495a9","hash":"1b9cd9c41eaabee9ae8a0d9de1dc77649d656bcb"}
,"/Users/daniel/Code/Hack_Reactor/FEC/project-catwalk/src/Components/Overview/OverviewComponents/MainView.jsx": {"path":"/Users/daniel/Code/Hack_Reactor/FEC/project-catwalk/src/Components/Overview/OverviewComponents/MainView.jsx","statementMap":{"0":{"start":{"line":9,"column":18},"end":{"line":25,"column":1}},"1":{"start":{"line":36,"column":6},"end":{"line":36,"column":33}},"2":{"start":{"line":38,"column":38},"end":{"line":38,"column":53}},"3":{"start":{"line":40,"column":16},"end":{"line":40,"column":35}},"4":{"start":{"line":42,"column":2},"end":{"line":50,"column":23}},"5":{"start":{"line":43,"column":4},"end":{"line":49,"column":7}},"6":{"start":{"line":44,"column":6},"end":{"line":48,"column":7}},"7":{"start":{"line":45,"column":8},"end":{"line":45,"column":40}},"8":{"start":{"line":46,"column":8},"end":{"line":46,"column":44}},"9":{"start":{"line":47,"column":8},"end":{"line":47,"column":62}},"10":{"start":{"line":52,"column":27},"end":{"line":55,"column":3}},"11":{"start":{"line":53,"column":4},"end":{"line":53,"column":23}},"12":{"start":{"line":54,"column":4},"end":{"line":54,"column":31}},"13":{"start":{"line":57,"column":2},"end":{"line":80,"column":3}},"14":{"start":{"line":58,"column":4},"end":{"line":79,"column":6}},"15":{"start":{"line":82,"column":2},"end":{"line":86,"column":4}}},"fnMap":{"0":{"name":"MainView","decl":{"start":{"line":27,"column":9},"end":{"line":27,"column":17}},"loc":{"start":{"line":27,"column":20},"end":{"line":87,"column":1}},"line":27},"1":{"name":"(anonymous_1)","decl":{"start":{"line":42,"column":12},"end":{"line":42,"column":13}},"loc":{"start":{"line":42,"column":18},"end":{"line":50,"column":3}},"line":42},"2":{"name":"(anonymous_2)","decl":{"start":{"line":43,"column":26},"end":{"line":43,"column":27}},"loc":{"start":{"line":43,"column":37},"end":{"line":49,"column":5}},"line":43},"3":{"name":"(anonymous_3)","decl":{"start":{"line":52,"column":27},"end":{"line":52,"column":28}},"loc":{"start":{"line":52,"column":34},"end":{"line":55,"column":3}},"line":52}},"branchMap":{"0":{"loc":{"start":{"line":44,"column":6},"end":{"line":48,"column":7}},"type":"if","locations":[{"start":{"line":44,"column":6},"end":{"line":48,"column":7}},{"start":{},"end":{}}],"line":44},"1":{"loc":{"start":{"line":57,"column":2},"end":{"line":80,"column":3}},"type":"if","locations":[{"start":{"line":57,"column":2},"end":{"line":80,"column":3}},{"start":{},"end":{}}],"line":57},"2":{"loc":{"start":{"line":70,"column":9},"end":{"line":77,"column":16}},"type":"cond-expr","locations":[{"start":{"line":72,"column":12},"end":{"line":75,"column":14}},{"start":{"line":77,"column":12},"end":{"line":77,"column":16}}],"line":70}},"s":{"0":4,"1":2,"2":2,"3":2,"4":2,"5":1,"6":0,"7":0,"8":0,"9":0,"10":2,"11":0,"12":0,"13":2,"14":0,"15":2},"f":{"0":2,"1":1,"2":0,"3":0},"b":{"0":[0,0],"1":[0,2],"2":[0,0]},"_coverageSchema":"1a1c01bbd47fc00a2c39e90264f33305004495a9","hash":"3f44b23c46a47861f222712c34d35d82e322c656"}
,"/Users/daniel/Code/Hack_Reactor/FEC/project-catwalk/src/Components/Overview/OverviewComponents/MainViewImage.jsx": {"path":"/Users/daniel/Code/Hack_Reactor/FEC/project-catwalk/src/Components/Overview/OverviewComponents/MainViewImage.jsx","statementMap":{"0":{"start":{"line":5,"column":15},"end":{"line":15,"column":1}},"1":{"start":{"line":18,"column":2},"end":{"line":28,"column":4}},"2":{"start":{"line":31,"column":0},"end":{"line":34,"column":2}}},"fnMap":{"0":{"name":"MainViewImage","decl":{"start":{"line":17,"column":9},"end":{"line":17,"column":22}},"loc":{"start":{"line":17,"column":54},"end":{"line":29,"column":1}},"line":17}},"branchMap":{},"s":{"0":4,"1":0,"2":4},"f":{"0":0},"b":{},"_coverageSchema":"1a1c01bbd47fc00a2c39e90264f33305004495a9","hash":"bdc74b49aca9b68c9ba0f0ed38fe9909d41c62d1"}
,"/Users/daniel/Code/Hack_Reactor/FEC/project-catwalk/src/Components/Overview/OverviewComponents/MainViewScroller.jsx": {"path":"/Users/daniel/Code/Hack_Reactor/FEC/project-catwalk/src/Components/Overview/OverviewComponents/MainViewScroller.jsx","statementMap":{"0":{"start":{"line":6,"column":17},"end":{"line":29,"column":1}},"1":{"start":{"line":31,"column":22},"end":{"line":38,"column":1}},"2":{"start":{"line":40,"column":14},"end":{"line":47,"column":1}},"3":{"start":{"line":49,"column":19},"end":{"line":49,"column":20}},"4":{"start":{"line":55,"column":56},"end":{"line":55,"column":72}},"5":{"start":{"line":57,"column":20},"end":{"line":65,"column":3}},"6":{"start":{"line":67,"column":21},"end":{"line":75,"column":3}},"7":{"start":{"line":77,"column":33},"end":{"line":80,"column":3}},"8":{"start":{"line":78,"column":4},"end":{"line":78,"column":23}},"9":{"start":{"line":79,"column":4},"end":{"line":79,"column":52}},"10":{"start":{"line":82,"column":27},"end":{"line":97,"column":3}},"11":{"start":{"line":84,"column":4},"end":{"line":89,"column":5}},"12":{"start":{"line":85,"column":24},"end":{"line":85,"column":49}},"13":{"start":{"line":86,"column":6},"end":{"line":86,"column":46}},"14":{"start":{"line":86,"column":39},"end":{"line":86,"column":46}},"15":{"start":{"line":88,"column":6},"end":{"line":88,"column":62}},"16":{"start":{"line":91,"column":4},"end":{"line":95,"column":5}},"17":{"start":{"line":92,"column":24},"end":{"line":92,"column":49}},"18":{"start":{"line":93,"column":6},"end":{"line":93,"column":32}},"19":{"start":{"line":93,"column":25},"end":{"line":93,"column":32}},"20":{"start":{"line":94,"column":6},"end":{"line":94,"column":62}},"21":{"start":{"line":99,"column":2},"end":{"line":102,"column":3}},"22":{"start":{"line":100,"column":4},"end":{"line":100,"column":85}},"23":{"start":{"line":101,"column":4},"end":{"line":101,"column":22}},"24":{"start":{"line":104,"column":2},"end":{"line":107,"column":3}},"25":{"start":{"line":105,"column":4},"end":{"line":105,"column":85}},"26":{"start":{"line":106,"column":4},"end":{"line":106,"column":22}},"27":{"start":{"line":109,"column":2},"end":{"line":150,"column":4}},"28":{"start":{"line":116,"column":23},"end":{"line":116,"column":47}},"29":{"start":{"line":119,"column":8},"end":{"line":126,"column":9}},"30":{"start":{"line":120,"column":10},"end":{"line":125,"column":12}},"31":{"start":{"line":127,"column":8},"end":{"line":140,"column":10}},"32":{"start":{"line":131,"column":27},"end":{"line":131,"column":71}},"33":{"start":{"line":147,"column":23},"end":{"line":147,"column":47}},"34":{"start":{"line":153,"column":0},"end":{"line":157,"column":2}}},"fnMap":{"0":{"name":"MainViewScroller","decl":{"start":{"line":53,"column":9},"end":{"line":53,"column":25}},"loc":{"start":{"line":53,"column":82},"end":{"line":151,"column":1}},"line":53},"1":{"name":"(anonymous_1)","decl":{"start":{"line":77,"column":33},"end":{"line":77,"column":34}},"loc":{"start":{"line":77,"column":44},"end":{"line":80,"column":3}},"line":77},"2":{"name":"(anonymous_2)","decl":{"start":{"line":82,"column":27},"end":{"line":82,"column":28}},"loc":{"start":{"line":82,"column":42},"end":{"line":97,"column":3}},"line":82},"3":{"name":"(anonymous_3)","decl":{"start":{"line":116,"column":17},"end":{"line":116,"column":18}},"loc":{"start":{"line":116,"column":23},"end":{"line":116,"column":47}},"line":116},"4":{"name":"(anonymous_4)","decl":{"start":{"line":118,"column":48},"end":{"line":118,"column":49}},"loc":{"start":{"line":118,"column":66},"end":{"line":141,"column":7}},"line":118},"5":{"name":"(anonymous_5)","decl":{"start":{"line":131,"column":21},"end":{"line":131,"column":22}},"loc":{"start":{"line":131,"column":27},"end":{"line":131,"column":71}},"line":131},"6":{"name":"(anonymous_6)","decl":{"start":{"line":147,"column":17},"end":{"line":147,"column":18}},"loc":{"start":{"line":147,"column":23},"end":{"line":147,"column":47}},"line":147}},"branchMap":{"0":{"loc":{"start":{"line":60,"column":32},"end":{"line":60,"column":61}},"type":"cond-expr","locations":[{"start":{"line":60,"column":56},"end":{"line":60,"column":57}},{"start":{"line":60,"column":60},"end":{"line":60,"column":61}}],"line":60},"1":{"loc":{"start":{"line":61,"column":44},"end":{"line":61,"column":73}},"type":"cond-expr","locations":[{"start":{"line":61,"column":68},"end":{"line":61,"column":69}},{"start":{"line":61,"column":72},"end":{"line":61,"column":73}}],"line":61},"2":{"loc":{"start":{"line":63,"column":15},"end":{"line":63,"column":57}},"type":"cond-expr","locations":[{"start":{"line":63,"column":39},"end":{"line":63,"column":48}},{"start":{"line":63,"column":51},"end":{"line":63,"column":57}}],"line":63},"3":{"loc":{"start":{"line":70,"column":32},"end":{"line":70,"column":85}},"type":"cond-expr","locations":[{"start":{"line":70,"column":80},"end":{"line":70,"column":81}},{"start":{"line":70,"column":84},"end":{"line":70,"column":85}}],"line":70},"4":{"loc":{"start":{"line":71,"column":44},"end":{"line":71,"column":97}},"type":"cond-expr","locations":[{"start":{"line":71,"column":92},"end":{"line":71,"column":93}},{"start":{"line":71,"column":96},"end":{"line":71,"column":97}}],"line":71},"5":{"loc":{"start":{"line":73,"column":16},"end":{"line":73,"column":82}},"type":"cond-expr","locations":[{"start":{"line":73,"column":64},"end":{"line":73,"column":70}},{"start":{"line":73,"column":73},"end":{"line":73,"column":82}}],"line":73},"6":{"loc":{"start":{"line":84,"column":4},"end":{"line":89,"column":5}},"type":"if","locations":[{"start":{"line":84,"column":4},"end":{"line":89,"column":5}},{"start":{},"end":{}}],"line":84},"7":{"loc":{"start":{"line":86,"column":6},"end":{"line":86,"column":46}},"type":"if","locations":[{"start":{"line":86,"column":6},"end":{"line":86,"column":46}},{"start":{},"end":{}}],"line":86},"8":{"loc":{"start":{"line":91,"column":4},"end":{"line":95,"column":5}},"type":"if","locations":[{"start":{"line":91,"column":4},"end":{"line":95,"column":5}},{"start":{},"end":{}}],"line":91},"9":{"loc":{"start":{"line":93,"column":6},"end":{"line":93,"column":32}},"type":"if","locations":[{"start":{"line":93,"column":6},"end":{"line":93,"column":32}},{"start":{},"end":{}}],"line":93},"10":{"loc":{"start":{"line":99,"column":2},"end":{"line":102,"column":3}},"type":"if","locations":[{"start":{"line":99,"column":2},"end":{"line":102,"column":3}},{"start":{},"end":{}}],"line":99},"11":{"loc":{"start":{"line":104,"column":2},"end":{"line":107,"column":3}},"type":"if","locations":[{"start":{"line":104,"column":2},"end":{"line":107,"column":3}},{"start":{},"end":{}}],"line":104},"12":{"loc":{"start":{"line":104,"column":6},"end":{"line":104,"column":83}},"type":"binary-expr","locations":[{"start":{"line":104,"column":6},"end":{"line":104,"column":54}},{"start":{"line":104,"column":58},"end":{"line":104,"column":83}}],"line":104},"13":{"loc":{"start":{"line":119,"column":8},"end":{"line":126,"column":9}},"type":"if","locations":[{"start":{"line":119,"column":8},"end":{"line":126,"column":9}},{"start":{},"end":{}}],"line":119}},"s":{"0":4,"1":4,"2":4,"3":4,"4":0,"5":0,"6":0,"7":0,"8":0,"9":0,"10":0,"11":0,"12":0,"13":0,"14":0,"15":0,"16":0,"17":0,"18":0,"19":0,"20":0,"21":0,"22":0,"23":0,"24":0,"25":0,"26":0,"27":0,"28":0,"29":0,"30":0,"31":0,"32":0,"33":0,"34":4},"f":{"0":0,"1":0,"2":0,"3":0,"4":0,"5":0,"6":0},"b":{"0":[0,0],"1":[0,0],"2":[0,0],"3":[0,0],"4":[0,0],"5":[0,0],"6":[0,0],"7":[0,0],"8":[0,0],"9":[0,0],"10":[0,0],"11":[0,0],"12":[0,0],"13":[0,0]},"_coverageSchema":"1a1c01bbd47fc00a2c39e90264f33305004495a9","hash":"cd1c75cc20c3c9b71e100362807e9bc7de32d069"}
,"/Users/daniel/Code/Hack_Reactor/FEC/project-catwalk/src/Components/Overview/OverviewComponents/ProductInfo.jsx": {"path":"/Users/daniel/Code/Hack_Reactor/FEC/project-catwalk/src/Components/Overview/OverviewComponents/ProductInfo.jsx","statementMap":{"0":{"start":{"line":8,"column":32},"end":{"line":30,"column":1}},"1":{"start":{"line":34,"column":29},"end":{"line":34,"column":66}},"2":{"start":{"line":35,"column":37},"end":{"line":35,"column":64}},"3":{"start":{"line":37,"column":2},"end":{"line":48,"column":4}}},"fnMap":{"0":{"name":"ProductInformation","decl":{"start":{"line":32,"column":9},"end":{"line":32,"column":27}},"loc":{"start":{"line":32,"column":30},"end":{"line":49,"column":1}},"line":32}},"branchMap":{"0":{"loc":{"start":{"line":44,"column":9},"end":{"line":44,"column":47}},"type":"binary-expr","locations":[{"start":{"line":44,"column":9},"end":{"line":44,"column":18}},{"start":{"line":44,"column":22},"end":{"line":44,"column":47}}],"line":44}},"s":{"0":4,"1":5,"2":1,"3":1},"f":{"0":5},"b":{"0":[1,1]},"_coverageSchema":"1a1c01bbd47fc00a2c39e90264f33305004495a9","hash":"22dfa0f32016f28feebfd873c7450c4bf59b974e"}
,"/Users/daniel/Code/Hack_Reactor/FEC/project-catwalk/src/Components/Overview/OverviewComponents/StyleName.jsx": {"path":"/Users/daniel/Code/Hack_Reactor/FEC/project-catwalk/src/Components/Overview/OverviewComponents/StyleName.jsx","statementMap":{"0":{"start":{"line":7,"column":22},"end":{"line":29,"column":1}},"1":{"start":{"line":31,"column":22},"end":{"line":46,"column":1}},"2":{"start":{"line":64,"column":6},"end":{"line":64,"column":33}},"3":{"start":{"line":66,"column":33},"end":{"line":69,"column":3}},"4":{"start":{"line":67,"column":4},"end":{"line":67,"column":31}},"5":{"start":{"line":68,"column":4},"end":{"line":68,"column":31}},"6":{"start":{"line":71,"column":2},"end":{"line":73,"column":3}},"7":{"start":{"line":72,"column":4},"end":{"line":72,"column":28}},"8":{"start":{"line":75,"column":2},"end":{"line":81,"column":3}},"9":{"start":{"line":76,"column":4},"end":{"line":80,"column":6}},"10":{"start":{"line":83,"column":2},"end":{"line":90,"column":4}},"11":{"start":{"line":93,"column":0},"end":{"line":99,"column":2}}},"fnMap":{"0":{"name":"StyleName","decl":{"start":{"line":48,"column":9},"end":{"line":48,"column":18}},"loc":{"start":{"line":54,"column":3},"end":{"line":91,"column":1}},"line":54},"1":{"name":"(anonymous_1)","decl":{"start":{"line":66,"column":33},"end":{"line":66,"column":34}},"loc":{"start":{"line":66,"column":39},"end":{"line":69,"column":3}},"line":66}},"branchMap":{"0":{"loc":{"start":{"line":71,"column":2},"end":{"line":73,"column":3}},"type":"if","locations":[{"start":{"line":71,"column":2},"end":{"line":73,"column":3}},{"start":{},"end":{}}],"line":71},"1":{"loc":{"start":{"line":75,"column":2},"end":{"line":81,"column":3}},"type":"if","locations":[{"start":{"line":75,"column":2},"end":{"line":81,"column":3}},{"start":{},"end":{}}],"line":75}},"s":{"0":4,"1":4,"2":0,"3":0,"4":0,"5":0,"6":0,"7":0,"8":0,"9":0,"10":0,"11":4},"f":{"0":0,"1":0},"b":{"0":[0,0],"1":[0,0]},"_coverageSchema":"1a1c01bbd47fc00a2c39e90264f33305004495a9","hash":"4428af5d21fd405a9dab1485e10e2060191136bd"}
,"/Users/daniel/Code/Hack_Reactor/FEC/project-catwalk/src/Components/Overview/OverviewComponents/Styles.jsx": {"path":"/Users/daniel/Code/Hack_Reactor/FEC/project-catwalk/src/Components/Overview/OverviewComponents/Styles.jsx","statementMap":{"0":{"start":{"line":6,"column":23},"end":{"line":25,"column":1}},"1":{"start":{"line":28,"column":51},"end":{"line":28,"column":78}},"2":{"start":{"line":30,"column":2},"end":{"line":48,"column":3}},"3":{"start":{"line":31,"column":52},"end":{"line":31,"column":83}},"4":{"start":{"line":32,"column":4},"end":{"line":47,"column":6}},"5":{"start":{"line":36,"column":10},"end":{"line":44,"column":12}},"6":{"start":{"line":49,"column":2},"end":{"line":53,"column":4}}},"fnMap":{"0":{"name":"StyleSelection","decl":{"start":{"line":27,"column":9},"end":{"line":27,"column":23}},"loc":{"start":{"line":27,"column":26},"end":{"line":54,"column":1}},"line":27},"1":{"name":"(anonymous_1)","decl":{"start":{"line":35,"column":27},"end":{"line":35,"column":28}},"loc":{"start":{"line":36,"column":10},"end":{"line":44,"column":12}},"line":36}},"branchMap":{"0":{"loc":{"start":{"line":30,"column":2},"end":{"line":48,"column":3}},"type":"if","locations":[{"start":{"line":30,"column":2},"end":{"line":48,"column":3}},{"start":{},"end":{}}],"line":30}},"s":{"0":4,"1":2,"2":2,"3":0,"4":0,"5":0,"6":2},"f":{"0":2,"1":0},"b":{"0":[0,2]},"_coverageSchema":"1a1c01bbd47fc00a2c39e90264f33305004495a9","hash":"1b81616b02b3253c50ceb42b671061b4f7d7d63d"}
,"/Users/daniel/Code/Hack_Reactor/FEC/project-catwalk/src/Components/QuestionsAndAnswers/AskForm.jsx": {"path":"/Users/daniel/Code/Hack_Reactor/FEC/project-catwalk/src/Components/QuestionsAndAnswers/AskForm.jsx","statementMap":{"0":{"start":{"line":5,"column":36},"end":{"line":5,"column":51}},"1":{"start":{"line":7,"column":2},"end":{"line":24,"column":4}},"2":{"start":{"line":11,"column":23},"end":{"line":11,"column":41}},"3":{"start":{"line":19,"column":29},"end":{"line":19,"column":48}}},"fnMap":{"0":{"name":"AskForm","decl":{"start":{"line":4,"column":9},"end":{"line":4,"column":16}},"loc":{"start":{"line":4,"column":19},"end":{"line":25,"column":1}},"line":4},"1":{"name":"(anonymous_1)","decl":{"start":{"line":11,"column":17},"end":{"line":11,"column":18}},"loc":{"start":{"line":11,"column":23},"end":{"line":11,"column":41}},"line":11},"2":{"name":"(anonymous_2)","decl":{"start":{"line":19,"column":23},"end":{"line":19,"column":24}},"loc":{"start":{"line":19,"column":29},"end":{"line":19,"column":48}},"line":19}},"branchMap":{"0":{"loc":{"start":{"line":15,"column":7},"end":{"line":22,"column":9}},"type":"binary-expr","locations":[{"start":{"line":15,"column":7},"end":{"line":15,"column":16}},{"start":{"line":17,"column":10},"end":{"line":21,"column":12}}],"line":15}},"s":{"0":1,"1":1,"2":0,"3":0},"f":{"0":1,"1":0,"2":0},"b":{"0":[1,0]},"_coverageSchema":"1a1c01bbd47fc00a2c39e90264f33305004495a9","hash":"7ab946607e961b6906885eb741315eef55d4fb6e"}
,"/Users/daniel/Code/Hack_Reactor/FEC/project-catwalk/src/Components/QuestionsAndAnswers/ExpandButton.jsx": {"path":"/Users/daniel/Code/Hack_Reactor/FEC/project-catwalk/src/Components/QuestionsAndAnswers/ExpandButton.jsx","statementMap":{"0":{"start":{"line":11,"column":2},"end":{"line":20,"column":4}},"1":{"start":{"line":23,"column":0},"end":{"line":39,"column":2}}},"fnMap":{"0":{"name":"ExpandButton","decl":{"start":{"line":4,"column":9},"end":{"line":4,"column":21}},"loc":{"start":{"line":9,"column":3},"end":{"line":21,"column":1}},"line":9}},"branchMap":{"0":{"loc":{"start":{"line":14,"column":15},"end":{"line":15,"column":53}},"type":"cond-expr","locations":[{"start":{"line":15,"column":10},"end":{"line":15,"column":29}},{"start":{"line":15,"column":32},"end":{"line":15,"column":53}}],"line":14},"1":{"loc":{"start":{"line":17,"column":7},"end":{"line":18,"column":67}},"type":"cond-expr","locations":[{"start":{"line":18,"column":10},"end":{"line":18,"column":35}},{"start":{"line":18,"column":38},"end":{"line":18,"column":67}}],"line":17}},"s":{"0":1,"1":4},"f":{"0":1},"b":{"0":[0,1],"1":[0,1]},"_coverageSchema":"1a1c01bbd47fc00a2c39e90264f33305004495a9","hash":"b7b802179c972d05c44e5c97457a8083e8656ed5"}
,"/Users/daniel/Code/Hack_Reactor/FEC/project-catwalk/src/Components/QuestionsAndAnswers/QuestionsList.jsx": {"path":"/Users/daniel/Code/Hack_Reactor/FEC/project-catwalk/src/Components/QuestionsAndAnswers/QuestionsList.jsx","statementMap":{"0":{"start":{"line":10,"column":18},"end":{"line":14,"column":1}},"1":{"start":{"line":17,"column":44},"end":{"line":17,"column":55}},"2":{"start":{"line":18,"column":30},"end":{"line":20,"column":3}},"3":{"start":{"line":19,"column":4},"end":{"line":19,"column":41}},"4":{"start":{"line":19,"column":31},"end":{"line":19,"column":39}},"5":{"start":{"line":21,"column":32},"end":{"line":23,"column":3}},"6":{"start":{"line":22,"column":4},"end":{"line":22,"column":24}},"7":{"start":{"line":25,"column":2},"end":{"line":61,"column":4}},"8":{"start":{"line":30,"column":12},"end":{"line":43,"column":14}},"9":{"start":{"line":64,"column":0},"end":{"line":78,"column":2}}},"fnMap":{"0":{"name":"QuestionsList","decl":{"start":{"line":16,"column":9},"end":{"line":16,"column":22}},"loc":{"start":{"line":16,"column":53},"end":{"line":62,"column":1}},"line":16},"1":{"name":"(anonymous_1)","decl":{"start":{"line":18,"column":30},"end":{"line":18,"column":31}},"loc":{"start":{"line":18,"column":36},"end":{"line":20,"column":3}},"line":18},"2":{"name":"(anonymous_2)","decl":{"start":{"line":19,"column":21},"end":{"line":19,"column":22}},"loc":{"start":{"line":19,"column":31},"end":{"line":19,"column":39}},"line":19},"3":{"name":"(anonymous_3)","decl":{"start":{"line":21,"column":32},"end":{"line":21,"column":33}},"loc":{"start":{"line":21,"column":38},"end":{"line":23,"column":3}},"line":21},"4":{"name":"(anonymous_4)","decl":{"start":{"line":29,"column":49},"end":{"line":29,"column":50}},"loc":{"start":{"line":30,"column":12},"end":{"line":43,"column":14}},"line":30}},"branchMap":{"0":{"loc":{"start":{"line":46,"column":9},"end":{"line":57,"column":11}},"type":"binary-expr","locations":[{"start":{"line":46,"column":9},"end":{"line":46,"column":31}},{"start":{"line":48,"column":12},"end":{"line":56,"column":16}}],"line":46}},"s":{"0":4,"1":3,"2":3,"3":0,"4":0,"5":3,"6":0,"7":3,"8":0,"9":4},"f":{"0":3,"1":0,"2":0,"3":0,"4":0},"b":{"0":[1,1]},"_coverageSchema":"1a1c01bbd47fc00a2c39e90264f33305004495a9","hash":"51b6bef017c47d3342a9a934f3125784f5c764b7"}
,"/Users/daniel/Code/Hack_Reactor/FEC/project-catwalk/src/Components/QuestionsAndAnswers/QuestionsListItem.jsx": {"path":"/Users/daniel/Code/Hack_Reactor/FEC/project-catwalk/src/Components/QuestionsAndAnswers/QuestionsListItem.jsx","statementMap":{"0":{"start":{"line":20,"column":44},"end":{"line":20,"column":55}},"1":{"start":{"line":21,"column":36},"end":{"line":21,"column":51}},"2":{"start":{"line":22,"column":30},"end":{"line":25,"column":3}},"3":{"start":{"line":24,"column":4},"end":{"line":24,"column":42}},"4":{"start":{"line":24,"column":31},"end":{"line":24,"column":40}},"5":{"start":{"line":26,"column":32},"end":{"line":29,"column":3}},"6":{"start":{"line":28,"column":4},"end":{"line":28,"column":24}},"7":{"start":{"line":31,"column":2},"end":{"line":137,"column":4}},"8":{"start":{"line":71,"column":25},"end":{"line":71,"column":43}},"9":{"start":{"line":79,"column":27},"end":{"line":79,"column":46}},"10":{"start":{"line":86,"column":10},"end":{"line":119,"column":14}},"11":{"start":{"line":140,"column":0},"end":{"line":152,"column":2}}},"fnMap":{"0":{"name":"QuestionsListItem","decl":{"start":{"line":7,"column":9},"end":{"line":7,"column":26}},"loc":{"start":{"line":19,"column":3},"end":{"line":138,"column":1}},"line":19},"1":{"name":"(anonymous_1)","decl":{"start":{"line":22,"column":30},"end":{"line":22,"column":31}},"loc":{"start":{"line":22,"column":36},"end":{"line":25,"column":3}},"line":22},"2":{"name":"(anonymous_2)","decl":{"start":{"line":24,"column":21},"end":{"line":24,"column":22}},"loc":{"start":{"line":24,"column":31},"end":{"line":24,"column":40}},"line":24},"3":{"name":"(anonymous_3)","decl":{"start":{"line":26,"column":32},"end":{"line":26,"column":33}},"loc":{"start":{"line":26,"column":38},"end":{"line":29,"column":3}},"line":26},"4":{"name":"(anonymous_4)","decl":{"start":{"line":71,"column":19},"end":{"line":71,"column":20}},"loc":{"start":{"line":71,"column":25},"end":{"line":71,"column":43}},"line":71},"5":{"name":"(anonymous_5)","decl":{"start":{"line":79,"column":21},"end":{"line":79,"column":22}},"loc":{"start":{"line":79,"column":27},"end":{"line":79,"column":46}},"line":79},"6":{"name":"(anonymous_6)","decl":{"start":{"line":85,"column":46},"end":{"line":85,"column":47}},"loc":{"start":{"line":86,"column":10},"end":{"line":119,"column":14}},"line":86}},"branchMap":{"0":{"loc":{"start":{"line":75,"column":9},"end":{"line":82,"column":9}},"type":"binary-expr","locations":[{"start":{"line":75,"column":9},"end":{"line":75,"column":18}},{"start":{"line":77,"column":8},"end":{"line":81,"column":10}}],"line":75},"1":{"loc":{"start":{"line":84,"column":7},"end":{"line":120,"column":26}},"type":"cond-expr","locations":[{"start":{"line":85,"column":10},"end":{"line":120,"column":10}},{"start":{"line":120,"column":13},"end":{"line":120,"column":26}}],"line":84},"2":{"loc":{"start":{"line":121,"column":7},"end":{"line":134,"column":18}},"type":"cond-expr","locations":[{"start":{"line":123,"column":10},"end":{"line":132,"column":14}},{"start":{"line":134,"column":10},"end":{"line":134,"column":18}}],"line":121},"3":{"loc":{"start":{"line":126,"column":23},"end":{"line":127,"column":61}},"type":"cond-expr","locations":[{"start":{"line":127,"column":18},"end":{"line":127,"column":37}},{"start":{"line":127,"column":40},"end":{"line":127,"column":61}}],"line":126},"4":{"loc":{"start":{"line":129,"column":15},"end":{"line":130,"column":36}},"type":"cond-expr","locations":[{"start":{"line":129,"column":48},"end":{"line":129,"column":66}},{"start":{"line":130,"column":18},"end":{"line":130,"column":36}}],"line":129}},"s":{"0":0,"1":0,"2":0,"3":0,"4":0,"5":0,"6":0,"7":0,"8":0,"9":0,"10":0,"11":4},"f":{"0":0,"1":0,"2":0,"3":0,"4":0,"5":0,"6":0},"b":{"0":[0,0],"1":[0,0],"2":[0,0],"3":[0,0],"4":[0,0]},"_coverageSchema":"1a1c01bbd47fc00a2c39e90264f33305004495a9","hash":"f662ab43a10eee55232862a7db238c1b9a98f4a4"}
,"/Users/daniel/Code/Hack_Reactor/FEC/project-catwalk/src/Components/QuestionsAndAnswers/SearchForm.jsx": {"path":"/Users/daniel/Code/Hack_Reactor/FEC/project-catwalk/src/Components/QuestionsAndAnswers/SearchForm.jsx","statementMap":{"0":{"start":{"line":9,"column":2},"end":{"line":24,"column":4}},"1":{"start":{"line":15,"column":25},"end":{"line":15,"column":55}},"2":{"start":{"line":19,"column":26},"end":{"line":19,"column":45}},"3":{"start":{"line":19,"column":46},"end":{"line":19,"column":61}},"4":{"start":{"line":27,"column":0},"end":{"line":31,"column":2}}},"fnMap":{"0":{"name":"SearchForm","decl":{"start":{"line":4,"column":9},"end":{"line":4,"column":19}},"loc":{"start":{"line":8,"column":3},"end":{"line":25,"column":1}},"line":8},"1":{"name":"(anonymous_1)","decl":{"start":{"line":15,"column":18},"end":{"line":15,"column":19}},"loc":{"start":{"line":15,"column":25},"end":{"line":15,"column":55}},"line":15},"2":{"name":"(anonymous_2)","decl":{"start":{"line":19,"column":17},"end":{"line":19,"column":18}},"loc":{"start":{"line":19,"column":24},"end":{"line":19,"column":63}},"line":19}},"branchMap":{},"s":{"0":1,"1":0,"2":0,"3":0,"4":4},"f":{"0":1,"1":0,"2":0},"b":{},"_coverageSchema":"1a1c01bbd47fc00a2c39e90264f33305004495a9","hash":"3562cbd363918cb5dfe59456c9e581df99719181"}
,"/Users/daniel/Code/Hack_Reactor/FEC/project-catwalk/src/Components/QuestionsAndAnswers/index.jsx": {"path":"/Users/daniel/Code/Hack_Reactor/FEC/project-catwalk/src/Components/QuestionsAndAnswers/index.jsx","statementMap":{"0":{"start":{"line":11,"column":19},"end":{"line":14,"column":1}},"1":{"start":{"line":17,"column":24},"end":{"line":17,"column":49}},"2":{"start":{"line":18,"column":42},"end":{"line":18,"column":54}},"3":{"start":{"line":19,"column":40},"end":{"line":19,"column":52}},"4":{"start":{"line":20,"column":34},"end":{"line":20,"column":46}},"5":{"start":{"line":21,"column":20},"end":{"line":21,"column":22}},"6":{"start":{"line":23,"column":24},"end":{"line":62,"column":3}},"7":{"start":{"line":24,"column":4},"end":{"line":61,"column":59}},"8":{"start":{"line":33,"column":26},"end":{"line":35,"column":10}},"9":{"start":{"line":34,"column":10},"end":{"line":34,"column":57}},"10":{"start":{"line":36,"column":8},"end":{"line":36,"column":35}},"11":{"start":{"line":38,"column":8},"end":{"line":57,"column":11}},"12":{"start":{"line":39,"column":26},"end":{"line":39,"column":57}},"13":{"start":{"line":40,"column":30},"end":{"line":40,"column":66}},"14":{"start":{"line":40,"column":54},"end":{"line":40,"column":65}},"15":{"start":{"line":41,"column":37},"end":{"line":41,"column":80}},"16":{"start":{"line":41,"column":61},"end":{"line":41,"column":79}},"17":{"start":{"line":42,"column":30},"end":{"line":42,"column":75}},"18":{"start":{"line":42,"column":54},"end":{"line":42,"column":74}},"19":{"start":{"line":43,"column":30},"end":{"line":43,"column":66}},"20":{"start":{"line":43,"column":54},"end":{"line":43,"column":65}},"21":{"start":{"line":44,"column":28},"end":{"line":44,"column":62}},"22":{"start":{"line":44,"column":52},"end":{"line":44,"column":61}},"23":{"start":{"line":45,"column":10},"end":{"line":56,"column":13}},"24":{"start":{"line":59,"column":8},"end":{"line":59,"column":31}},"25":{"start":{"line":61,"column":23},"end":{"line":61,"column":56}},"26":{"start":{"line":64,"column":2},"end":{"line":66,"column":18}},"27":{"start":{"line":65,"column":4},"end":{"line":65,"column":20}},"28":{"start":{"line":68,"column":24},"end":{"line":70,"column":3}},"29":{"start":{"line":69,"column":4},"end":{"line":69,"column":20}},"30":{"start":{"line":72,"column":23},"end":{"line":74,"column":3}},"31":{"start":{"line":73,"column":4},"end":{"line":73,"column":86}},"32":{"start":{"line":73,"column":45},"end":{"line":73,"column":83}},"33":{"start":{"line":76,"column":2},"end":{"line":89,"column":4}}},"fnMap":{"0":{"name":"QuestionsAndAnswers","decl":{"start":{"line":16,"column":9},"end":{"line":16,"column":28}},"loc":{"start":{"line":16,"column":31},"end":{"line":90,"column":1}},"line":16},"1":{"name":"(anonymous_1)","decl":{"start":{"line":23,"column":24},"end":{"line":23,"column":25}},"loc":{"start":{"line":23,"column":30},"end":{"line":62,"column":3}},"line":23},"2":{"name":"(anonymous_2)","decl":{"start":{"line":32,"column":12},"end":{"line":32,"column":13}},"loc":{"start":{"line":32,"column":21},"end":{"line":60,"column":7}},"line":32},"3":{"name":"(anonymous_3)","decl":{"start":{"line":33,"column":48},"end":{"line":33,"column":49}},"loc":{"start":{"line":34,"column":10},"end":{"line":34,"column":57}},"line":34},"4":{"name":"(anonymous_4)","decl":{"start":{"line":38,"column":26},"end":{"line":38,"column":27}},"loc":{"start":{"line":38,"column":40},"end":{"line":57,"column":9}},"line":38},"5":{"name":"(anonymous_5)","decl":{"start":{"line":40,"column":42},"end":{"line":40,"column":43}},"loc":{"start":{"line":40,"column":54},"end":{"line":40,"column":65}},"line":40},"6":{"name":"(anonymous_6)","decl":{"start":{"line":41,"column":49},"end":{"line":41,"column":50}},"loc":{"start":{"line":41,"column":61},"end":{"line":41,"column":79}},"line":41},"7":{"name":"(anonymous_7)","decl":{"start":{"line":42,"column":42},"end":{"line":42,"column":43}},"loc":{"start":{"line":42,"column":54},"end":{"line":42,"column":74}},"line":42},"8":{"name":"(anonymous_8)","decl":{"start":{"line":43,"column":42},"end":{"line":43,"column":43}},"loc":{"start":{"line":43,"column":54},"end":{"line":43,"column":65}},"line":43},"9":{"name":"(anonymous_9)","decl":{"start":{"line":44,"column":40},"end":{"line":44,"column":41}},"loc":{"start":{"line":44,"column":52},"end":{"line":44,"column":61}},"line":44},"10":{"name":"(anonymous_10)","decl":{"start":{"line":61,"column":13},"end":{"line":61,"column":14}},"loc":{"start":{"line":61,"column":23},"end":{"line":61,"column":56}},"line":61},"11":{"name":"(anonymous_11)","decl":{"start":{"line":64,"column":12},"end":{"line":64,"column":13}},"loc":{"start":{"line":64,"column":18},"end":{"line":66,"column":3}},"line":64},"12":{"name":"(anonymous_12)","decl":{"start":{"line":68,"column":24},"end":{"line":68,"column":25}},"loc":{"start":{"line":68,"column":30},"end":{"line":70,"column":3}},"line":68},"13":{"name":"(anonymous_13)","decl":{"start":{"line":72,"column":23},"end":{"line":72,"column":24}},"loc":{"start":{"line":72,"column":29},"end":{"line":74,"column":3}},"line":72},"14":{"name":"(anonymous_14)","decl":{"start":{"line":73,"column":32},"end":{"line":73,"column":33}},"loc":{"start":{"line":73,"column":45},"end":{"line":73,"column":83}},"line":73}},"branchMap":{},"s":{"0":4,"1":1,"2":1,"3":1,"4":1,"5":1,"6":1,"7":1,"8":0,"9":0,"10":0,"11":0,"12":0,"13":0,"14":0,"15":0,"16":0,"17":0,"18":0,"19":0,"20":0,"21":0,"22":0,"23":0,"24":0,"25":0,"26":1,"27":1,"28":1,"29":0,"30":1,"31":0,"32":0,"33":1},"f":{"0":1,"1":1,"2":0,"3":0,"4":0,"5":0,"6":0,"7":0,"8":0,"9":0,"10":0,"11":1,"12":0,"13":0,"14":0},"b":{},"_coverageSchema":"1a1c01bbd47fc00a2c39e90264f33305004495a9","hash":"7be9df3ada37f7842ab1b19095c3c4cf13053d36"}
,"/Users/daniel/Code/Hack_Reactor/FEC/project-catwalk/src/Components/RatingsAndReviews/Breakdown.jsx": {"path":"/Users/daniel/Code/Hack_Reactor/FEC/project-catwalk/src/Components/RatingsAndReviews/Breakdown.jsx","statementMap":{"0":{"start":{"line":9,"column":16},"end":{"line":13,"column":1}},"1":{"start":{"line":14,"column":26},"end":{"line":31,"column":1}},"2":{"start":{"line":32,"column":18},"end":{"line":35,"column":1}},"3":{"start":{"line":39,"column":39},"end":{"line":39,"column":76}},"4":{"start":{"line":40,"column":40},"end":{"line":40,"column":65}},"5":{"start":{"line":45,"column":19},"end":{"line":45,"column":112}},"6":{"start":{"line":45,"column":58},"end":{"line":45,"column":111}},"7":{"start":{"line":46,"column":19},"end":{"line":51,"column":3}},"8":{"start":{"line":47,"column":4},"end":{"line":47,"column":32}},"9":{"start":{"line":48,"column":4},"end":{"line":50,"column":7}},"10":{"start":{"line":49,"column":6},"end":{"line":49,"column":74}},"11":{"start":{"line":49,"column":60},"end":{"line":49,"column":73}},"12":{"start":{"line":52,"column":21},"end":{"line":52,"column":36}},"13":{"start":{"line":54,"column":2},"end":{"line":69,"column":4}},"14":{"start":{"line":58,"column":10},"end":{"line":65,"column":12}},"15":{"start":{"line":63,"column":27},"end":{"line":63,"column":42}},"16":{"start":{"line":79,"column":2},"end":{"line":95,"column":4}},"17":{"start":{"line":98,"column":0},"end":{"line":104,"column":2}}},"fnMap":{"0":{"name":"Breakdown","decl":{"start":{"line":38,"column":9},"end":{"line":38,"column":18}},"loc":{"start":{"line":38,"column":21},"end":{"line":70,"column":1}},"line":38},"1":{"name":"(anonymous_1)","decl":{"start":{"line":45,"column":46},"end":{"line":45,"column":47}},"loc":{"start":{"line":45,"column":58},"end":{"line":45,"column":111}},"line":45},"2":{"name":"(anonymous_2)","decl":{"start":{"line":46,"column":19},"end":{"line":46,"column":20}},"loc":{"start":{"line":46,"column":29},"end":{"line":51,"column":3}},"line":46},"3":{"name":"(anonymous_3)","decl":{"start":{"line":48,"column":18},"end":{"line":48,"column":19}},"loc":{"start":{"line":49,"column":6},"end":{"line":49,"column":74}},"line":49},"4":{"name":"(anonymous_4)","decl":{"start":{"line":49,"column":50},"end":{"line":49,"column":51}},"loc":{"start":{"line":49,"column":60},"end":{"line":49,"column":73}},"line":49},"5":{"name":"(anonymous_5)","decl":{"start":{"line":57,"column":23},"end":{"line":57,"column":24}},"loc":{"start":{"line":58,"column":10},"end":{"line":65,"column":12}},"line":58},"6":{"name":"(anonymous_6)","decl":{"start":{"line":63,"column":21},"end":{"line":63,"column":22}},"loc":{"start":{"line":63,"column":27},"end":{"line":63,"column":42}},"line":63},"7":{"name":"RatingBar","decl":{"start":{"line":72,"column":9},"end":{"line":72,"column":18}},"loc":{"start":{"line":78,"column":3},"end":{"line":96,"column":1}},"line":78}},"branchMap":{"0":{"loc":{"start":{"line":49,"column":6},"end":{"line":49,"column":74}},"type":"cond-expr","locations":[{"start":{"line":49,"column":26},"end":{"line":49,"column":38}},{"start":{"line":49,"column":41},"end":{"line":49,"column":74}}],"line":49},"1":{"loc":{"start":{"line":88,"column":9},"end":{"line":88,"column":23}},"type":"binary-expr","locations":[{"start":{"line":88,"column":9},"end":{"line":88,"column":15}},{"start":{"line":88,"column":19},"end":{"line":88,"column":23}}],"line":88}},"s":{"0":4,"1":4,"2":4,"3":2,"4":1,"5":1,"6":0,"7":1,"8":0,"9":0,"10":0,"11":0,"12":1,"13":1,"14":5,"15":0,"16":5,"17":4},"f":{"0":2,"1":0,"2":0,"3":0,"4":0,"5":5,"6":0,"7":5},"b":{"0":[0,0],"1":[5,0]},"_coverageSchema":"1a1c01bbd47fc00a2c39e90264f33305004495a9","hash":"b3257ebec7b80f5521e83857b13a4d388afe0567"}
,"/Users/daniel/Code/Hack_Reactor/FEC/project-catwalk/src/Components/RatingsAndReviews/CharacteristicBar.jsx": {"path":"/Users/daniel/Code/Hack_Reactor/FEC/project-catwalk/src/Components/RatingsAndReviews/CharacteristicBar.jsx","statementMap":{"0":{"start":{"line":5,"column":18},"end":{"line":12,"column":1}},"1":{"start":{"line":14,"column":14},"end":{"line":17,"column":1}},"2":{"start":{"line":34,"column":21},"end":{"line":34,"column":56}},"3":{"start":{"line":35,"column":2},"end":{"line":43,"column":4}},"4":{"start":{"line":40,"column":40},"end":{"line":40,"column":58}},"5":{"start":{"line":46,"column":0},"end":{"line":49,"column":2}}},"fnMap":{"0":{"name":"CharacteristicBar","decl":{"start":{"line":33,"column":9},"end":{"line":33,"column":26}},"loc":{"start":{"line":33,"column":44},"end":{"line":44,"column":1}},"line":33},"1":{"name":"(anonymous_1)","decl":{"start":{"line":40,"column":29},"end":{"line":40,"column":30}},"loc":{"start":{"line":40,"column":40},"end":{"line":40,"column":58}},"line":40}},"branchMap":{},"s":{"0":4,"1":4,"2":0,"3":0,"4":0,"5":4},"f":{"0":0,"1":0},"b":{},"_coverageSchema":"1a1c01bbd47fc00a2c39e90264f33305004495a9","hash":"e62ad19d183d48cb9c481ad8fe429e9c0cdf5ba9"}
,"/Users/daniel/Code/Hack_Reactor/FEC/project-catwalk/src/Components/RatingsAndReviews/Characteristics.jsx": {"path":"/Users/daniel/Code/Hack_Reactor/FEC/project-catwalk/src/Components/RatingsAndReviews/Characteristics.jsx","statementMap":{"0":{"start":{"line":8,"column":30},"end":{"line":8,"column":67}},"1":{"start":{"line":9,"column":35},"end":{"line":9,"column":66}},"2":{"start":{"line":11,"column":2},"end":{"line":15,"column":4}},"3":{"start":{"line":13,"column":43},"end":{"line":13,"column":95}}},"fnMap":{"0":{"name":"Characteristics","decl":{"start":{"line":7,"column":9},"end":{"line":7,"column":24}},"loc":{"start":{"line":7,"column":27},"end":{"line":16,"column":1}},"line":7},"1":{"name":"(anonymous_1)","decl":{"start":{"line":13,"column":36},"end":{"line":13,"column":37}},"loc":{"start":{"line":13,"column":43},"end":{"line":13,"column":95}},"line":13}},"branchMap":{},"s":{"0":1,"1":1,"2":1,"3":0},"f":{"0":1,"1":0},"b":{},"_coverageSchema":"1a1c01bbd47fc00a2c39e90264f33305004495a9","hash":"52e7fd8e94cb0292b0c3468653ea2dab6a124129"}
,"/Users/daniel/Code/Hack_Reactor/FEC/project-catwalk/src/Components/RatingsAndReviews/PercentRecommended.jsx": {"path":"/Users/daniel/Code/Hack_Reactor/FEC/project-catwalk/src/Components/RatingsAndReviews/PercentRecommended.jsx","statementMap":{"0":{"start":{"line":6,"column":16},"end":{"line":8,"column":1}},"1":{"start":{"line":11,"column":26},"end":{"line":11,"column":63}},"2":{"start":{"line":12,"column":14},"end":{"line":12,"column":38}},"3":{"start":{"line":13,"column":16},"end":{"line":13,"column":47}},"4":{"start":{"line":14,"column":18},"end":{"line":14,"column":49}},"5":{"start":{"line":15,"column":2},"end":{"line":20,"column":4}}},"fnMap":{"0":{"name":"PercentRecommended","decl":{"start":{"line":10,"column":9},"end":{"line":10,"column":27}},"loc":{"start":{"line":10,"column":30},"end":{"line":21,"column":1}},"line":10}},"branchMap":{},"s":{"0":4,"1":1,"2":1,"3":1,"4":1,"5":1},"f":{"0":1},"b":{},"_coverageSchema":"1a1c01bbd47fc00a2c39e90264f33305004495a9","hash":"e5cc74fc56da04f90aa2445513496bae7157bc82"}
,"/Users/daniel/Code/Hack_Reactor/FEC/project-catwalk/src/Components/RatingsAndReviews/RatingSummary.jsx": {"path":"/Users/daniel/Code/Hack_Reactor/FEC/project-catwalk/src/Components/RatingsAndReviews/RatingSummary.jsx","statementMap":{"0":{"start":{"line":6,"column":16},"end":{"line":8,"column":1}},"1":{"start":{"line":10,"column":18},"end":{"line":12,"column":1}},"2":{"start":{"line":14,"column":19},"end":{"line":16,"column":1}},"3":{"start":{"line":19,"column":61},"end":{"line":19,"column":98}},"4":{"start":{"line":20,"column":2},"end":{"line":32,"column":4}}},"fnMap":{"0":{"name":"RatingSummary","decl":{"start":{"line":18,"column":9},"end":{"line":18,"column":22}},"loc":{"start":{"line":18,"column":25},"end":{"line":33,"column":1}},"line":18}},"branchMap":{},"s":{"0":4,"1":4,"2":4,"3":1,"4":1},"f":{"0":1},"b":{},"_coverageSchema":"1a1c01bbd47fc00a2c39e90264f33305004495a9","hash":"a62211d4b6a9ccd90a6661d40fda6a2ec08785f8"}
,"/Users/daniel/Code/Hack_Reactor/FEC/project-catwalk/src/Components/RatingsAndReviews/RatingsBreakdown.jsx": {"path":"/Users/daniel/Code/Hack_Reactor/FEC/project-catwalk/src/Components/RatingsAndReviews/RatingsBreakdown.jsx","statementMap":{"0":{"start":{"line":9,"column":2},"end":{"line":19,"column":4}}},"fnMap":{"0":{"name":"RatingsBreakdown","decl":{"start":{"line":8,"column":9},"end":{"line":8,"column":25}},"loc":{"start":{"line":8,"column":28},"end":{"line":20,"column":1}},"line":8}},"branchMap":{},"s":{"0":2},"f":{"0":2},"b":{},"_coverageSchema":"1a1c01bbd47fc00a2c39e90264f33305004495a9","hash":"47c1476ab4698058e6e69472df8adc40b420c4b8"}
,"/Users/daniel/Code/Hack_Reactor/FEC/project-catwalk/src/Components/RatingsAndReviews/ReviewTile.jsx": {"path":"/Users/daniel/Code/Hack_Reactor/FEC/project-catwalk/src/Components/RatingsAndReviews/ReviewTile.jsx","statementMap":{"0":{"start":{"line":9,"column":19},"end":{"line":12,"column":1}},"1":{"start":{"line":14,"column":21},"end":{"line":19,"column":1}},"2":{"start":{"line":21,"column":15},"end":{"line":24,"column":1}},"3":{"start":{"line":29,"column":6},"end":{"line":29,"column":12}},"4":{"start":{"line":31,"column":2},"end":{"line":54,"column":4}},"5":{"start":{"line":57,"column":0},"end":{"line":73,"column":2}},"6":{"start":{"line":75,"column":0},"end":{"line":77,"column":2}}},"fnMap":{"0":{"name":"ReviewTile","decl":{"start":{"line":26,"column":9},"end":{"line":26,"column":19}},"loc":{"start":{"line":26,"column":47},"end":{"line":55,"column":1}},"line":26}},"branchMap":{},"s":{"0":4,"1":4,"2":4,"3":0,"4":0,"5":4,"6":4},"f":{"0":0},"b":{},"_coverageSchema":"1a1c01bbd47fc00a2c39e90264f33305004495a9","hash":"ea8c95604fa700ccad98adb4113cb343821b5613"}
,"/Users/daniel/Code/Hack_Reactor/FEC/project-catwalk/src/Components/RatingsAndReviews/ReviewsList.jsx": {"path":"/Users/daniel/Code/Hack_Reactor/FEC/project-catwalk/src/Components/RatingsAndReviews/ReviewsList.jsx","statementMap":{"0":{"start":{"line":15,"column":18},"end":{"line":19,"column":1}},"1":{"start":{"line":22,"column":61},"end":{"line":22,"column":98}},"2":{"start":{"line":23,"column":24},"end":{"line":23,"column":49}},"3":{"start":{"line":24,"column":40},"end":{"line":24,"column":65}},"4":{"start":{"line":25,"column":32},"end":{"line":25,"column":44}},"5":{"start":{"line":26,"column":44},"end":{"line":26,"column":55}},"6":{"start":{"line":27,"column":26},"end":{"line":27,"column":46}},"7":{"start":{"line":28,"column":36},"end":{"line":28,"column":51}},"8":{"start":{"line":30,"column":19},"end":{"line":33,"column":27}},"9":{"start":{"line":31,"column":4},"end":{"line":31,"column":48}},"10":{"start":{"line":31,"column":33},"end":{"line":31,"column":48}},"11":{"start":{"line":32,"column":4},"end":{"line":32,"column":74}},"12":{"start":{"line":32,"column":38},"end":{"line":32,"column":72}},"13":{"start":{"line":35,"column":30},"end":{"line":37,"column":3}},"14":{"start":{"line":36,"column":4},"end":{"line":36,"column":49}},"15":{"start":{"line":36,"column":35},"end":{"line":36,"column":47}},"16":{"start":{"line":39,"column":23},"end":{"line":55,"column":3}},"17":{"start":{"line":40,"column":4},"end":{"line":54,"column":9}},"18":{"start":{"line":50,"column":8},"end":{"line":50,"column":37}},"19":{"start":{"line":53,"column":8},"end":{"line":53,"column":25}},"20":{"start":{"line":57,"column":23},"end":{"line":60,"column":3}},"21":{"start":{"line":58,"column":4},"end":{"line":58,"column":28}},"22":{"start":{"line":59,"column":4},"end":{"line":59,"column":33}},"23":{"start":{"line":62,"column":24},"end":{"line":64,"column":3}},"24":{"start":{"line":63,"column":4},"end":{"line":63,"column":23}},"25":{"start":{"line":66,"column":2},"end":{"line":68,"column":18}},"26":{"start":{"line":67,"column":4},"end":{"line":67,"column":23}},"27":{"start":{"line":71,"column":2},"end":{"line":107,"column":4}},"28":{"start":{"line":89,"column":10},"end":{"line":94,"column":12}},"29":{"start":{"line":102,"column":45},"end":{"line":102,"column":63}},"30":{"start":{"line":103,"column":45},"end":{"line":103,"column":62}},"31":{"start":{"line":104,"column":67},"end":{"line":104,"column":86}}},"fnMap":{"0":{"name":"ReviewsList","decl":{"start":{"line":21,"column":9},"end":{"line":21,"column":20}},"loc":{"start":{"line":21,"column":23},"end":{"line":108,"column":1}},"line":21},"1":{"name":"(anonymous_1)","decl":{"start":{"line":30,"column":27},"end":{"line":30,"column":28}},"loc":{"start":{"line":30,"column":33},"end":{"line":33,"column":3}},"line":30},"2":{"nam
[...]
,"/Users/daniel/Code/Hack_Reactor/FEC/project-catwalk/src/Components/RelatedItemsAndComparisons/OutfitList.jsx": {"path":"/Users/daniel/Code/Hack_Reactor/FEC/project-catwalk/src/Components/RelatedItemsAndComparisons/OutfitList.jsx","statementMap":{"0":{"start":{"line":11,"column":38},"end":{"line":11,"column":63}},"1":{"start":{"line":12,"column":46},"end":{"line":12,"column":58}},"2":{"start":{"line":13,"column":56},"end":{"line":13,"column":68}},"3":{"start":{"line":14,"column":32},"end":{"line":14,"column":44}},"4":{"start":{"line":15,"column":40},"end":{"line":15,"column":52}},"5":{"start":{"line":16,"column":42},"end":{"line":16,"column":53}},"6":{"start":{"line":18,"column":25},"end":{"line":20,"column":3}},"7":{"start":{"line":19,"column":4},"end":{"line":19,"column":36}},"8":{"start":{"line":19,"column":28},"end":{"line":19,"column":34}},"9":{"start":{"line":23,"column":2},"end":{"line":34,"column":18}},"10":{"start":{"line":24,"column":4},"end":{"line":33,"column":9}},"11":{"start":{"line":26,"column":8},"end":{"line":26,"column":36}},"12":{"start":{"line":27,"column":8},"end":{"line":29,"column":57}},"13":{"start":{"line":28,"column":30},"end":{"line":28,"column":67}},"14":{"start":{"line":29,"column":29},"end":{"line":29,"column":54}},"15":{"start":{"line":32,"column":8},"end":{"line":32,"column":32}},"16":{"start":{"line":37,"column":2},"end":{"line":43,"column":21}},"17":{"start":{"line":38,"column":4},"end":{"line":42,"column":5}},"18":{"start":{"line":40,"column":6},"end":{"line":40,"column":68}},"19":{"start":{"line":40,"column":34},"end":{"line":40,"column":66}},"20":{"start":{"line":41,"column":6},"end":{"line":41,"column":73}},"21":{"start":{"line":41,"column":36},"end":{"line":41,"column":71}},"22":{"start":{"line":46,"column":2},"end":{"line":56,"column":4}}},"fnMap":{"0":{"name":"OutfitList","decl":{"start":{"line":10,"column":9},"end":{"line":10,"column":19}},"loc":{"start":{"line":10,"column":22},"end":{"line":58,"column":1}},"line":10},"1":{"name":"(anonymous_1)","decl":{"start":{"line":18,"column":25},"end":{"line":18,"column":26}},"loc":{"start":{"line":18,"column":31},"end":{"line":20,"column":3}},"line":18},"2":{"name":"(anonymous_2)","decl":{"start":{"line":19,"column":20},"end":{"line":19,"column":21}},"loc":{"start":{"line":19,"column":28},"end":{"line":19,"column":34}},"line":19},"3":{"name":"(anonymous_3)","decl":{"start":{"line":23,"column":12},"end":{"line":23,"column":13}},"loc":{"start":{"line":23,"column":18},"end":{"line":34,"column":3}},"line":23},"4":{"name":"(anonymous_4)","decl":{"start":{"line":25,"column":12},"end":{"line":25,"column":13}},"loc":{"start":{"line":25,"column":21},"end":{"line":30,"column":7}},"line":25},"5":{"name":"(anonymous_5)","decl":{"start":{"line":28,"column":16},"end":{"line":28,"column":17}},"loc":{"start":{"line":28,"column":30},"end":{"line":28,"column":67}},"line":28},"6":{"name":"(anonymous_6)","decl":{"start":{"line":29,"column":17},"end":{"line":29,"column":18}},"loc":{"start":{"line":29,"column":29},"end":{"line":29,"column":54}},"line":29},"7":{"name":"(anonymous_7)","decl":{"start":{"line":31,"column":13},"end":{"line":31,"column":14}},"loc":{"start":{"line":32,"column":8},"end":{"line":32,"column":32}},"line":32},"8":{"name":"(anonymous_8)","decl":{"start":{"line":37,"column":12},"end":{"line":37,"column":13}},"loc":{"start":{"line":37,"column":18},"end":{"line":43,"column":3}},"line":37},"9":{"name":"(anonymous_9)","decl":{"start":{"line":40,"column":17},"end":{"line":40,"column":18}},"loc":{"start":{"line":40,"column":34},"end":{"line":40,"column":66}},"line":40},"10":{"name":"(anonymous_10)","decl":{"start":{"line":41,"column":21},"end":{"line":41,"column":22}},"loc":{"start":{"line":41,"column":36},"end":{"line":41,"column":71}},"line":41}},"branchMap":{"0":{"loc":{"start":{"line":38,"column":4},"end":{"line":42,"column":5}},"type":"if","locations":[{"start":{"line":38,"column":4},"end":{"line":42,"column":5}},{"start":{},"end":{}}],"line":38}},"s":{"0":2,"1":1,"2":1,"3":1,"4":1,"5":1,"6":1,"7":0,"8":0,"9":1,"10":1,"11":0,"12":0,"13":0,"14":0,"15":0,"16":1,"17":1,"18":0,"19":0,"20":0,"21":0,"22":1},"f":{"0":2,"1":0,"2":0,"3":1,"4":0,"5":0,"6":0,"7":0,"8":1,"9":0,"10":0},"b":{"0":[0,1]},"_coverageSchema":"1a1c01bbd47fc00a2c39e90264f33305004495a9","hash":"39e800082c3e79609e9b2add118c45ce4c9e63a7"}
,"/Users/daniel/Code/Hack_Reactor/FEC/project-catwalk/src/Components/RelatedItemsAndComparisons/RelatedProductCards.jsx": {"path":"/Users/daniel/Code/Hack_Reactor/FEC/project-catwalk/src/Components/RelatedItemsAndComparisons/RelatedProductCards.jsx","statementMap":{"0":{"start":{"line":9,"column":18},"end":{"line":50,"column":1}},"1":{"start":{"line":53,"column":13},"end":{"line":71,"column":1}},"2":{"start":{"line":74,"column":19},"end":{"line":78,"column":1}},"3":{"start":{"line":84,"column":38},"end":{"line":84,"column":63}},"4":{"start":{"line":85,"column":36},"end":{"line":85,"column":51}},"5":{"start":{"line":87,"column":2},"end":{"line":109,"column":3}},"6":{"start":{"line":88,"column":4},"end":{"line":108,"column":6}},"7":{"start":{"line":111,"column":2},"end":{"line":169,"column":4}},"8":{"start":{"line":134,"column":20},"end":{"line":134,"column":49}},"9":{"start":{"line":135,"column":20},"end":{"line":135,"column":39}},"10":{"start":{"line":141,"column":39},"end":{"line":141,"column":71}},"11":{"start":{"line":172,"column":0},"end":{"line":178,"column":2}}},"fnMap":{"0":{"name":"ProductCard","decl":{"start":{"line":81,"column":9},"end":{"line":81,"column":20}},"loc":{"start":{"line":83,"column":3},"end":{"line":170,"column":1}},"line":83},"1":{"name":"(anonymous_1)","decl":{"start":{"line":133,"column":27},"end":{"line":133,"column":28}},"loc":{"start":{"line":133,"column":33},"end":{"line":136,"column":19}},"line":133},"2":{"name":"(anonymous_2)","decl":{"start":{"line":141,"column":33},"end":{"line":141,"column":34}},"loc":{"start":{"line":141,"column":39},"end":{"line":141,"column":71}},"line":141}},"branchMap":{"0":{"loc":{"start":{"line":87,"column":2},"end":{"line":109,"column":3}},"type":"if","locations":[{"start":{"line":87,"column":2},"end":{"line":109,"column":3}},{"start":{},"end":{}}],"line":87},"1":{"loc":{"start":{"line":121,"column":15},"end":{"line":138,"column":15}},"type":"cond-expr","locations":[{"start":{"line":122,"column":16},"end":{"line":128,"column":25}},{"start":{"line":130,"column":16},"end":{"line":137,"column":18}}],"line":121},"2":{"loc":{"start":{"line":143,"column":21},"end":{"line":144,"column":167}},"type":"cond-expr","locations":[{"start":{"line":143,"column":66},"end":{"line":143,"column":108}},{"start":{"line":144,"column":21},"end":{"line":144,"column":166}}],"line":143},"3":{"loc":{"start":{"line":152,"column":13},"end":{"line":162,"column":13}},"type":"binary-expr","locations":[{"start":{"line":152,"column":13},"end":{"line":152,"column":39}},{"start":{"line":153,"column":14},"end":{"line":161,"column":20}}],"line":152}},"s":{"0":4,"1":4,"2":4,"3":2,"4":2,"5":2,"6":2,"7":0,"8":0,"9":0,"10":0,"11":4},"f":{"0":2,"1":0,"2":0},"b":{"0":[2,0],"1":[0,0],"2":[0,0],"3":[0,0]},"_coverageSchema":"1a1c01bbd47fc00a2c39e90264f33305004495a9","hash":"5598a72c07732b4a6c9a5f13381e8e73621a6eea"}
,"/Users/daniel/Code/Hack_Reactor/FEC/project-catwalk/src/Components/RelatedItemsAndComparisons/RelatedProductsList.jsx": {"path":"/Users/daniel/Code/Hack_Reactor/FEC/project-catwalk/src/Components/RelatedItemsAndComparisons/RelatedProductsList.jsx","statementMap":{"0":{"start":{"line":10,"column":38},"end":{"line":10,"column":63}},"1":{"start":{"line":11,"column":38},"end":{"line":11,"column":50}},"2":{"start":{"line":12,"column":48},"end":{"line":12,"column":60}},"3":{"start":{"line":13,"column":56},"end":{"line":13,"column":68}},"4":{"start":{"line":15,"column":2},"end":{"line":23,"column":18}},"5":{"start":{"line":16,"column":4},"end":{"line":22,"column":9}},"6":{"start":{"line":18,"column":8},"end":{"line":18,"column":32}},"7":{"start":{"line":21,"column":8},"end":{"line":21,"column":32}},"8":{"start":{"line":25,"column":2},"end":{"line":46,"column":19}},"9":{"start":{"line":26,"column":4},"end":{"line":29,"column":5}},"10":{"start":{"line":27,"column":6},"end":{"line":27,"column":29}},"11":{"start":{"line":28,"column":6},"end":{"line":28,"column":33}},"12":{"start":{"line":30,"column":4},"end":{"line":45,"column":7}},"13":{"start":{"line":31,"column":6},"end":{"line":44,"column":11}},"14":{"start":{"line":33,"column":10},"end":{"line":33,"column":66}},"15":{"start":{"line":33,"column":42},"end":{"line":33,"column":64}},"16":{"start":{"line":34,"column":10},"end":{"line":40,"column":15}},"17":{"start":{"line":36,"column":14},"end":{"line":36,"column":87}},"18":{"start":{"line":36,"column":54},"end":{"line":36,"column":85}},"19":{"start":{"line":39,"column":14},"end":{"line":39,"column":38}},"20":{"start":{"line":43,"column":10},"end":{"line":43,"column":34}},"21":{"start":{"line":48,"column":2},"end":{"line":55,"column":3}},"22":{"start":{"line":49,"column":4},"end":{"line":54,"column":6}},"23":{"start":{"line":57,"column":2},"end":{"line":61,"column":4}}},"fnMap":{"0":{"name":"RelatedProductsList","decl":{"start":{"line":9,"column":9},"end":{"line":9,"column":28}},"loc":{"start":{"line":9,"column":31},"end":{"line":63,"column":1}},"line":9},"1":{"name":"(anonymous_1)","decl":{"start":{"line":15,"column":12},"end":{"line":15,"column":13}},"loc":{"start":{"line":15,"column":18},"end":{"line":23,"column":3}},"line":15},"2":{"name":"(anonymous_2)","decl":{"start":{"line":17,"column":12},"end":{"line":17,"column":13}},"loc":{"start":{"line":17,"column":21},"end":{"line":19,"column":7}},"line":17},"3":{"name":"(anonymous_3)","decl":{"start":{"line":20,"column":13},"end":{"line":20,"column":14}},"loc":{"start":{"line":21,"column":8},"end":{"line":21,"column":32}},"line":21},"4":{"name":"(anonymous_4)","decl":{"start":{"line":25,"column":12},"end":{"line":25,"column":13}},"loc":{"start":{"line":25,"column":18},"end":{"line":46,"column":3}},"line":25},"5":{"name":"(anonymous_5)","decl":{"start":{"line":30,"column":23},"end":{"line":30,"column":24}},"loc":{"start":{"line":30,"column":38},"end":{"line":45,"column":5}},"line":30},"6":{"name":"(anonymous_6)","decl":{"start":{"line":32,"column":14},"end":{"line":32,"column":15}},"loc":{"start":{"line":32,"column":23},"end":{"line":41,"column":9}},"line":32},"7":{"name":"(anonymous_7)","decl":{"start":{"line":33,"column":29},"end":{"line":33,"column":30}},"loc":{"start":{"line":33,"column":42},"end":{"line":33,"column":64}},"line":33},"8":{"name":"(anonymous_8)","decl":{"start":{"line":35,"column":18},"end":{"line":35,"column":19}},"loc":{"start":{"line":35,"column":32},"end":{"line":37,"column":13}},"line":35},"9":{"name":"(anonymous_9)","decl":{"start":{"line":36,"column":37},"end":{"line":36,"column":38}},"loc":{"start":{"line":36,"column":54},"end":{"line":36,"column":85}},"line":36},"10":{"name":"(anonymous_10)","decl":{"start":{"line":38,"column":19},"end":{"line":38,"column":20}},"loc":{"start":{"line":39,"column":14},"end":{"line":39,"column":38}},"line":39},"11":{"name":"(anonymous_11)","decl":{"start":{"line":42,"column":15},"end":{"line":42,"column":16}},"loc":{"start":{"line":43,"column":10},"end":{"line":43,"column":34}},"line":43}},"branchMap":{"0":{"loc":{"start":{"line":26,"column":4},"end":{"line":29,"column":5}},"type":"if","locations":[{"start":{"line":26,"column":4},"end":{"line":29,"column":5}},{"start":{},"end":{}}],"line":26},"1":{"loc":{"start":{"line":26,"column":8},"end":{"line":26,"column":72}},"type":"binary-expr","locations":[{"start":{"line":26,"column":8},"end":{"line":26,"column":36}},{"start":{"line":26,"column":40},"end":{"line":26,"column":72}}],"line":26},"2":{"loc":{"start":{"line":48,"column":2},"end":{"line":55,"column":3}},"type":"if","locations":[{"start":{"line":48,"column":2},"end":{"line":55,"column":3}},{"start":{},"end":{}}],"line":48},"3":{"loc":{"start":{"line":48,"column":6},"end":{"line":48,"column":81}},"type":"binary-expr","locations":[{"start":{"line":48,"column":6},"end":{"line":48,"column":54}},{"start":{"line":48,"column":58},"end":{"line":48,"column":81}}],"line":48}},"s":{"0":1,"1":1,"2":1,"3":1,"4":1,"5":1,"6":0,"7":0,"8":1,"9":1,"10":0,"11":0,"12":1,"13":0,"14":0,"15":0,"16":0,"17":0,"18":0,"19":0,"20":0,"21":1,"22":0,"23":1},"f":{"0":1,"1":1,"2":0,"3":0,"4":1,"5":0,"6":0,"7":0,"8":0,"9":0,"10":0,"11":0},"b":{"0":[0,1],"1":[1,1],"2":[0,1],"3":[1,1]},"_coverageSchema":"1a1c01bbd47fc00a2c39e90264f33305004495a9","hash":"cb2b9b1c25f63fd11b6868a7ee840244eebe4c55"}
,"/Users/daniel/Code/Hack_Reactor/FEC/project-catwalk/src/Components/RelatedItemsAndComparisons/index.jsx": {"path":"/Users/daniel/Code/Hack_Reactor/FEC/project-catwalk/src/Components/RelatedItemsAndComparisons/index.jsx","statementMap":{"0":{"start":{"line":7,"column":21},"end":{"line":11,"column":1}},"1":{"start":{"line":13,"column":14},"end":{"line":15,"column":1}},"2":{"start":{"line":18,"column":2},"end":{"line":29,"column":4}}},"fnMap":{"0":{"name":"RelatedItemsAndComparisons","decl":{"start":{"line":17,"column":9},"end":{"line":17,"column":35}},"loc":{"start":{"line":17,"column":38},"end":{"line":30,"column":1}},"line":17}},"branchMap":{},"s":{"0":4,"1":4,"2":2},"f":{"0":2},"b":{},"_coverageSchema":"1a1c01bbd47fc00a2c39e90264f33305004495a9","hash":"12a7b8abdeb7567eb2a63bc8e684f0a5d1a9fa46"}
,"/Users/daniel/Code/Hack_Reactor/FEC/project-catwalk/src/Components/RelatedItemsAndComparisons/other_test_data/othertestdata.js": {"path":"/Users/daniel/Code/Hack_Reactor/FEC/project-catwalk/src/Components/RelatedItemsAndComparisons/other_test_data/othertestdata.js","statementMap":{"0":{"start":{"line":1,"column":21},"end":{"line":57,"column":1}},"1":{"start":{"line":59,"column":22},"end":{"line":79,"column":1}},"2":{"start":{"line":82,"column":25},"end":{"line":440,"column":1}},"3":{"start":{"line":442,"column":28},"end":{"line":447,"column":1}},"4":{"start":{"line":449,"column":0},"end":{"line":454,"column":2}}},"fnMap":{},"branchMap":{},"s":{"0":0,"1":0,"2":0,"3":0,"4":0},"f":{},"b":{}}
,"/Users/daniel/Code/Hack_Reactor/FEC/project-catwalk/src/HOC/withAnalytics.jsx": {"path":"/Users/daniel/Code/Hack_Reactor/FEC/project-catwalk/src/HOC/withAnalytics.jsx","statementMap":{"0":{"start":{"line":6,"column":18},"end":{"line":6,"column":20}},"1":{"start":{"line":8,"column":0},"end":{"line":10,"column":2}},"2":{"start":{"line":9,"column":2},"end":{"line":9,"column":53}},"3":{"start":{"line":12,"column":21},"end":{"line":24,"column":1}},"4":{"start":{"line":13,"column":14},"end":{"line":13,"column":30}},"5":{"start":{"line":15,"column":13},"end":{"line":15,"column":19}},"6":{"start":{"line":16,"column":2},"end":{"line":21,"column":3}},"7":{"start":{"line":17,"column":4},"end":{"line":19,"column":5}},"8":{"start":{"line":18,"column":6},"end":{"line":18,"column":55}},"9":{"start":{"line":20,"column":4},"end":{"line":20,"column":30}},"10":{"start":{"line":23,"column":2},"end":{"line":23,"column":62}},"11":{"start":{"line":26,"column":22},"end":{"line":40,"column":1}},"12":{"start":{"line":26,"column":56},"end":{"line":40,"column":1}},"13":{"start":{"line":27,"column":15},"end":{"line":27,"column":32}},"14":{"start":{"line":29,"column":2},"end":{"line":39,"column":4}},"15":{"start":{"line":34,"column":8},"end":{"line":34,"column":69}}},"fnMap":{"0":{"name":"(anonymous_0)","decl":{"start":{"line":8,"column":24},"end":{"line":8,"column":25}},"loc":{"start":{"line":8,"column":30},"end":{"line":10,"column":1}},"line":8},"1":{"name":"(anonymous_1)","decl":{"start":{"line":12,"column":21},"end":{"line":12,"column":22}},"loc":{"start":{"line":12,"column":73},"end":{"line":24,"column":1}},"line":12},"2":{"name":"(anonymous_2)","decl":{"start":{"line":26,"column":22},"end":{"line":26,"column":23}},"loc":{"start":{"line":26,"column":56},"end":{"line":40,"column":1}},"line":26},"3":{"name":"ComponentWithAnalytics","decl":{"start":{"line":26,"column":65},"end":{"line":26,"column":87}},"loc":{"start":{"line":26,"column":95},"end":{"line":40,"column":1}},"line":26},"4":{"name":"(anonymous_4)","decl":{"start":{"line":33,"column":15},"end":{"line":33,"column":16}},"loc":{"start":{"line":33,"column":22},"end":{"line":35,"column":7}},"line":33}},"branchMap":{"0":{"loc":{"start":{"line":12,"column":48},"end":{"line":12,"column":68}},"type":"default-arg","locations":[{"start":{"line":12,"column":55},"end":{"line":12,"column":68}}],"line":12},"1":{"loc":{"start":{"line":17,"column":4},"end":{"line":19,"column":5}},"type":"if","locations":[{"start":{"line":17,"column":4},"end":{"line":19,"column":5}},{"start":{},"end":{}}],"line":17}},"s":{"0":4,"1":4,"2":0,"3":4,"4":0,"5":0,"6":0,"7":0,"8":0,"9":0,"10":0,"11":4,"12":8,"13":6,"14":3,"15":0},"f":{"0":0,"1":0,"2":8,"3":6,"4":0},"b":{"0":[0],"1":[0,0]},"_coverageSchema":"1a1c01bbd47fc00a2c39e90264f33305004495a9","hash":"ec30ebee96d5c80e5bdc10431fc7e32c38831be0"}
,"/Users/daniel/Code/Hack_Reactor/FEC/project-catwalk/src/util/util.js": {"path":"/Users/daniel/Code/Hack_Reactor/FEC/project-catwalk/src/util/util.js","statementMap":{"0":{"start":{"line":3,"column":26},"end":{"line":12,"column":1}},"1":{"start":{"line":6,"column":18},"end":{"line":6,"column":41}},"2":{"start":{"line":7,"column":23},"end":{"line":7,"column":85}},"3":{"start":{"line":7,"column":49},"end":{"line":7,"column":80}},"4":{"start":{"line":8,"column":26},"end":{"line":8,"column":73}},"5":{"start":{"line":8,"column":52},"end":{"line":8,"column":68}},"6":{"start":{"line":9,"column":25},"end":{"line":9,"column":79}},"7":{"start":{"line":10,"column":26},"end":{"line":10,"column":59}},"8":{"start":{"line":11,"column":2},"end":{"line":11,"column":60}},"9":{"start":{"line":14,"column":22},"end":{"line":22,"column":1}},"10":{"start":{"line":15,"column":17},"end":{"line":15,"column":154}},"11":{"start":{"line":16,"column":17},"end":{"line":16,"column":43}},"12":{"start":{"line":17,"column":15},"end":{"line":17,"column":24}},"13":{"start":{"line":18,"column":16},"end":{"line":18,"column":41}},"14":{"start":{"line":19,"column":12},"end":{"line":19,"column":36}},"15":{"start":{"line":20,"column":2},"end":{"line":20,"column":35}},"16":{"start":{"line":20,"column":22},"end":{"line":20,"column":35}},"17":{"start":{"line":21,"column":2},"end":{"line":21,"column":36}}},"fnMap":{"0":{"name":"(anonymous_0)","decl":{"start":{"line":3,"column":26},"end":{"line":3,"column":27}},"loc":{"start":{"line":3,"column":45},"end":{"line":12,"column":1}},"line":3},"1":{"name":"(anonymous_1)","decl":{"start":{"line":7,"column":39},"end":{"line":7,"column":40}},"loc":{"start":{"line":7,"column":49},"end":{"line":7,"column":80}},"line":7},"2":{"name":"(anonymous_2)","decl":{"start":{"line":8,"column":42},"end":{"line":8,"column":43}},"loc":{"start":{"line":8,"column":52},"end":{"line":8,"column":68}},"line":8},"3":{"name":"(anonymous_3)","decl":{"start":{"line":14,"column":22},"end":{"line":14,"column":23}},"loc":{"start":{"line":14,"column":43},"end":{"line":22,"column":1}},"line":14}},"branchMap":{"0":{"loc":{"start":{"line":20,"column":2},"end":{"line":20,"column":35}},"type":"if","locations":[{"start":{"line":20,"column":2},"end":{"line":20,"column":35}},{"start":{},"end":{}}],"line":20}},"s":{"0":4,"1":0,"2":0,"3":0,"4":0,"5":0,"6":0,"7":0,"8":0,"9":4,"10":0,"11":0,"12":0,"13":0,"14":0,"15":0,"16":0,"17":0},"f":{"0":0,"1":0,"2":0,"3":0},"b":{"0":[0,0]},"_coverageSchema":"1a1c01bbd47fc00a2c39e90264f33305004495a9","hash":"296609347e0c6ad92eb5ade60f43fbb5ab90efa8"}
}
