{"/Users/owencrookston/Coding/hackreactor/FEC/project-catwalk/src/App.jsx": {"path":"/Users/owencrookston/Coding/hackreactor/FEC/project-catwalk/src/App.jsx","statementMap":{"0":{"start":{"line":15,"column":20},"end":{"line":60,"column":1}},"1":{"start":{"line":62,"column":17},"end":{"line":77,"column":1}},"2":{"start":{"line":79,"column":15},"end":{"line":79,"column":85}},"3":{"start":{"line":80,"column":20},"end":{"line":80,"column":57}},"4":{"start":{"line":82,"column":29},"end":{"line":82,"column":45}},"5":{"start":{"line":87,"column":40},"end":{"line":94,"column":4}},"6":{"start":{"line":97,"column":28},"end":{"line":97,"column":49}},"7":{"start":{"line":99,"column":36},"end":{"line":99,"column":66}},"8":{"start":{"line":101,"column":2},"end":{"line":119,"column":18}},"9":{"start":{"line":102,"column":4},"end":{"line":117,"column":9}},"10":{"start":{"line":104,"column":58},"end":{"line":104,"column":66}},"11":{"start":{"line":105,"column":67},"end":{"line":105,"column":102}},"12":{"start":{"line":106,"column":8},"end":{"line":113,"column":11}},"13":{"start":{"line":116,"column":8},"end":{"line":116,"column":24}},"14":{"start":{"line":121,"column":2},"end":{"line":138,"column":4}}},"fnMap":{"0":{"name":"App","decl":{"start":{"line":84,"column":9},"end":{"line":84,"column":12}},"loc":{"start":{"line":84,"column":15},"end":{"line":139,"column":1}},"line":84},"1":{"name":"(anonymous_1)","decl":{"start":{"line":101,"column":18},"end":{"line":101,"column":19}},"loc":{"start":{"line":101,"column":24},"end":{"line":119,"column":3}},"line":101},"2":{"name":"(anonymous_2)","decl":{"start":{"line":103,"column":12},"end":{"line":103,"column":13}},"loc":{"start":{"line":103,"column":21},"end":{"line":114,"column":7}},"line":103},"3":{"name":"(anonymous_3)","decl":{"start":{"line":115,"column":13},"end":{"line":115,"column":14}},"loc":{"start":{"line":116,"column":8},"end":{"line":116,"column":24}},"line":116}},"branchMap":{},"s":{"0":0,"1":0,"2":0,"3":0,"4":0,"5":0,"6":0,"7":0,"8":0,"9":0,"10":0,"11":0,"12":0,"13":0,"14":0},"f":{"0":0,"1":0,"2":0,"3":0},"b":{}}
,"/Users/owencrookston/Coding/hackreactor/FEC/project-catwalk/src/index.jsx": {"path":"/Users/owencrookston/Coding/hackreactor/FEC/project-catwalk/src/index.jsx","statementMap":{"0":{"start":{"line":7,"column":0},"end":{"line":7,"column":58}}},"fnMap":{},"branchMap":{},"s":{"0":0},"f":{},"b":{}}
,"/Users/owencrookston/Coding/hackreactor/FEC/project-catwalk/src/styles.js": {"path":"/Users/owencrookston/Coding/hackreactor/FEC/project-catwalk/src/styles.js","statementMap":{"0":{"start":{"line":3,"column":15},"end":{"line":8,"column":1}},"1":{"start":{"line":10,"column":15},"end":{"line":27,"column":1}},"2":{"start":{"line":30,"column":0},"end":{"line":33,"column":2}}},"fnMap":{},"branchMap":{},"s":{"0":0,"1":0,"2":0},"f":{},"b":{}}
,"/Users/owencrookston/Coding/hackreactor/FEC/project-catwalk/src/Components/FiveStar.jsx": {"path":"/Users/owencrookston/Coding/hackreactor/FEC/project-catwalk/src/Components/FiveStar.jsx","statementMap":{"0":{"start":{"line":5,"column":13},"end":{"line":21,"column":1}},"1":{"start":{"line":23,"column":25},"end":{"line":27,"column":1}},"2":{"start":{"line":29,"column":17},"end":{"line":33,"column":1}},"3":{"start":{"line":35,"column":20},"end":{"line":39,"column":1}},"4":{"start":{"line":41,"column":18},"end":{"line":45,"column":1}},"5":{"start":{"line":49,"column":23},"end":{"line":49,"column":29}},"6":{"start":{"line":50,"column":16},"end":{"line":50,"column":18}},"7":{"start":{"line":51,"column":12},"end":{"line":51,"column":13}},"8":{"start":{"line":53,"column":2},"end":{"line":68,"column":3}},"9":{"start":{"line":54,"column":4},"end":{"line":66,"column":5}},"10":{"start":{"line":55,"column":6},"end":{"line":55,"column":108}},"11":{"start":{"line":56,"column":6},"end":{"line":56,"column":26}},"12":{"start":{"line":57,"column":11},"end":{"line":66,"column":5}},"13":{"start":{"line":58,"column":6},"end":{"line":58,"column":119}},"14":{"start":{"line":59,"column":6},"end":{"line":59,"column":29}},"15":{"start":{"line":60,"column":11},"end":{"line":66,"column":5}},"16":{"start":{"line":61,"column":6},"end":{"line":61,"column":111}},"17":{"start":{"line":62,"column":6},"end":{"line":62,"column":28}},"18":{"start":{"line":64,"column":6},"end":{"line":64,"column":114}},"19":{"start":{"line":65,"column":6},"end":{"line":65,"column":29}},"20":{"start":{"line":67,"column":4},"end":{"line":67,"column":13}},"21":{"start":{"line":70,"column":2},"end":{"line":73,"column":3}},"22":{"start":{"line":71,"column":4},"end":{"line":71,"column":113}},"23":{"start":{"line":72,"column":4},"end":{"line":72,"column":13}},"24":{"start":{"line":75,"column":2},"end":{"line":79,"column":4}},"25":{"start":{"line":82,"column":0},"end":{"line":84,"column":2}}},"fnMap":{"0":{"name":"FiveStar","decl":{"start":{"line":47,"column":9},"end":{"line":47,"column":17}},"loc":{"start":{"line":47,"column":30},"end":{"line":80,"column":1}},"line":47}},"branchMap":{"0":{"loc":{"start":{"line":54,"column":4},"end":{"line":66,"column":5}},"type":"if","locations":[{"start":{"line":54,"column":4},"end":{"line":66,"column":5}},{"start":{"line":57,"column":11},"end":{"line":66,"column":5}}],"line":54},"1":{"loc":{"start":{"line":57,"column":11},"end":{"line":66,"column":5}},"type":"if","locations":[{"start":{"line":57,"column":11},"end":{"line":66,"column":5}},{"start":{"line":60,"column":11},"end":{"line":66,"column":5}}],"line":57},"2":{"loc":{"start":{"line":60,"column":11},"end":{"line":66,"column":5}},"type":"if","locations":[{"start":{"line":60,"column":11},"end":{"line":66,"column":5}},{"start":{"line":63,"column":11},"end":{"line":66,"column":5}}],"line":60}},"s":{"0":1,"1":1,"2":1,"3":1,"4":1,"5":1,"6":1,"7":1,"8":1,"9":4,"10":3,"11":3,"12":1,"13":0,"14":0,"15":1,"16":1,"17":1,"18":0,"19":0,"20":4,"21":1,"22":1,"23":1,"24":1,"25":1},"f":{"0":1},"b":{"0":[3,1],"1":[0,1],"2":[1,0]},"_coverageSchema":"1a1c01bbd47fc00a2c39e90264f33305004495a9","hash":"3540f39ce5db1fb1a2c2d3b1b43b0a1a34ebe7c5"}
,"/Users/owencrookston/Coding/hackreactor/FEC/project-catwalk/src/Components/HelpfulOrReport.jsx": {"path":"/Users/owencrookston/Coding/hackreactor/FEC/project-catwalk/src/Components/HelpfulOrReport.jsx","statementMap":{"0":{"start":{"line":7,"column":2},"end":{"line":10,"column":5}},"1":{"start":{"line":14,"column":18},"end":{"line":18,"column":3}},"2":{"start":{"line":20,"column":2},"end":{"line":35,"column":4}},"3":{"start":{"line":25,"column":8},"end":{"line":31,"column":13}},"4":{"start":{"line":27,"column":12},"end":{"line":27,"column":28}},"5":{"start":{"line":30,"column":12},"end":{"line":30,"column":29}},"6":{"start":{"line":38,"column":0},"end":{"line":42,"column":2}},"7":{"start":{"line":45,"column":18},"end":{"line":49,"column":3}},"8":{"start":{"line":51,"column":2},"end":{"line":66,"column":4}},"9":{"start":{"line":56,"column":8},"end":{"line":62,"column":13}},"10":{"start":{"line":58,"column":12},"end":{"line":58,"column":28}},"11":{"start":{"line":61,"column":12},"end":{"line":61,"column":29}},"12":{"start":{"line":69,"column":0},"end":{"line":73,"column":2}}},"fnMap":{"0":{"name":"helpfulOrReport","decl":{"start":{"line":5,"column":9},"end":{"line":5,"column":24}},"loc":{"start":{"line":5,"column":45},"end":{"line":11,"column":1}},"line":5},"1":{"name":"Helpful","decl":{"start":{"line":13,"column":9},"end":{"line":13,"column":16}},"loc":{"start":{"line":13,"column":46},"end":{"line":36,"column":1}},"line":13},"2":{"name":"(anonymous_2)","decl":{"start":{"line":24,"column":15},"end":{"line":24,"column":16}},"loc":{"start":{"line":24,"column":21},"end":{"line":32,"column":7}},"line":24},"3":{"name":"(anonymous_3)","decl":{"start":{"line":26,"column":16},"end":{"line":26,"column":17}},"loc":{"start":{"line":26,"column":25},"end":{"line":28,"column":11}},"line":26},"4":{"name":"(anonymous_4)","decl":{"start":{"line":29,"column":17},"end":{"line":29,"column":18}},"loc":{"start":{"line":29,"column":26},"end":{"line":31,"column":11}},"line":29},"5":{"name":"Report","decl":{"start":{"line":44,"column":9},"end":{"line":44,"column":15}},"loc":{"start":{"line":44,"column":45},"end":{"line":67,"column":1}},"line":44},"6":{"name":"(anonymous_6)","decl":{"start":{"line":55,"column":15},"end":{"line":55,"column":16}},"loc":{"start":{"line":55,"column":21},"end":{"line":63,"column":7}},"line":55},"7":{"name":"(anonymous_7)","decl":{"start":{"line":57,"column":16},"end":{"line":57,"column":17}},"loc":{"start":{"line":57,"column":25},"end":{"line":59,"column":11}},"line":57},"8":{"name":"(anonymous_8)","decl":{"start":{"line":60,"column":17},"end":{"line":60,"column":18}},"loc":{"start":{"line":60,"column":26},"end":{"line":62,"column":11}},"line":60}},"branchMap":{},"s":{"0":0,"1":0,"2":0,"3":0,"4":0,"5":0,"6":0,"7":0,"8":0,"9":0,"10":0,"11":0,"12":0},"f":{"0":0,"1":0,"2":0,"3":0,"4":0,"5":0,"6":0,"7":0,"8":0},"b":{}}
,"/Users/owencrookston/Coding/hackreactor/FEC/project-catwalk/src/Components/QuestionModal.jsx": {"path":"/Users/owencrookston/Coding/hackreactor/FEC/project-catwalk/src/Components/QuestionModal.jsx","statementMap":{"0":{"start":{"line":9,"column":18},"end":{"line":9,"column":55}},"1":{"start":{"line":12,"column":14},"end":{"line":22,"column":1}},"2":{"start":{"line":23,"column":19},"end":{"line":31,"column":1}},"3":{"start":{"line":32,"column":13},"end":{"line":44,"column":1}},"4":{"start":{"line":45,"column":18},"end":{"line":56,"column":1}},"5":{"start":{"line":57,"column":20},"end":{"line":62,"column":1}},"6":{"start":{"line":63,"column":23},"end":{"line":68,"column":1}},"7":{"start":{"line":69,"column":18},"end":{"line":73,"column":1}},"8":{"start":{"line":74,"column":13},"end":{"line":79,"column":1}},"9":{"start":{"line":82,"column":32},"end":{"line":87,"column":4}},"10":{"start":{"line":89,"column":21},"end":{"line":102,"column":3}},"11":{"start":{"line":90,"column":4},"end":{"line":101,"column":9}},"12":{"start":{"line":96,"column":8},"end":{"line":96,"column":20}},"13":{"start":{"line":99,"column":8},"end":{"line":99,"column":35}},"14":{"start":{"line":100,"column":8},"end":{"line":100,"column":25}},"15":{"start":{"line":105,"column":4},"end":{"line":144,"column":12}},"16":{"start":{"line":107,"column":29},"end":{"line":107,"column":42}},"17":{"start":{"line":114,"column":29},"end":{"line":114,"column":80}},"18":{"start":{"line":114,"column":48},"end":{"line":114,"column":78}},"19":{"start":{"line":124,"column":29},"end":{"line":124,"column":81}},"20":{"start":{"line":124,"column":48},"end":{"line":124,"column":79}},"21":{"start":{"line":136,"column":29},"end":{"line":136,"column":80}},"22":{"start":{"line":136,"column":48},"end":{"line":136,"column":78}},"23":{"start":{"line":147,"column":2},"end":{"line":147,"column":48}},"24":{"start":{"line":150,"column":0},"end":{"line":153,"column":2}}},"fnMap":{"0":{"name":"QuestionModal","decl":{"start":{"line":81,"column":9},"end":{"line":81,"column":22}},"loc":{"start":{"line":81,"column":49},"end":{"line":148,"column":1}},"line":81},"1":{"name":"(anonymous_1)","decl":{"start":{"line":89,"column":21},"end":{"line":89,"column":22}},"loc":{"start":{"line":89,"column":27},"end":{"line":102,"column":3}},"line":89},"2":{"name":"(anonymous_2)","decl":{"start":{"line":95,"column":12},"end":{"line":95,"column":13}},"loc":{"start":{"line":95,"column":21},"end":{"line":97,"column":7}},"line":95},"3":{"name":"(anonymous_3)","decl":{"start":{"line":98,"column":13},"end":{"line":98,"column":14}},"loc":{"start":{"line":98,"column":22},"end":{"line":101,"column":7}},"line":98},"4":{"name":"(anonymous_4)","decl":{"start":{"line":107,"column":22},"end":{"line":107,"column":23}},"loc":{"start":{"line":107,"column":29},"end":{"line":107,"column":42}},"line":107},"5":{"name":"(anonymous_5)","decl":{"start":{"line":114,"column":22},"end":{"line":114,"column":23}},"loc":{"start":{"line":114,"column":29},"end":{"line":114,"column":80}},"line":114},"6":{"name":"(anonymous_6)","decl":{"start":{"line":114,"column":40},"end":{"line":114,"column":41}},"loc":{"start":{"line":114,"column":48},"end":{"line":114,"column":78}},"line":114},"7":{"name":"(anonymous_7)","decl":{"start":{"line":124,"column":22},"end":{"line":124,"column":23}},"loc":{"start":{"line":124,"column":29},"end":{"line":124,"column":81}},"line":124},"8":{"name":"(anonymous_8)","decl":{"start":{"line":124,"column":40},"end":{"line":124,"column":41}},"loc":{"start":{"line":124,"column":48},"end":{"line":124,"column":79}},"line":124},"9":{"name":"(anonymous_9)","decl":{"start":{"line":136,"column":22},"end":{"line":136,"column":23}},"loc":{"start":{"line":136,"column":29},"end":{"line":136,"column":80}},"line":136},"10":{"name":"(anonymous_10)","decl":{"start":{"line":136,"column":40},"end":{"line":136,"column":41}},"loc":{"start":{"line":136,"column":48},"end":{"line":136,"column":78}},"line":136}},"branchMap":{},"s":{"0":0,"1":0,"2":0,"3":0,"4":0,"5":0,"6":0,"7":0,"8":0,"9":0,"10":0,"11":0,"12":0,"13":0,"14":0,"15":0,"16":0,"17":0,"18":0,"19":0,"20":0,"21":0,"22":0,"23":0,"24":0},"f":{"0":0,"1":0,"2":0,"3":0,"4":0,"5":0,"6":0,"7":0,"8":0,"9":0,"10":0},"b":{}}
,"/Users/owencrookston/Coding/hackreactor/FEC/project-catwalk/src/Components/ReviewModal.jsx": {"path":"/Users/owencrookston/Coding/hackreactor/FEC/project-catwalk/src/Components/ReviewModal.jsx","statementMap":{"0":{"start":{"line":12,"column":18},"end":{"line":12,"column":55}},"1":{"start":{"line":15,"column":14},"end":{"line":25,"column":1}},"2":{"start":{"line":26,"column":19},"end":{"line":34,"column":1}},"3":{"start":{"line":35,"column":13},"end":{"line":47,"column":1}},"4":{"start":{"line":48,"column":18},"end":{"line":59,"column":1}},"5":{"start":{"line":60,"column":20},"end":{"line":65,"column":1}},"6":{"start":{"line":66,"column":23},"end":{"line":71,"column":1}},"7":{"start":{"line":72,"column":18},"end":{"line":76,"column":1}},"8":{"start":{"line":77,"column":13},"end":{"line":81,"column":1}},"9":{"start":{"line":82,"column":28},"end":{"line":85,"column":1}},"10":{"start":{"line":86,"column":20},"end":{"line":91,"column":1}},"11":{"start":{"line":94,"column":2},"end":{"line":94,"column":34}},"12":{"start":{"line":95,"column":36},"end":{"line":95,"column":47}},"13":{"start":{"line":97,"column":30},"end":{"line":104,"column":3}},"14":{"start":{"line":106,"column":2},"end":{"line":137,"column":4}},"15":{"start":{"line":115,"column":8},"end":{"line":115,"column":45}},"16":{"start":{"line":116,"column":8},"end":{"line":116,"column":82}},"17":{"start":{"line":116,"column":41},"end":{"line":116,"column":79}},"18":{"start":{"line":120,"column":10},"end":{"line":126,"column":12}},"19":{"start":{"line":141,"column":30},"end":{"line":141,"column":67}},"20":{"start":{"line":142,"column":32},"end":{"line":151,"column":4}},"21":{"start":{"line":152,"column":60},"end":{"line":152,"column":72}},"22":{"start":{"line":154,"column":21},"end":{"line":168,"column":3}},"23":{"start":{"line":155,"column":4},"end":{"line":155,"column":23}},"24":{"start":{"line":156,"column":4},"end":{"line":167,"column":9}},"25":{"start":{"line":162,"column":8},"end":{"line":162,"column":20}},"26":{"start":{"line":165,"column":8},"end":{"line":165,"column":35}},"27":{"start":{"line":166,"column":8},"end":{"line":166,"column":25}},"28":{"start":{"line":171,"column":4},"end":{"line":259,"column":12}},"29":{"start":{"line":173,"column":29},"end":{"line":173,"column":42}},"30":{"start":{"line":180,"column":29},"end":{"line":180,"column":80}},"31":{"start":{"line":180,"column":48},"end":{"line":180,"column":78}},"32":{"start":{"line":190,"column":29},"end":{"line":190,"column":81}},"33":{"start":{"line":190,"column":48},"end":{"line":190,"column":79}},"34":{"start":{"line":200,"column":29},"end":{"line":200,"column":83}},"35":{"start":{"line":200,"column":48},"end":{"line":200,"column":81}},"36":{"start":{"line":212,"column":29},"end":{"line":212,"column":80}},"37":{"start":{"line":212,"column":48},"end":{"line":212,"column":78}},"38":{"start":{"line":217,"column":27},"end":{"line":217,"column":73}},"39":{"start":{"line":218,"column":12},"end":{"line":218,"column":58}},"40":{"start":{"line":218,"column":31},"end":{"line":218,"column":55}},"41":{"start":{"line":228,"column":16},"end":{"line":228,"column":106}},"42":{"start":{"line":234,"column":32},"end":{"line":234,"column":98}},"43":{"start":{"line":234,"column":51},"end":{"line":234,"column":96}},"44":{"start":{"line":262,"column":2},"end":{"line":262,"column":48}},"45":{"start":{"line":265,"column":0},"end":{"line":268,"column":2}}},"fnMap":{"0":{"name":"CharacteristicFormatter","decl":{"start":{"line":93,"column":9},"end":{"line":93,"column":32}},"loc":{"start":{"line":93,"column":79},"end":{"line":138,"column":1}},"line":93},"1":{"name":"(anonymous_1)","decl":{"start":{"line":114,"column":27},"end":{"line":114,"column":28}},"loc":{"start":{"line":114,"column":34},"end":{"line":117,"column":7}},"line":114},"2":{"name":"(anonymous_2)","decl":{"start":{"line":116,"column":33},"end":{"line":116,"column":34}},"loc":{"start":{"line":116,"column":41},"end":{"line":116,"column":79}},"line":116},"3":{"name":"(anonymous_3)","decl":{"start":{"line":119,"column":49},"end":{"line":119,"column":50}},"loc":{"start":{"line":120,"column":10},"end":{"line":126,"column":12}},"line":120},"4":{"name":"ReviewModal","decl":{"start":{"line":140,"column":9},"end":{"line":140,"column":20}},"loc":{"start":{"line":140,"column":40},"end":{"line":263,"column":1}},"line":140},"5":{"name":"(anonymous_5)","decl":{"start":{"line":154,"column":21},"end":{"line":154,"column":22}},"loc":{"start":{"line":154,"column":28},"end":{"line":168,"column":3}},"line":154},"6":{"name":"(anonymous_6)","decl":{"start":{"line":161,"column":12},"end":{"line":161,"column":13}},"loc":{"start":{"line":161,"column":21},"end":{"line":163,"column":7}},"line":161},"7":{"name":"(anonymous_7)","decl":{"start":{"line":164,"column":13},"end":{"line":164,"column":14}},"loc":{"start":{"line":164,"column":22},"end":{"line":167,"column":7}},"line":164},"8":{"name":"(anonymous_8)","decl":{"start":{"line":173,"column":22},"end":{"line":173,"column":23}},"loc":{"start":{"line":173,"column":29},"end":{"line":173,"column":42}},"line":173},"9":{"name":"(anonymous_9)","decl":{"start":{"line":180,"column":22},"end":{"line":180,"column":23}},"loc":{"start":{"line":180,"column":29},"end":{"line":180,"column":80}},"line":180},"10":{"name":"(anonymous_10)","decl":{"start":{"line":180,"column":40},"end":{"line":180,"column":41}},"loc":{"start":{"line":180,"column":48},"end":{"line":180,"column":78}},"line":180},"11":{"name":"(anonymous_11)","decl":{"start":{"line":190,"column":22},"end":{"line":190,"column":23}},"loc":{"start":{"line":190,"column":29},"end":{"line":190,"column":81}},"line":190},"12":{"name":"(anonymous_12)","decl":{"start":{"line":190,"column":40},"end":{"line":190,"column":41}},"loc":{"start":{"line":190,"column":48},"end":{"line":190,"column":79}},"line":190},"13":{"name":"(anonymous_13)","decl":{"start":{"line":200,"column":22},"end":{"line":200,"column":23}},"loc":{"start":{"line":200,"column":29},"end":{"line":200,"column":83}},"line":200},"14":{"name":"(anonymous_14)","decl":{"start":{"line":200,"column":40},"end":{"line":200,"column":41}},"loc":{"start":{"line":200,"column":48},"end":{"line":200,"column":81}},"line":200},"15":{"name":"(anonymous_15)","decl":{"start":{"line":212,"column":22},"end":{"line":212,"column":23}},"loc":{"start":{"line":212,"column":29},"end":{"line":212,"column":80}},"line":212},"16":{"name":"(anonymous_16)","decl":{"start":{"line":212,"column":40},"end":{"line":212,"column":41}},"loc":{"start":{"line":212,"column":48},"end":{"line":212,"column":78}},"line":212},"17":{"name":"(anonymous_17)","decl":{"start":{"line":216,"column":19},"end":{"line":216,"column":20}},"loc":{"start":{"line":216,"column":26},"end":{"line":219,"column":11}},"line":216},"18":{"name":"(anonymous_18)","decl":{"start":{"line":218,"column":23},"end":{"line":218,"column":24}},"loc":{"start":{"line":218,"column":31},"end":{"line":218,"column":55}},"line":218},"19":{"name":"(anonymous_19)","decl":{"start":{"line":227,"column":19},"end":{"line":227,"column":20}},"loc":{"start":{"line":228,"column":16},"end":{"line":228,"column":106}},"line":228},"20":{"name":"(anonymous_20)","decl":{"start":{"line":234,"column":25},"end":{"line":234,"column":26}},"loc":{"start":{"line":234,"column":32},"end":{"line":234,"column":98}},"line":234},"21":{"name":"(anonymous_21)","decl":{"start":{"line":234,"column":43},"end":{"line":234,"column":44}},"loc":{"start":{"line":234,"column":51},"end":{"line":234,"column":96}},"line":234}},"branchMap":{"0":{"loc":{"start":{"line":112,"column":9},"end":{"line":112,"column":95}},"type":"cond-expr","locations":[{"start":{"line":112,"column":27},"end":{"line":112,"column":87}},{"start":{"line":112,"column":90},"end":{"line":112,"column":95}}],"line":112}},"s":{"0":0,"1":0,"2":0,"3":0,"4":0,"5":0,"6":0,"7":0,"8":0,"9":0,"10":0,"11":0,"12":0,"13":0,"14":0,"15":0,"16":0,"17":0,"18":0,"19":0,"20":0,"21":0,"22":0,"23":0,"24":0,"25":0,"26":0,"27":0,"28":0,"29":0,"30":0,"31":0,"32":0,"33":0,"34":0,"35":0,"36":0,"37":0,"38":0,"39":0,"40":0,"41":0,"42":0,"43":0,"44":0,"45":0},"f":{"0":0,"1":0,"2":0,"3":0,"4":0,"5":0,"6":0,"7":0,"8":0,"9":0,"10":0,"11":0,"12":0,"13":0,"14":0,"15":0,"16":0,"17":0,"18":0,"19":0,"20":0,"21":0},"b":{"0":[0,0]}}
,"/Users/owencrookston/Coding/hackreactor/FEC/project-catwalk/src/Components/SearchSite.jsx": {"path":"/Users/owencrookston/Coding/hackreactor/FEC/project-catwalk/src/Components/SearchSite.jsx","statementMap":{"0":{"start":{"line":7,"column":18},"end":{"line":34,"column":1}},"1":{"start":{"line":37,"column":27},"end":{"line":37,"column":52}},"2":{"start":{"line":38,"column":48},"end":{"line":38,"column":60}},"3":{"start":{"line":40,"column":34},"end":{"line":42,"column":3}},"4":{"start":{"line":41,"column":4},"end":{"line":41,"column":39}},"5":{"start":{"line":44,"column":32},"end":{"line":61,"column":3}},"6":{"start":{"line":45,"column":4},"end":{"line":45,"column":23}},"7":{"start":{"line":46,"column":4},"end":{"line":60,"column":9}},"8":{"start":{"line":48,"column":8},"end":{"line":48,"column":30}},"9":{"start":{"line":49,"column":27},"end":{"line":49,"column":107}},"10":{"start":{"line":49,"column":54},"end":{"line":49,"column":106}},"11":{"start":{"line":50,"column":8},"end":{"line":55,"column":9}},"12":{"start":{"line":51,"column":24},"end":{"line":51,"column":37}},"13":{"start":{"line":52,"column":10},"end":{"line":52,"column":30}},"14":{"start":{"line":54,"column":10},"end":{"line":54,"column":43}},"15":{"start":{"line":56,"column":8},"end":{"line":56,"column":31}},"16":{"start":{"line":59,"column":8},"end":{"line":59,"column":25}},"17":{"start":{"line":63,"column":2},"end":{"line":68,"column":4}}},"fnMap":{"0":{"name":"SearchSite","decl":{"start":{"line":36,"column":9},"end":{"line":36,"column":19}},"loc":{"start":{"line":36,"column":22},"end":{"line":69,"column":1}},"line":36},"1":{"name":"(anonymous_1)","decl":{"start":{"line":40,"column":34},"end":{"line":40,"column":35}},"loc":{"start":{"line":40,"column":41},"end":{"line":42,"column":3}},"line":40},"2":{"name":"(anonymous_2)","decl":{"start":{"line":44,"column":32},"end":{"line":44,"column":33}},"loc":{"start":{"line":44,"column":39},"end":{"line":61,"column":3}},"line":44},"3":{"name":"(anonymous_3)","decl":{"start":{"line":47,"column":12},"end":{"line":47,"column":13}},"loc":{"start":{"line":47,"column":21},"end":{"line":57,"column":7}},"line":47},"4":{"name":"(anonymous_4)","decl":{"start":{"line":49,"column":41},"end":{"line":49,"column":42}},"loc":{"start":{"line":49,"column":54},"end":{"line":49,"column":106}},"line":49},"5":{"name":"(anonymous_5)","decl":{"start":{"line":58,"column":13},"end":{"line":58,"column":14}},"loc":{"start":{"line":58,"column":22},"end":{"line":60,"column":7}},"line":58}},"branchMap":{"0":{"loc":{"start":{"line":50,"column":8},"end":{"line":55,"column":9}},"type":"if","locations":[{"start":{"line":50,"column":8},"end":{"line":55,"column":9}},{"start":{"line":53,"column":15},"end":{"line":55,"column":9}}],"line":50}},"s":{"0":0,"1":0,"2":0,"3":0,"4":0,"5":0,"6":0,"7":0,"8":0,"9":0,"10":0,"11":0,"12":0,"13":0,"14":0,"15":0,"16":0,"17":0},"f":{"0":0,"1":0,"2":0,"3":0,"4":0,"5":0},"b":{"0":[0,0]}}
,"/Users/owencrookston/Coding/hackreactor/FEC/project-catwalk/src/Components/Overview/index.jsx": {"path":"/Users/owencrookston/Coding/hackreactor/FEC/project-catwalk/src/Components/Overview/index.jsx","statementMap":{"0":{"start":{"line":18,"column":22},"end":{"line":25,"column":1}},"1":{"start":{"line":27,"column":28},"end":{"line":31,"column":1}},"2":{"start":{"line":33,"column":31},"end":{"line":33,"column":48}},"3":{"start":{"line":36,"column":24},"end":{"line":36,"column":49}},"4":{"start":{"line":37,"column":50},"end":{"line":37,"column":62}},"5":{"start":{"line":38,"column":60},"end":{"line":38,"column":72}},"6":{"start":{"line":39,"column":54},"end":{"line":39,"column":66}},"7":{"start":{"line":40,"column":40},"end":{"line":40,"column":52}},"8":{"start":{"line":41,"column":44},"end":{"line":41,"column":56}},"9":{"start":{"line":42,"column":46},"end":{"line":42,"column":57}},"10":{"start":{"line":43,"column":36},"end":{"line":43,"column":47}},"11":{"start":{"line":45,"column":2},"end":{"line":66,"column":18}},"12":{"start":{"line":46,"column":4},"end":{"line":46,"column":27}},"13":{"start":{"line":47,"column":4},"end":{"line":53,"column":9}},"14":{"start":{"line":49,"column":8},"end":{"line":49,"column":33}},"15":{"start":{"line":52,"column":8},"end":{"line":52,"column":25}},"16":{"start":{"line":55,"column":4},"end":{"line":65,"column":9}},"17":{"start":{"line":57,"column":26},"end":{"line":57,"column":45}},"18":{"start":{"line":58,"column":8},"end":{"line":58,"column":43}},"19":{"start":{"line":59,"column":8},"end":{"line":59,"column":44}},"20":{"start":{"line":60,"column":8},"end":{"line":60,"column":48}},"21":{"start":{"line":61,"column":8},"end":{"line":61,"column":58}},"22":{"start":{"line":64,"column":8},"end":{"line":64,"column":25}},"23":{"start":{"line":68,"column":2},"end":{"line":95,"column":4}}},"fnMap":{"0":{"name":"Overview","decl":{"start":{"line":35,"column":9},"end":{"line":35,"column":17}},"loc":{"start":{"line":35,"column":20},"end":{"line":96,"column":1}},"line":35},"1":{"name":"(anonymous_1)","decl":{"start":{"line":45,"column":12},"end":{"line":45,"column":13}},"loc":{"start":{"line":45,"column":18},"end":{"line":66,"column":3}},"line":45},"2":{"name":"(anonymous_2)","decl":{"start":{"line":48,"column":12},"end":{"line":48,"column":13}},"loc":{"start":{"line":48,"column":21},"end":{"line":50,"column":7}},"line":48},"3":{"name":"(anonymous_3)","decl":{"start":{"line":51,"column":13},"end":{"line":51,"column":14}},"loc":{"start":{"line":51,"column":22},"end":{"line":53,"column":7}},"line":51},"4":{"name":"(anonymous_4)","decl":{"start":{"line":56,"column":12},"end":{"line":56,"column":13}},"loc":{"start":{"line":56,"column":21},"end":{"line":62,"column":7}},"line":56},"5":{"name":"(anonymous_5)","decl":{"start":{"line":63,"column":13},"end":{"line":63,"column":14}},"loc":{"start":{"line":63,"column":22},"end":{"line":65,"column":7}},"line":63}},"branchMap":{},"s":{"0":0,"1":0,"2":0,"3":0,"4":0,"5":0,"6":0,"7":0,"8":0,"9":0,"10":0,"11":0,"12":0,"13":0,"14":0,"15":0,"16":0,"17":0,"18":0,"19":0,"20":0,"21":0,"22":0,"23":0},"f":{"0":0,"1":0,"2":0,"3":0,"4":0,"5":0},"b":{}}
,"/Users/owencrookston/Coding/hackreactor/FEC/project-catwalk/src/Components/Overview/OverviewComponents/AddToCart.jsx": {"path":"/Users/owencrookston/Coding/hackreactor/FEC/project-catwalk/src/Components/Overview/OverviewComponents/AddToCart.jsx","statementMap":{"0":{"start":{"line":6,"column":17},"end":{"line":31,"column":1}},"1":{"start":{"line":33,"column":14},"end":{"line":33,"column":41}},"2":{"start":{"line":34,"column":19},"end":{"line":34,"column":70}},"3":{"start":{"line":36,"column":19},"end":{"line":45,"column":1}},"4":{"start":{"line":37,"column":22},"end":{"line":37,"column":24}},"5":{"start":{"line":38,"column":2},"end":{"line":43,"column":5}},"6":{"start":{"line":39,"column":4},"end":{"line":42,"column":6}},"7":{"start":{"line":44,"column":2},"end":{"line":44,"column":21}},"8":{"start":{"line":48,"column":16},"end":{"line":48,"column":70}},"9":{"start":{"line":49,"column":44},"end":{"line":49,"column":67}},"10":{"start":{"line":50,"column":44},"end":{"line":50,"column":55}},"11":{"start":{"line":51,"column":52},"end":{"line":51,"column":63}},"12":{"start":{"line":54,"column":2},"end":{"line":57,"column":14}},"13":{"start":{"line":55,"column":4},"end":{"line":55,"column":36}},"14":{"start":{"line":56,"column":4},"end":{"line":56,"column":24}},"15":{"start":{"line":59,"column":27},"end":{"line":68,"column":3}},"16":{"start":{"line":60,"column":26},"end":{"line":60,"column":43}},"17":{"start":{"line":61,"column":4},"end":{"line":65,"column":5}},"18":{"start":{"line":62,"column":6},"end":{"line":62,"column":43}},"19":{"start":{"line":63,"column":6},"end":{"line":63,"column":27}},"20":{"start":{"line":64,"column":6},"end":{"line":64,"column":13}},"21":{"start":{"line":66,"column":4},"end":{"line":66,"column":41}},"22":{"start":{"line":67,"column":4},"end":{"line":67,"column":65}},"23":{"start":{"line":70,"column":31},"end":{"line":72,"column":3}},"24":{"start":{"line":71,"column":4},"end":{"line":71,"column":45}},"25":{"start":{"line":74,"column":26},"end":{"line":86,"column":3}},"26":{"start":{"line":75,"column":26},"end":{"line":75,"column":43}},"27":{"start":{"line":76,"column":4},"end":{"line":85,"column":9}},"28":{"start":{"line":81,"column":8},"end":{"line":81,"column":25}},"29":{"start":{"line":84,"column":8},"end":{"line":84,"column":25}},"30":{"start":{"line":88,"column":29},"end":{"line":88,"column":33}},"31":{"start":{"line":89,"column":2},"end":{"line":106,"column":3}},"32":{"start":{"line":90,"column":4},"end":{"line":90,"column":78}},"33":{"start":{"line":92,"column":4},"end":{"line":105,"column":6}},"34":{"start":{"line":99,"column":10},"end":{"line":101,"column":11}},"35":{"start":{"line":100,"column":12},"end":{"line":100,"column":60}},"36":{"start":{"line":102,"column":10},"end":{"line":102,"column":22}},"37":{"start":{"line":108,"column":2},"end":{"line":126,"column":4}},"38":{"start":{"line":118,"column":31},"end":{"line":118,"column":67}}},"fnMap":{"0":{"name":"(anonymous_0)","decl":{"start":{"line":36,"column":19},"end":{"line":36,"column":20}},"loc":{"start":{"line":36,"column":30},"end":{"line":45,"column":1}},"line":36},"1":{"name":"(anonymous_1)","decl":{"start":{"line":38,"column":32},"end":{"line":38,"column":33}},"loc":{"start":{"line":38,"column":41},"end":{"line":43,"column":3}},"line":38},"2":{"name":"AddToCart","decl":{"start":{"line":47,"column":9},"end":{"line":47,"column":18}},"loc":{"start":{"line":47,"column":21},"end":{"line":127,"column":1}},"line":47},"3":{"name":"(anonymous_3)","decl":{"start":{"line":54,"column":12},"end":{"line":54,"column":13}},"loc":{"start":{"line":54,"column":18},"end":{"line":57,"column":3}},"line":54},"4":{"name":"(anonymous_4)","decl":{"start":{"line":59,"column":27},"end":{"line":59,"column":28}},"loc":{"start":{"line":59,"column":38},"end":{"line":68,"column":3}},"line":59},"5":{"name":"(anonymous_5)","decl":{"start":{"line":70,"column":31},"end":{"line":70,"column":32}},"loc":{"start":{"line":70,"column":42},"end":{"line":72,"column":3}},"line":70},"6":{"name":"(anonymous_6)","decl":{"start":{"line":74,"column":26},"end":{"line":74,"column":27}},"loc":{"start":{"line":74,"column":32},"end":{"line":86,"column":3}},"line":74},"7":{"name":"(anonymous_7)","decl":{"start":{"line":80,"column":12},"end":{"line":80,"column":13}},"loc":{"start":{"line":80,"column":21},"end":{"line":82,"column":7}},"line":80},"8":{"name":"(anonymous_8)","decl":{"start":{"line":83,"column":13},"end":{"line":83,"column":14}},"loc":{"start":{"line":83,"column":22},"end":{"line":85,"column":7}},"line":83},"9":{"name":"(anonymous_9)","decl":{"start":{"line":98,"column":24},"end":{"line":98,"column":25}},"loc":{"start":{"line":98,"column":36},"end":{"line":103,"column":9}},"line":98},"10":{"name":"(anonymous_10)","decl":{"start":{"line":118,"column":21},"end":{"line":118,"column":22}},"loc":{"start":{"line":118,"column":31},"end":{"line":118,"column":67}},"line":118}},"branchMap":{"0":{"loc":{"start":{"line":61,"column":4},"end":{"line":65,"column":5}},"type":"if","locations":[{"start":{"line":61,"column":4},"end":{"line":65,"column":5}},{"start":{},"end":{}}],"line":61},"1":{"loc":{"start":{"line":89,"column":2},"end":{"line":106,"column":3}},"type":"if","locations":[{"start":{"line":89,"column":2},"end":{"line":106,"column":3}},{"start":{"line":91,"column":9},"end":{"line":106,"column":3}}],"line":89},"2":{"loc":{"start":{"line":99,"column":10},"end":{"line":101,"column":11}},"type":"if","locations":[{"start":{"line":99,"column":10},"end":{"line":101,"column":11}},{"start":{},"end":{}}],"line":99},"3":{"loc":{"start":{"line":99,"column":14},"end":{"line":99,"column":53}},"type":"binary-expr","locations":[{"start":{"line":99,"column":14},"end":{"line":99,"column":37}},{"start":{"line":99,"column":41},"end":{"line":99,"column":53}}],"line":99},"4":{"loc":{"start":{"line":116,"column":11},"end":{"line":117,"column":44}},"type":"cond-expr","locations":[{"start":{"line":117,"column":14},"end":{"line":117,"column":37}},{"start":{"line":117,"column":40},"end":{"line":117,"column":44}}],"line":116},"5":{"loc":{"start":{"line":120,"column":9},"end":{"line":120,"column":52}},"type":"cond-expr","locations":[{"start":{"line":120,"column":25},"end":{"line":120,"column":45}},{"start":{"line":120,"column":48},"end":{"line":120,"column":52}}],"line":120},"6":{"loc":{"start":{"line":122,"column":7},"end":{"line":124,"column":78}},"type":"cond-expr","locations":[{"start":{"line":123,"column":10},"end":{"line":123,"column":14}},{"start":{"line":124,"column":10},"end":{"line":124,"column":78}}],"line":122}},"s":{"0":0,"1":0,"2":0,"3":0,"4":0,"5":0,"6":0,"7":0,"8":0,"9":0,"10":0,"11":0,"12":0,"13":0,"14":0,"15":0,"16":0,"17":0,"18":0,"19":0,"20":0,"21":0,"22":0,"23":0,"24":0,"25":0,"26":0,"27":0,"28":0,"29":0,"30":0,"31":0,"32":0,"33":0,"34":0,"35":0,"36":0,"37":0,"38":0},"f":{"0":0,"1":0,"2":0,"3":0,"4":0,"5":0,"6":0,"7":0,"8":0,"9":0,"10":0},"b":{"0":[0,0],"1":[0,0],"2":[0,0],"3":[0,0],"4":[0,0],"5":[0,0],"6":[0,0]}}
,"/Users/owencrookston/Coding/hackreactor/FEC/project-catwalk/src/Components/Overview/OverviewComponents/ExpandedView.jsx": {"path":"/Users/owencrookston/Coding/hackreactor/FEC/project-catwalk/src/Components/Overview/OverviewComponents/ExpandedView.jsx","statementMap":{"0":{"start":{"line":5,"column":14},"end":{"line":28,"column":1}},"1":{"start":{"line":31,"column":2},"end":{"line":35,"column":4}},"2":{"start":{"line":38,"column":0},"end":{"line":41,"column":2}}},"fnMap":{"0":{"name":"ExpandedView","decl":{"start":{"line":30,"column":9},"end":{"line":30,"column":21}},"loc":{"start":{"line":30,"column":53},"end":{"line":36,"column":1}},"line":30}},"branchMap":{},"s":{"0":0,"1":0,"2":0},"f":{"0":0},"b":{}}
,"/Users/owencrookston/Coding/hackreactor/FEC/project-catwalk/src/Components/Overview/OverviewComponents/MainView.jsx": {"path":"/Users/owencrookston/Coding/hackreactor/FEC/project-catwalk/src/Components/Overview/OverviewComponents/MainView.jsx","statementMap":{"0":{"start":{"line":11,"column":18},"end":{"line":27,"column":1}},"1":{"start":{"line":38,"column":6},"end":{"line":38,"column":33}},"2":{"start":{"line":40,"column":38},"end":{"line":40,"column":53}},"3":{"start":{"line":42,"column":16},"end":{"line":42,"column":35}},"4":{"start":{"line":44,"column":2},"end":{"line":52,"column":23}},"5":{"start":{"line":45,"column":4},"end":{"line":51,"column":7}},"6":{"start":{"line":46,"column":6},"end":{"line":50,"column":7}},"7":{"start":{"line":47,"column":8},"end":{"line":47,"column":40}},"8":{"start":{"line":48,"column":8},"end":{"line":48,"column":44}},"9":{"start":{"line":49,"column":8},"end":{"line":49,"column":62}},"10":{"start":{"line":54,"column":27},"end":{"line":57,"column":3}},"11":{"start":{"line":55,"column":4},"end":{"line":55,"column":23}},"12":{"start":{"line":56,"column":4},"end":{"line":56,"column":31}},"13":{"start":{"line":59,"column":2},"end":{"line":82,"column":3}},"14":{"start":{"line":60,"column":4},"end":{"line":81,"column":6}},"15":{"start":{"line":84,"column":2},"end":{"line":88,"column":4}}},"fnMap":{"0":{"name":"MainView","decl":{"start":{"line":29,"column":9},"end":{"line":29,"column":17}},"loc":{"start":{"line":29,"column":20},"end":{"line":89,"column":1}},"line":29},"1":{"name":"(anonymous_1)","decl":{"start":{"line":44,"column":12},"end":{"line":44,"column":13}},"loc":{"start":{"line":44,"column":18},"end":{"line":52,"column":3}},"line":44},"2":{"name":"(anonymous_2)","decl":{"start":{"line":45,"column":26},"end":{"line":45,"column":27}},"loc":{"start":{"line":45,"column":37},"end":{"line":51,"column":5}},"line":45},"3":{"name":"(anonymous_3)","decl":{"start":{"line":54,"column":27},"end":{"line":54,"column":28}},"loc":{"start":{"line":54,"column":34},"end":{"line":57,"column":3}},"line":54}},"branchMap":{"0":{"loc":{"start":{"line":46,"column":6},"end":{"line":50,"column":7}},"type":"if","locations":[{"start":{"line":46,"column":6},"end":{"line":50,"column":7}},{"start":{},"end":{}}],"line":46},"1":{"loc":{"start":{"line":59,"column":2},"end":{"line":82,"column":3}},"type":"if","locations":[{"start":{"line":59,"column":2},"end":{"line":82,"column":3}},{"start":{},"end":{}}],"line":59},"2":{"loc":{"start":{"line":72,"column":9},"end":{"line":79,"column":16}},"type":"cond-expr","locations":[{"start":{"line":74,"column":12},"end":{"line":77,"column":14}},{"start":{"line":79,"column":12},"end":{"line":79,"column":16}}],"line":72}},"s":{"0":0,"1":0,"2":0,"3":0,"4":0,"5":0,"6":0,"7":0,"8":0,"9":0,"10":0,"11":0,"12":0,"13":0,"14":0,"15":0},"f":{"0":0,"1":0,"2":0,"3":0},"b":{"0":[0,0],"1":[0,0],"2":[0,0]}}
,"/Users/owencrookston/Coding/hackreactor/FEC/project-catwalk/src/Components/Overview/OverviewComponents/MainViewImage.jsx": {"path":"/Users/owencrookston/Coding/hackreactor/FEC/project-catwalk/src/Components/Overview/OverviewComponents/MainViewImage.jsx","statementMap":{"0":{"start":{"line":5,"column":15},"end":{"line":15,"column":1}},"1":{"start":{"line":18,"column":2},"end":{"line":28,"column":4}},"2":{"start":{"line":31,"column":0},"end":{"line":34,"column":2}}},"fnMap":{"0":{"name":"MainViewImage","decl":{"start":{"line":17,"column":9},"end":{"line":17,"column":22}},"loc":{"start":{"line":17,"column":54},"end":{"line":29,"column":1}},"line":17}},"branchMap":{},"s":{"0":0,"1":0,"2":0},"f":{"0":0},"b":{}}
,"/Users/owencrookston/Coding/hackreactor/FEC/project-catwalk/src/Components/Overview/OverviewComponents/MainViewScroller.jsx": {"path":"/Users/owencrookston/Coding/hackreactor/FEC/project-catwalk/src/Components/Overview/OverviewComponents/MainViewScroller.jsx","statementMap":{"0":{"start":{"line":7,"column":17},"end":{"line":30,"column":1}},"1":{"start":{"line":32,"column":22},"end":{"line":39,"column":1}},"2":{"start":{"line":41,"column":14},"end":{"line":48,"column":1}},"3":{"start":{"line":50,"column":19},"end":{"line":50,"column":20}},"4":{"start":{"line":56,"column":56},"end":{"line":56,"column":72}},"5":{"start":{"line":58,"column":20},"end":{"line":66,"column":3}},"6":{"start":{"line":68,"column":21},"end":{"line":76,"column":3}},"7":{"start":{"line":78,"column":33},"end":{"line":81,"column":3}},"8":{"start":{"line":79,"column":4},"end":{"line":79,"column":23}},"9":{"start":{"line":80,"column":4},"end":{"line":80,"column":52}},"10":{"start":{"line":83,"column":27},"end":{"line":98,"column":3}},"11":{"start":{"line":85,"column":4},"end":{"line":90,"column":5}},"12":{"start":{"line":86,"column":24},"end":{"line":86,"column":49}},"13":{"start":{"line":87,"column":6},"end":{"line":87,"column":46}},"14":{"start":{"line":87,"column":39},"end":{"line":87,"column":46}},"15":{"start":{"line":89,"column":6},"end":{"line":89,"column":62}},"16":{"start":{"line":92,"column":4},"end":{"line":96,"column":5}},"17":{"start":{"line":93,"column":24},"end":{"line":93,"column":49}},"18":{"start":{"line":94,"column":6},"end":{"line":94,"column":32}},"19":{"start":{"line":94,"column":25},"end":{"line":94,"column":32}},"20":{"start":{"line":95,"column":6},"end":{"line":95,"column":62}},"21":{"start":{"line":100,"column":2},"end":{"line":103,"column":3}},"22":{"start":{"line":101,"column":4},"end":{"line":101,"column":85}},"23":{"start":{"line":102,"column":4},"end":{"line":102,"column":22}},"24":{"start":{"line":105,"column":2},"end":{"line":108,"column":3}},"25":{"start":{"line":106,"column":4},"end":{"line":106,"column":85}},"26":{"start":{"line":107,"column":4},"end":{"line":107,"column":22}},"27":{"start":{"line":110,"column":2},"end":{"line":151,"column":4}},"28":{"start":{"line":117,"column":23},"end":{"line":117,"column":47}},"29":{"start":{"line":120,"column":8},"end":{"line":127,"column":9}},"30":{"start":{"line":121,"column":10},"end":{"line":126,"column":12}},"31":{"start":{"line":128,"column":8},"end":{"line":141,"column":10}},"32":{"start":{"line":132,"column":27},"end":{"line":132,"column":71}},"33":{"start":{"line":148,"column":23},"end":{"line":148,"column":47}},"34":{"start":{"line":154,"column":0},"end":{"line":158,"column":2}}},"fnMap":{"0":{"name":"MainViewScroller","decl":{"start":{"line":54,"column":9},"end":{"line":54,"column":25}},"loc":{"start":{"line":54,"column":82},"end":{"line":152,"column":1}},"line":54},"1":{"name":"(anonymous_1)","decl":{"start":{"line":78,"column":33},"end":{"line":78,"column":34}},"loc":{"start":{"line":78,"column":44},"end":{"line":81,"column":3}},"line":78},"2":{"name":"(anonymous_2)","decl":{"start":{"line":83,"column":27},"end":{"line":83,"column":28}},"loc":{"start":{"line":83,"column":42},"end":{"line":98,"column":3}},"line":83},"3":{"name":"(anonymous_3)","decl":{"start":{"line":117,"column":17},"end":{"line":117,"column":18}},"loc":{"start":{"line":117,"column":23},"end":{"line":117,"column":47}},"line":117},"4":{"name":"(anonymous_4)","decl":{"start":{"line":119,"column":48},"end":{"line":119,"column":49}},"loc":{"start":{"line":119,"column":66},"end":{"line":142,"column":7}},"line":119},"5":{"name":"(anonymous_5)","decl":{"start":{"line":132,"column":21},"end":{"line":132,"column":22}},"loc":{"start":{"line":132,"column":27},"end":{"line":132,"column":71}},"line":132},"6":{"name":"(anonymous_6)","decl":{"start":{"line":148,"column":17},"end":{"line":148,"column":18}},"loc":{"start":{"line":148,"column":23},"end":{"line":148,"column":47}},"line":148}},"branchMap":{"0":{"loc":{"start":{"line":61,"column":32},"end":{"line":61,"column":61}},"type":"cond-expr","locations":[{"start":{"line":61,"column":56},"end":{"line":61,"column":57}},{"start":{"line":61,"column":60},"end":{"line":61,"column":61}}],"line":61},"1":{"loc":{"start":{"line":62,"column":44},"end":{"line":62,"column":73}},"type":"cond-expr","locations":[{"start":{"line":62,"column":68},"end":{"line":62,"column":69}},{"start":{"line":62,"column":72},"end":{"line":62,"column":73}}],"line":62},"2":{"loc":{"start":{"line":64,"column":15},"end":{"line":64,"column":57}},"type":"cond-expr","locations":[{"start":{"line":64,"column":39},"end":{"line":64,"column":48}},{"start":{"line":64,"column":51},"end":{"line":64,"column":57}}],"line":64},"3":{"loc":{"start":{"line":71,"column":32},"end":{"line":71,"column":85}},"type":"cond-expr","locations":[{"start":{"line":71,"column":80},"end":{"line":71,"column":81}},{"start":{"line":71,"column":84},"end":{"line":71,"column":85}}],"line":71},"4":{"loc":{"start":{"line":72,"column":44},"end":{"line":72,"column":97}},"type":"cond-expr","locations":[{"start":{"line":72,"column":92},"end":{"line":72,"column":93}},{"start":{"line":72,"column":96},"end":{"line":72,"column":97}}],"line":72},"5":{"loc":{"start":{"line":74,"column":16},"end":{"line":74,"column":82}},"type":"cond-expr","locations":[{"start":{"line":74,"column":64},"end":{"line":74,"column":70}},{"start":{"line":74,"column":73},"end":{"line":74,"column":82}}],"line":74},"6":{"loc":{"start":{"line":85,"column":4},"end":{"line":90,"column":5}},"type":"if","locations":[{"start":{"line":85,"column":4},"end":{"line":90,"column":5}},{"start":{},"end":{}}],"line":85},"7":{"loc":{"start":{"line":87,"column":6},"end":{"line":87,"column":46}},"type":"if","locations":[{"start":{"line":87,"column":6},"end":{"line":87,"column":46}},{"start":{},"end":{}}],"line":87},"8":{"loc":{"start":{"line":92,"column":4},"end":{"line":96,"column":5}},"type":"if","locations":[{"start":{"line":92,"column":4},"end":{"line":96,"column":5}},{"start":{},"end":{}}],"line":92},"9":{"loc":{"start":{"line":94,"column":6},"end":{"line":94,"column":32}},"type":"if","locations":[{"start":{"line":94,"column":6},"end":{"line":94,"column":32}},{"start":{},"end":{}}],"line":94},"10":{"loc":{"start":{"line":100,"column":2},"end":{"line":103,"column":3}},"type":"if","locations":[{"start":{"line":100,"column":2},"end":{"line":103,"column":3}},{"start":{},"end":{}}],"line":100},"11":{"loc":{"start":{"line":105,"column":2},"end":{"line":108,"column":3}},"type":"if","locations":[{"start":{"line":105,"column":2},"end":{"line":108,"column":3}},{"start":{},"end":{}}],"line":105},"12":{"loc":{"start":{"line":105,"column":6},"end":{"line":105,"column":83}},"type":"binary-expr","locations":[{"start":{"line":105,"column":6},"end":{"line":105,"column":54}},{"start":{"line":105,"column":58},"end":{"line":105,"column":83}}],"line":105},"13":{"loc":{"start":{"line":120,"column":8},"end":{"line":127,"column":9}},"type":"if","locations":[{"start":{"line":120,"column":8},"end":{"line":127,"column":9}},{"start":{},"end":{}}],"line":120}},"s":{"0":0,"1":0,"2":0,"3":0,"4":0,"5":0,"6":0,"7":0,"8":0,"9":0,"10":0,"11":0,"12":0,"13":0,"14":0,"15":0,"16":0,"17":0,"18":0,"19":0,"20":0,"21":0,"22":0,"23":0,"24":0,"25":0,"26":0,"27":0,"28":0,"29":0,"30":0,"31":0,"32":0,"33":0,"34":0},"f":{"0":0,"1":0,"2":0,"3":0,"4":0,"5":0,"6":0},"b":{"0":[0,0],"1":[0,0],"2":[0,0],"3":[0,0],"4":[0,0],"5":[0,0],"6":[0,0],"7":[0,0],"8":[0,0],"9":[0,0],"10":[0,0],"11":[0,0],"12":[0,0],"13":[0,0]}}
,"/Users/owencrookston/Coding/hackreactor/FEC/project-catwalk/src/Components/Overview/OverviewComponents/ProductInfo.jsx": {"path":"/Users/owencrookston/Coding/hackreactor/FEC/project-catwalk/src/Components/Overview/OverviewComponents/ProductInfo.jsx","statementMap":{"0":{"start":{"line":9,"column":32},"end":{"line":31,"column":1}},"1":{"start":{"line":34,"column":29},"end":{"line":34,"column":66}},"2":{"start":{"line":35,"column":37},"end":{"line":35,"column":64}},"3":{"start":{"line":37,"column":2},"end":{"line":48,"column":4}}},"fnMap":{"0":{"name":"ProductInformation","decl":{"start":{"line":33,"column":9},"end":{"line":33,"column":27}},"loc":{"start":{"line":33,"column":30},"end":{"line":49,"column":1}},"line":33}},"branchMap":{"0":{"loc":{"start":{"line":44,"column":9},"end":{"line":44,"column":47}},"type":"binary-expr","locations":[{"start":{"line":44,"column":9},"end":{"line":44,"column":18}},{"start":{"line":44,"column":22},"end":{"line":44,"column":47}}],"line":44}},"s":{"0":0,"1":0,"2":0,"3":0},"f":{"0":0},"b":{"0":[0,0]}}
,"/Users/owencrookston/Coding/hackreactor/FEC/project-catwalk/src/Components/Overview/OverviewComponents/StyleName.jsx": {"path":"/Users/owencrookston/Coding/hackreactor/FEC/project-catwalk/src/Components/Overview/OverviewComponents/StyleName.jsx","statementMap":{"0":{"start":{"line":7,"column":22},"end":{"line":29,"column":1}},"1":{"start":{"line":31,"column":22},"end":{"line":46,"column":1}},"2":{"start":{"line":64,"column":6},"end":{"line":64,"column":33}},"3":{"start":{"line":66,"column":33},"end":{"line":69,"column":3}},"4":{"start":{"line":67,"column":4},"end":{"line":67,"column":31}},"5":{"start":{"line":68,"column":4},"end":{"line":68,"column":31}},"6":{"start":{"line":71,"column":2},"end":{"line":73,"column":3}},"7":{"start":{"line":72,"column":4},"end":{"line":72,"column":28}},"8":{"start":{"line":75,"column":2},"end":{"line":81,"column":3}},"9":{"start":{"line":76,"column":4},"end":{"line":80,"column":6}},"10":{"start":{"line":83,"column":2},"end":{"line":90,"column":4}},"11":{"start":{"line":93,"column":0},"end":{"line":99,"column":2}}},"fnMap":{"0":{"name":"StyleName","decl":{"start":{"line":48,"column":9},"end":{"line":48,"column":18}},"loc":{"start":{"line":54,"column":3},"end":{"line":91,"column":1}},"line":54},"1":{"name":"(anonymous_1)","decl":{"start":{"line":66,"column":33},"end":{"line":66,"column":34}},"loc":{"start":{"line":66,"column":39},"end":{"line":69,"column":3}},"line":66}},"branchMap":{"0":{"loc":{"start":{"line":71,"column":2},"end":{"line":73,"column":3}},"type":"if","locations":[{"start":{"line":71,"column":2},"end":{"line":73,"column":3}},{"start":{},"end":{}}],"line":71},"1":{"loc":{"start":{"line":75,"column":2},"end":{"line":81,"column":3}},"type":"if","locations":[{"start":{"line":75,"column":2},"end":{"line":81,"column":3}},{"start":{},"end":{}}],"line":75}},"s":{"0":0,"1":0,"2":0,"3":0,"4":0,"5":0,"6":0,"7":0,"8":0,"9":0,"10":0,"11":0},"f":{"0":0,"1":0},"b":{"0":[0,0],"1":[0,0]}}
,"/Users/owencrookston/Coding/hackreactor/FEC/project-catwalk/src/Components/Overview/OverviewComponents/Styles.jsx": {"path":"/Users/owencrookston/Coding/hackreactor/FEC/project-catwalk/src/Components/Overview/OverviewComponents/Styles.jsx","statementMap":{"0":{"start":{"line":9,"column":23},"end":{"line":28,"column":1}},"1":{"start":{"line":30,"column":19},"end":{"line":30,"column":39}},"2":{"start":{"line":33,"column":51},"end":{"line":33,"column":78}},"3":{"start":{"line":36,"column":2},"end":{"line":36,"column":29}},"4":{"start":{"line":37,"column":2},"end":{"line":55,"column":3}},"5":{"start":{"line":38,"column":52},"end":{"line":38,"column":83}},"6":{"start":{"line":39,"column":4},"end":{"line":54,"column":6}},"7":{"start":{"line":43,"column":10},"end":{"line":51,"column":12}},"8":{"start":{"line":56,"column":2},"end":{"line":60,"column":4}}},"fnMap":{"0":{"name":"StyleSelection","decl":{"start":{"line":32,"column":9},"end":{"line":32,"column":23}},"loc":{"start":{"line":32,"column":26},"end":{"line":61,"column":1}},"line":32},"1":{"name":"(anonymous_1)","decl":{"start":{"line":42,"column":27},"end":{"line":42,"column":28}},"loc":{"start":{"line":43,"column":10},"end":{"line":51,"column":12}},"line":43}},"branchMap":{"0":{"loc":{"start":{"line":37,"column":2},"end":{"line":55,"column":3}},"type":"if","locations":[{"start":{"line":37,"column":2},"end":{"line":55,"column":3}},{"start":{},"end":{}}],"line":37}},"s":{"0":0,"1":0,"2":0,"3":0,"4":0,"5":0,"6":0,"7":0,"8":0},"f":{"0":0,"1":0},"b":{"0":[0,0]}}
,"/Users/owencrookston/Coding/hackreactor/FEC/project-catwalk/src/Components/Overview/test_data/testdata.js": {"path":"/Users/owencrookston/Coding/hackreactor/FEC/project-catwalk/src/Components/Overview/test_data/testdata.js","statementMap":{"0":{"start":{"line":1,"column":16},"end":{"line":11,"column":1}},"1":{"start":{"line":13,"column":15},"end":{"line":371,"column":1}},"2":{"start":{"line":373,"column":0},"end":{"line":376,"column":2}}},"fnMap":{},"branchMap":{},"s":{"0":0,"1":0,"2":0},"f":{},"b":{}}
,"/Users/owencrookston/Coding/hackreactor/FEC/project-catwalk/src/Components/QuestionsAndAnswers/AskForm.jsx": {"path":"/Users/owencrookston/Coding/hackreactor/FEC/project-catwalk/src/Components/QuestionsAndAnswers/AskForm.jsx","statementMap":{"0":{"start":{"line":5,"column":36},"end":{"line":5,"column":51}},"1":{"start":{"line":7,"column":2},"end":{"line":24,"column":4}},"2":{"start":{"line":11,"column":23},"end":{"line":11,"column":41}},"3":{"start":{"line":19,"column":29},"end":{"line":19,"column":48}}},"fnMap":{"0":{"name":"AskForm","decl":{"start":{"line":4,"column":9},"end":{"line":4,"column":16}},"loc":{"start":{"line":4,"column":24},"end":{"line":25,"column":1}},"line":4},"1":{"name":"(anonymous_1)","decl":{"start":{"line":11,"column":17},"end":{"line":11,"column":18}},"loc":{"start":{"line":11,"column":23},"end":{"line":11,"column":41}},"line":11},"2":{"name":"(anonymous_2)","decl":{"start":{"line":19,"column":23},"end":{"line":19,"column":24}},"loc":{"start":{"line":19,"column":29},"end":{"line":19,"column":48}},"line":19}},"branchMap":{"0":{"loc":{"start":{"line":15,"column":7},"end":{"line":22,"column":9}},"type":"binary-expr","locations":[{"start":{"line":15,"column":7},"end":{"line":15,"column":16}},{"start":{"line":17,"column":10},"end":{"line":21,"column":12}}],"line":15}},"s":{"0":0,"1":0,"2":0,"3":0},"f":{"0":0,"1":0,"2":0},"b":{"0":[0,0]}}
,"/Users/owencrookston/Coding/hackreactor/FEC/project-catwalk/src/Components/QuestionsAndAnswers/ExpandButton.jsx": {"path":"/Users/owencrookston/Coding/hackreactor/FEC/project-catwalk/src/Components/QuestionsAndAnswers/ExpandButton.jsx","statementMap":{"0":{"start":{"line":5,"column":2},"end":{"line":14,"column":4}}},"fnMap":{"0":{"name":"ExpandButton","decl":{"start":{"line":3,"column":9},"end":{"line":3,"column":21}},"loc":{"start":{"line":3,"column":29},"end":{"line":15,"column":1}},"line":3}},"branchMap":{"0":{"loc":{"start":{"line":8,"column":15},"end":{"line":9,"column":65}},"type":"cond-expr","locations":[{"start":{"line":9,"column":10},"end":{"line":9,"column":35}},{"start":{"line":9,"column":38},"end":{"line":9,"column":65}}],"line":8},"1":{"loc":{"start":{"line":11,"column":7},"end":{"line":12,"column":67}},"type":"cond-expr","locations":[{"start":{"line":12,"column":10},"end":{"line":12,"column":35}},{"start":{"line":12,"column":38},"end":{"line":12,"column":67}}],"line":11}},"s":{"0":0},"f":{"0":0},"b":{"0":[0,0],"1":[0,0]}}
,"/Users/owencrookston/Coding/hackreactor/FEC/project-catwalk/src/Components/QuestionsAndAnswers/QuestionsList.jsx": {"path":"/Users/owencrookston/Coding/hackreactor/FEC/project-catwalk/src/Components/QuestionsAndAnswers/QuestionsList.jsx","statementMap":{"0":{"start":{"line":9,"column":2},"end":{"line":35,"column":4}},"1":{"start":{"line":13,"column":10},"end":{"line":18,"column":12}}},"fnMap":{"0":{"name":"QuestionsList","decl":{"start":{"line":8,"column":9},"end":{"line":8,"column":22}},"loc":{"start":{"line":8,"column":30},"end":{"line":36,"column":1}},"line":8},"1":{"name":"(anonymous_1)","decl":{"start":{"line":12,"column":59},"end":{"line":12,"column":60}},"loc":{"start":{"line":13,"column":10},"end":{"line":18,"column":12}},"line":13}},"branchMap":{"0":{"loc":{"start":{"line":21,"column":7},"end":{"line":32,"column":9}},"type":"binary-expr","locations":[{"start":{"line":21,"column":7},"end":{"line":21,"column":35}},{"start":{"line":23,"column":10},"end":{"line":31,"column":14}}],"line":21}},"s":{"0":0,"1":0},"f":{"0":0,"1":0},"b":{"0":[0,0]}}
,"/Users/owencrookston/Coding/hackreactor/FEC/project-catwalk/src/Components/QuestionsAndAnswers/QuestionsListItem.jsx": {"path":"/Users/owencrookston/Coding/hackreactor/FEC/project-catwalk/src/Components/QuestionsAndAnswers/QuestionsListItem.jsx","statementMap":{"0":{"start":{"line":6,"column":44},"end":{"line":6,"column":55}},"1":{"start":{"line":7,"column":36},"end":{"line":7,"column":51}},"2":{"start":{"line":8,"column":30},"end":{"line":11,"column":3}},"3":{"start":{"line":10,"column":4},"end":{"line":10,"column":42}},"4":{"start":{"line":10,"column":31},"end":{"line":10,"column":40}},"5":{"start":{"line":12,"column":32},"end":{"line":15,"column":3}},"6":{"start":{"line":14,"column":4},"end":{"line":14,"column":24}},"7":{"start":{"line":17,"column":2},"end":{"line":68,"column":4}},"8":{"start":{"line":31,"column":25},"end":{"line":31,"column":43}},"9":{"start":{"line":39,"column":27},"end":{"line":39,"column":46}},"10":{"start":{"line":46,"column":10},"end":{"line":50,"column":14}}},"fnMap":{"0":{"name":"QuestionsListItem","decl":{"start":{"line":5,"column":9},"end":{"line":5,"column":26}},"loc":{"start":{"line":5,"column":34},"end":{"line":69,"column":1}},"line":5},"1":{"name":"(anonymous_1)","decl":{"start":{"line":8,"column":30},"end":{"line":8,"column":31}},"loc":{"start":{"line":8,"column":36},"end":{"line":11,"column":3}},"line":8},"2":{"name":"(anonymous_2)","decl":{"start":{"line":10,"column":21},"end":{"line":10,"column":22}},"loc":{"start":{"line":10,"column":31},"end":{"line":10,"column":40}},"line":10},"3":{"name":"(anonymous_3)","decl":{"start":{"line":12,"column":32},"end":{"line":12,"column":33}},"loc":{"start":{"line":12,"column":38},"end":{"line":15,"column":3}},"line":12},"4":{"name":"(anonymous_4)","decl":{"start":{"line":31,"column":19},"end":{"line":31,"column":20}},"loc":{"start":{"line":31,"column":25},"end":{"line":31,"column":43}},"line":31},"5":{"name":"(anonymous_5)","decl":{"start":{"line":39,"column":21},"end":{"line":39,"column":22}},"loc":{"start":{"line":39,"column":27},"end":{"line":39,"column":46}},"line":39},"6":{"name":"(anonymous_6)","decl":{"start":{"line":45,"column":52},"end":{"line":45,"column":53}},"loc":{"start":{"line":46,"column":10},"end":{"line":50,"column":14}},"line":46}},"branchMap":{"0":{"loc":{"start":{"line":35,"column":9},"end":{"line":42,"column":9}},"type":"binary-expr","locations":[{"start":{"line":35,"column":9},"end":{"line":35,"column":18}},{"start":{"line":37,"column":8},"end":{"line":41,"column":10}}],"line":35},"1":{"loc":{"start":{"line":44,"column":7},"end":{"line":51,"column":26}},"type":"cond-expr","locations":[{"start":{"line":45,"column":10},"end":{"line":51,"column":10}},{"start":{"line":51,"column":13},"end":{"line":51,"column":26}}],"line":44},"2":{"loc":{"start":{"line":52,"column":7},"end":{"line":65,"column":18}},"type":"cond-expr","locations":[{"start":{"line":54,"column":10},"end":{"line":63,"column":14}},{"start":{"line":65,"column":10},"end":{"line":65,"column":18}}],"line":52},"3":{"loc":{"start":{"line":57,"column":23},"end":{"line":58,"column":61}},"type":"cond-expr","locations":[{"start":{"line":58,"column":18},"end":{"line":58,"column":37}},{"start":{"line":58,"column":40},"end":{"line":58,"column":61}}],"line":57},"4":{"loc":{"start":{"line":60,"column":15},"end":{"line":61,"column":36}},"type":"cond-expr","locations":[{"start":{"line":60,"column":54},"end":{"line":60,"column":72}},{"start":{"line":61,"column":18},"end":{"line":61,"column":36}}],"line":60}},"s":{"0":0,"1":0,"2":0,"3":0,"4":0,"5":0,"6":0,"7":0,"8":0,"9":0,"10":0},"f":{"0":0,"1":0,"2":0,"3":0,"4":0,"5":0,"6":0},"b":{"0":[0,0],"1":[0,0],"2":[0,0],"3":[0,0],"4":[0,0]}}
,"/Users/owencrookston/Coding/hackreactor/FEC/project-catwalk/src/Components/QuestionsAndAnswers/SearchForm.jsx": {"path":"/Users/owencrookston/Coding/hackreactor/FEC/project-catwalk/src/Components/QuestionsAndAnswers/SearchForm.jsx","statementMap":{"0":{"start":{"line":4,"column":2},"end":{"line":19,"column":4}},"1":{"start":{"line":10,"column":25},"end":{"line":10,"column":61}},"2":{"start":{"line":14,"column":26},"end":{"line":14,"column":45}},"3":{"start":{"line":14,"column":46},"end":{"line":14,"column":67}}},"fnMap":{"0":{"name":"SearchForm","decl":{"start":{"line":3,"column":9},"end":{"line":3,"column":19}},"loc":{"start":{"line":3,"column":27},"end":{"line":20,"column":1}},"line":3},"1":{"name":"(anonymous_1)","decl":{"start":{"line":10,"column":18},"end":{"line":10,"column":19}},"loc":{"start":{"line":10,"column":25},"end":{"line":10,"column":61}},"line":10},"2":{"name":"(anonymous_2)","decl":{"start":{"line":14,"column":17},"end":{"line":14,"column":18}},"loc":{"start":{"line":14,"column":24},"end":{"line":14,"column":69}},"line":14}},"branchMap":{},"s":{"0":0,"1":0,"2":0,"3":0},"f":{"0":0,"1":0,"2":0},"b":{}}
,"/Users/owencrookston/Coding/hackreactor/FEC/project-catwalk/src/Components/QuestionsAndAnswers/index.jsx": {"path":"/Users/owencrookston/Coding/hackreactor/FEC/project-catwalk/src/Components/QuestionsAndAnswers/index.jsx","statementMap":{"0":{"start":{"line":11,"column":19},"end":{"line":14,"column":1}},"1":{"start":{"line":17,"column":24},"end":{"line":17,"column":49}},"2":{"start":{"line":18,"column":42},"end":{"line":18,"column":54}},"3":{"start":{"line":19,"column":40},"end":{"line":19,"column":52}},"4":{"start":{"line":20,"column":34},"end":{"line":20,"column":46}},"5":{"start":{"line":21,"column":20},"end":{"line":21,"column":22}},"6":{"start":{"line":22,"column":44},"end":{"line":22,"column":55}},"7":{"start":{"line":24,"column":2},"end":{"line":62,"column":18}},"8":{"start":{"line":25,"column":4},"end":{"line":61,"column":59}},"9":{"start":{"line":37,"column":26},"end":{"line":39,"column":10}},"10":{"start":{"line":38,"column":10},"end":{"line":38,"column":57}},"11":{"start":{"line":40,"column":8},"end":{"line":40,"column":35}},"12":{"start":{"line":41,"column":8},"end":{"line":41,"column":52}},"13":{"start":{"line":42,"column":8},"end":{"line":50,"column":11}},"14":{"start":{"line":43,"column":26},"end":{"line":43,"column":57}},"15":{"start":{"line":44,"column":30},"end":{"line":44,"column":66}},"16":{"start":{"line":44,"column":54},"end":{"line":44,"column":65}},"17":{"start":{"line":45,"column":10},"end":{"line":49,"column":13}},"18":{"start":{"line":51,"column":8},"end":{"line":51,"column":58}},"19":{"start":{"line":52,"column":8},"end":{"line":52,"column":31}},"20":{"start":{"line":61,"column":23},"end":{"line":61,"column":56}},"21":{"start":{"line":64,"column":23},"end":{"line":66,"column":3}},"22":{"start":{"line":65,"column":4},"end":{"line":65,"column":86}},"23":{"start":{"line":65,"column":45},"end":{"line":65,"column":83}},"24":{"start":{"line":68,"column":30},"end":{"line":70,"column":3}},"25":{"start":{"line":69,"column":4},"end":{"line":69,"column":41}},"26":{"start":{"line":69,"column":31},"end":{"line":69,"column":39}},"27":{"start":{"line":72,"column":32},"end":{"line":74,"column":3}},"28":{"start":{"line":73,"column":4},"end":{"line":73,"column":24}},"29":{"start":{"line":76,"column":2},"end":{"line":95,"column":4}}},"fnMap":{"0":{"name":"QuestionsAndAnswers","decl":{"start":{"line":16,"column":9},"end":{"line":16,"column":28}},"loc":{"start":{"line":16,"column":31},"end":{"line":96,"column":1}},"line":16},"1":{"name":"(anonymous_1)","decl":{"start":{"line":24,"column":12},"end":{"line":24,"column":13}},"loc":{"start":{"line":24,"column":18},"end":{"line":62,"column":3}},"line":24},"2":{"name":"(anonymous_2)","decl":{"start":{"line":33,"column":12},"end":{"line":33,"column":13}},"loc":{"start":{"line":33,"column":21},"end":{"line":60,"column":7}},"line":33},"3":{"name":"(anonymous_3)","decl":{"start":{"line":37,"column":48},"end":{"line":37,"column":49}},"loc":{"start":{"line":38,"column":10},"end":{"line":38,"column":57}},"line":38},"4":{"name":"(anonymous_4)","decl":{"start":{"line":42,"column":26},"end":{"line":42,"column":27}},"loc":{"start":{"line":42,"column":40},"end":{"line":50,"column":9}},"line":42},"5":{"name":"(anonymous_5)","decl":{"start":{"line":44,"column":42},"end":{"line":44,"column":43}},"loc":{"start":{"line":44,"column":54},"end":{"line":44,"column":65}},"line":44},"6":{"name":"(anonymous_6)","decl":{"start":{"line":61,"column":13},"end":{"line":61,"column":14}},"loc":{"start":{"line":61,"column":23},"end":{"line":61,"column":56}},"line":61},"7":{"name":"(anonymous_7)","decl":{"start":{"line":64,"column":23},"end":{"line":64,"column":24}},"loc":{"start":{"line":64,"column":29},"end":{"line":66,"column":3}},"line":64},"8":{"name":"(anonymous_8)","decl":{"start":{"line":65,"column":32},"end":{"line":65,"column":33}},"loc":{"start":{"line":65,"column":45},"end":{"line":65,"column":83}},"line":65},"9":{"name":"(anonymous_9)","decl":{"start":{"line":68,"column":30},"end":{"line":68,"column":31}},"loc":{"start":{"line":68,"column":36},"end":{"line":70,"column":3}},"line":68},"10":{"name":"(anonymous_10)","decl":{"start":{"line":69,"column":21},"end":{"line":69,"column":22}},"loc":{"start":{"line":69,"column":31},"end":{"line":69,"column":39}},"line":69},"11":{"name":"(anonymous_11)","decl":{"start":{"line":72,"column":32},"end":{"line":72,"column":33}},"loc":{"start":{"line":72,"column":38},"end":{"line":74,"column":3}},"line":72}},"branchMap":{},"s":{"0":0,"1":0,"2":0,"3":0,"4":0,"5":0,"6":0,"7":0,"8":0,"9":0,"10":0,"11":0,"12":0,"13":0,"14":0,"15":0,"16":0,"17":0,"18":0,"19":0,"20":0,"21":0,"22":0,"23":0,"24":0,"25":0,"26":0,"27":0,"28":0,"29":0},"f":{"0":0,"1":0,"2":0,"3":0,"4":0,"5":0,"6":0,"7":0,"8":0,"9":0,"10":0,"11":0},"b":{}}
,"/Users/owencrookston/Coding/hackreactor/FEC/project-catwalk/src/Components/RatingsAndReviews/Breakdown.jsx": {"path":"/Users/owencrookston/Coding/hackreactor/FEC/project-catwalk/src/Components/RatingsAndReviews/Breakdown.jsx","statementMap":{"0":{"start":{"line":9,"column":16},"end":{"line":13,"column":1}},"1":{"start":{"line":14,"column":26},"end":{"line":31,"column":1}},"2":{"start":{"line":32,"column":18},"end":{"line":35,"column":1}},"3":{"start":{"line":39,"column":39},"end":{"line":39,"column":76}},"4":{"start":{"line":40,"column":40},"end":{"line":40,"column":65}},"5":{"start":{"line":45,"column":21},"end":{"line":45,"column":36}},"6":{"start":{"line":46,"column":2},"end":{"line":50,"column":5}},"7":{"start":{"line":47,"column":4},"end":{"line":49,"column":5}},"8":{"start":{"line":48,"column":6},"end":{"line":48,"column":23}},"9":{"start":{"line":51,"column":19},"end":{"line":51,"column":112}},"10":{"start":{"line":51,"column":58},"end":{"line":51,"column":111}},"11":{"start":{"line":52,"column":19},"end":{"line":57,"column":3}},"12":{"start":{"line":53,"column":4},"end":{"line":53,"column":32}},"13":{"start":{"line":54,"column":4},"end":{"line":56,"column":7}},"14":{"start":{"line":55,"column":6},"end":{"line":55,"column":74}},"15":{"start":{"line":55,"column":60},"end":{"line":55,"column":73}},"16":{"start":{"line":59,"column":2},"end":{"line":75,"column":4}},"17":{"start":{"line":63,"column":10},"end":{"line":71,"column":12}},"18":{"start":{"line":69,"column":27},"end":{"line":69,"column":42}},"19":{"start":{"line":85,"column":2},"end":{"line":101,"column":4}},"20":{"start":{"line":104,"column":0},"end":{"line":110,"column":2}}},"fnMap":{"0":{"name":"Breakdown","decl":{"start":{"line":38,"column":9},"end":{"line":38,"column":18}},"loc":{"start":{"line":38,"column":21},"end":{"line":76,"column":1}},"line":38},"1":{"name":"(anonymous_1)","decl":{"start":{"line":46,"column":21},"end":{"line":46,"column":22}},"loc":{"start":{"line":46,"column":30},"end":{"line":50,"column":3}},"line":46},"2":{"name":"(anonymous_2)","decl":{"start":{"line":51,"column":46},"end":{"line":51,"column":47}},"loc":{"start":{"line":51,"column":58},"end":{"line":51,"column":111}},"line":51},"3":{"name":"(anonymous_3)","decl":{"start":{"line":52,"column":19},"end":{"line":52,"column":20}},"loc":{"start":{"line":52,"column":29},"end":{"line":57,"column":3}},"line":52},"4":{"name":"(anonymous_4)","decl":{"start":{"line":54,"column":18},"end":{"line":54,"column":19}},"loc":{"start":{"line":55,"column":6},"end":{"line":55,"column":74}},"line":55},"5":{"name":"(anonymous_5)","decl":{"start":{"line":55,"column":50},"end":{"line":55,"column":51}},"loc":{"start":{"line":55,"column":60},"end":{"line":55,"column":73}},"line":55},"6":{"name":"(anonymous_6)","decl":{"start":{"line":62,"column":23},"end":{"line":62,"column":24}},"loc":{"start":{"line":63,"column":10},"end":{"line":71,"column":12}},"line":63},"7":{"name":"(anonymous_7)","decl":{"start":{"line":69,"column":21},"end":{"line":69,"column":22}},"loc":{"start":{"line":69,"column":27},"end":{"line":69,"column":42}},"line":69},"8":{"name":"RatingBar","decl":{"start":{"line":78,"column":9},"end":{"line":78,"column":18}},"loc":{"start":{"line":84,"column":3},"end":{"line":102,"column":1}},"line":84}},"branchMap":{"0":{"loc":{"start":{"line":47,"column":4},"end":{"line":49,"column":5}},"type":"if","locations":[{"start":{"line":47,"column":4},"end":{"line":49,"column":5}},{"start":{},"end":{}}],"line":47},"1":{"loc":{"start":{"line":55,"column":6},"end":{"line":55,"column":74}},"type":"cond-expr","locations":[{"start":{"line":55,"column":26},"end":{"line":55,"column":38}},{"start":{"line":55,"column":41},"end":{"line":55,"column":74}}],"line":55},"2":{"loc":{"start":{"line":94,"column":9},"end":{"line":94,"column":23}},"type":"binary-expr","locations":[{"start":{"line":94,"column":9},"end":{"line":94,"column":15}},{"start":{"line":94,"column":19},"end":{"line":94,"column":23}}],"line":94}},"s":{"0":0,"1":0,"2":0,"3":0,"4":0,"5":0,"6":0,"7":0,"8":0,"9":0,"10":0,"11":0,"12":0,"13":0,"14":0,"15":0,"16":0,"17":0,"18":0,"19":0,"20":0},"f":{"0":0,"1":0,"2":0,"3":0,"4":0,"5":0,"6":0,"7":0,"8":0},"b":{"0":[0,0],"1":[0,0],"2":[0,0]}}
,"/Users/owencrookston/Coding/hackreactor/FEC/project-catwalk/src/Components/RatingsAndReviews/CharacteristicBar.jsx": {"path":"/Users/owencrookston/Coding/hackreactor/FEC/project-catwalk/src/Components/RatingsAndReviews/CharacteristicBar.jsx","statementMap":{"0":{"start":{"line":5,"column":18},"end":{"line":12,"column":1}},"1":{"start":{"line":14,"column":14},"end":{"line":19,"column":1}},"2":{"start":{"line":21,"column":22},"end":{"line":31,"column":1}},"3":{"start":{"line":33,"column":22},"end":{"line":41,"column":1}},"4":{"start":{"line":39,"column":21},"end":{"line":39,"column":37}},"5":{"start":{"line":46,"column":21},"end":{"line":46,"column":56}},"6":{"start":{"line":47,"column":2},"end":{"line":58,"column":4}},"7":{"start":{"line":55,"column":40},"end":{"line":55,"column":58}},"8":{"start":{"line":61,"column":0},"end":{"line":64,"column":2}}},"fnMap":{"0":{"name":"(anonymous_0)","decl":{"start":{"line":39,"column":10},"end":{"line":39,"column":11}},"loc":{"start":{"line":39,"column":21},"end":{"line":39,"column":37}},"line":39},"1":{"name":"CharacteristicBar","decl":{"start":{"line":45,"column":9},"end":{"line":45,"column":26}},"loc":{"start":{"line":45,"column":44},"end":{"line":59,"column":1}},"line":45},"2":{"name":"(anonymous_2)","decl":{"start":{"line":55,"column":29},"end":{"line":55,"column":30}},"loc":{"start":{"line":55,"column":40},"end":{"line":55,"column":58}},"line":55}},"branchMap":{},"s":{"0":0,"1":0,"2":0,"3":0,"4":0,"5":0,"6":0,"7":0,"8":0},"f":{"0":0,"1":0,"2":0},"b":{}}
,"/Users/owencrookston/Coding/hackreactor/FEC/project-catwalk/src/Components/RatingsAndReviews/Characteristics.jsx": {"path":"/Users/owencrookston/Coding/hackreactor/FEC/project-catwalk/src/Components/RatingsAndReviews/Characteristics.jsx","statementMap":{"0":{"start":{"line":8,"column":30},"end":{"line":8,"column":67}},"1":{"start":{"line":9,"column":35},"end":{"line":9,"column":66}},"2":{"start":{"line":11,"column":2},"end":{"line":15,"column":4}},"3":{"start":{"line":13,"column":43},"end":{"line":13,"column":109}}},"fnMap":{"0":{"name":"Characteristics","decl":{"start":{"line":7,"column":9},"end":{"line":7,"column":24}},"loc":{"start":{"line":7,"column":27},"end":{"line":16,"column":1}},"line":7},"1":{"name":"(anonymous_1)","decl":{"start":{"line":13,"column":36},"end":{"line":13,"column":37}},"loc":{"start":{"line":13,"column":43},"end":{"line":13,"column":109}},"line":13}},"branchMap":{},"s":{"0":0,"1":0,"2":0,"3":0},"f":{"0":0,"1":0},"b":{}}
,"/Users/owencrookston/Coding/hackreactor/FEC/project-catwalk/src/Components/RatingsAndReviews/PercentRecommended.jsx": {"path":"/Users/owencrookston/Coding/hackreactor/FEC/project-catwalk/src/Components/RatingsAndReviews/PercentRecommended.jsx","statementMap":{"0":{"start":{"line":6,"column":16},"end":{"line":8,"column":1}},"1":{"start":{"line":11,"column":26},"end":{"line":11,"column":63}},"2":{"start":{"line":12,"column":14},"end":{"line":12,"column":38}},"3":{"start":{"line":13,"column":16},"end":{"line":13,"column":47}},"4":{"start":{"line":14,"column":18},"end":{"line":14,"column":49}},"5":{"start":{"line":15,"column":2},"end":{"line":20,"column":4}}},"fnMap":{"0":{"name":"PercentRecommended","decl":{"start":{"line":10,"column":9},"end":{"line":10,"column":27}},"loc":{"start":{"line":10,"column":30},"end":{"line":21,"column":1}},"line":10}},"branchMap":{},"s":{"0":0,"1":0,"2":0,"3":0,"4":0,"5":0},"f":{"0":0},"b":{}}
,"/Users/owencrookston/Coding/hackreactor/FEC/project-catwalk/src/Components/RatingsAndReviews/RatingSummary.jsx": {"path":"/Users/owencrookston/Coding/hackreactor/FEC/project-catwalk/src/Components/RatingsAndReviews/RatingSummary.jsx","statementMap":{"0":{"start":{"line":6,"column":16},"end":{"line":8,"column":1}},"1":{"start":{"line":10,"column":18},"end":{"line":12,"column":1}},"2":{"start":{"line":14,"column":19},"end":{"line":16,"column":1}},"3":{"start":{"line":19,"column":61},"end":{"line":19,"column":98}},"4":{"start":{"line":20,"column":2},"end":{"line":32,"column":4}}},"fnMap":{"0":{"name":"RatingSummary","decl":{"start":{"line":18,"column":9},"end":{"line":18,"column":22}},"loc":{"start":{"line":18,"column":25},"end":{"line":33,"column":1}},"line":18}},"branchMap":{},"s":{"0":0,"1":0,"2":0,"3":0,"4":0},"f":{"0":0},"b":{}}
,"/Users/owencrookston/Coding/hackreactor/FEC/project-catwalk/src/Components/RatingsAndReviews/RatingsBreakdown.jsx": {"path":"/Users/owencrookston/Coding/hackreactor/FEC/project-catwalk/src/Components/RatingsAndReviews/RatingsBreakdown.jsx","statementMap":{"0":{"start":{"line":9,"column":2},"end":{"line":19,"column":4}}},"fnMap":{"0":{"name":"RatingsBreakdown","decl":{"start":{"line":8,"column":9},"end":{"line":8,"column":25}},"loc":{"start":{"line":8,"column":28},"end":{"line":20,"column":1}},"line":8}},"branchMap":{},"s":{"0":0},"f":{"0":0},"b":{}}
,"/Users/owencrookston/Coding/hackreactor/FEC/project-catwalk/src/Components/RatingsAndReviews/ReviewTile.jsx": {"path":"/Users/owencrookston/Coding/hackreactor/FEC/project-catwalk/src/Components/RatingsAndReviews/ReviewTile.jsx","statementMap":{"0":{"start":{"line":9,"column":19},"end":{"line":12,"column":1}},"1":{"start":{"line":14,"column":21},"end":{"line":19,"column":1}},"2":{"start":{"line":21,"column":15},"end":{"line":24,"column":1}},"3":{"start":{"line":29,"column":6},"end":{"line":29,"column":12}},"4":{"start":{"line":31,"column":2},"end":{"line":54,"column":4}},"5":{"start":{"line":57,"column":0},"end":{"line":73,"column":2}},"6":{"start":{"line":75,"column":0},"end":{"line":77,"column":2}}},"fnMap":{"0":{"name":"ReviewTile","decl":{"start":{"line":26,"column":9},"end":{"line":26,"column":19}},"loc":{"start":{"line":26,"column":47},"end":{"line":55,"column":1}},"line":26}},"branchMap":{},"s":{"0":0,"1":0,"2":0,"3":0,"4":0,"5":0,"6":0},"f":{"0":0},"b":{}}
,"/Users/owencrookston/Coding/hackreactor/FEC/project-catwalk/src/Components/RatingsAndReviews/ReviewsList.jsx": {"path":"/Users/owencrookston/Coding/hackreactor/FEC/project-catwalk/src/Components/RatingsAndReviews/ReviewsList.jsx","statementMap":{"0":{"start":{"line":15,"column":18},"end":{"line":19,"column":1}},"1":{"start":{"line":22,"column":61},"end":{"line":22,"column":98}},"2":{"start":{"line":23,"column":24},"end":{"line":23,"column":49}},"3":{"start":{"line":24,"column":40},"end":{"line":24,"column":65}},"4":{"start":{"line":25,"column":32},"end":{"line":25,"column":44}},"5":{"start":{"line":26,"column":44},"end":{"line":26,"column":55}},"6":{"start":{"line":27,"column":26},"end":{"line":27,"column":46}},"7":{"start":{"line":28,"column":36},"end":{"line":28,"column":51}},"8":{"start":{"line":30,"column":19},"end":{"line":33,"column":27}},"9":{"start":{"line":31,"column":4},"end":{"line":31,"column":48}},"10":{"start":{"line":31,"column":33},"end":{"line":31,"column":48}},"11":{"start":{"line":32,"column":4},"end":{"line":32,"column":74}},"12":{"start":{"line":32,"column":38},"end":{"line":32,"column":72}},"13":{"start":{"line":35,"column":30},"end":{"line":37,"column":3}},"14":{"start":{"line":36,"column":4},"end":{"line":36,"column":49}},"15":{"start":{"line":36,"column":35},"end":{"line":36,"column":47}},"16":{"start":{"line":39,"column":23},"end":{"line":55,"column":3}},"17":{"start":{"line":40,"column":4},"end":{"line":54,"column":9}},"18":{"start":{"line":50,"column":8},"end":{"line":50,"column":37}},"19":{"start":{"line":53,"column":8},"end":{"line":53,"column":25}},"20":{"start":{"line":57,"column":23},"end":{"line":60,"column":3}},"21":{"start":{"line":58,"column":4},"end":{"line":58,"column":28}},"22":{"start":{"line":59,"column":4},"end":{"line":59,"column":33}},"23":{"start":{"line":62,"column":24},"end":{"line":64,"column":3}},"24":{"start":{"line":63,"column":4},"end":{"line":63,"column":23}},"25":{"start":{"line":66,"column":2},"end":{"line":68,"column":18}},"26":{"start":{"line":67,"column":4},"end":{"line":67,"column":23}},"27":{"start":{"line":71,"column":2},"end":{"line":107,"column":4}},"28":{"start":{"line":89,"column":10},"end":{"line":94,"column":12}},"29":{"start":{"line":102,"column":45},"end":{"line":102,"column":63}},"30":{"start":{"line":103,"column":45},"end":{"line":103,"column":62}},"31":{"start":{"line":104,"column":67},"end":{"line":104,"column":86}}},"fnMap":{"0":{"name":"ReviewsList","decl":{"start":{"line":21,"column":9},"end":{"line":21,"column":20}},"loc":{"start":{"line":21,"column":23},"end":{"line":108,"column":1}},"line":21},"1":{"name":"(anonymous_1)","decl":{"start":{"line":30,"column":27},"end":{"line":30,"column":28}},"loc":{"start":{"line":30,"column":33},"end":{"line":33,"column":3}},"line":30},"2":{"name":"(anonymous_2)","decl":{"start":{"line":32,"column":26},"end":{"line":32,"column":27}},"loc":{"start":{"line":32,"column":38},"end":{"line":32,"column":72}},"line":32},"3":{"name":"(anonymous_3)","decl":{"start":{"line":35,"column":30},"end":{"line":35,"column":31}},"loc":{"start":{"line":35,"column":36},"end":{"line":37,"column":3}},"line":35},"4":{"name":"(anonymous_4)","decl":{"start":{"line":36,"column":21},"end":{"line":36,"column":22}},"loc":{"start":{"line":36,"column":35},"end":{"line":36,"column":47}},"line":36},"5":{"name":"(anonymous_5)","decl":{"start":{"line":39,"column":23},"end":{"line":39,"column":24}},"loc":{"start":{"line":39,"column":35},"end":{"line":55,"column":3}},"line":39},"6":{"name":"(anonymous_6)","decl":{"start":{"line":49,"column":12},"end":{"line":49,"column":13}},"loc":{"start":{"line":49,"column":21},"end":{"line":51,"column":7}},"line":49},"7":{"name":"(anonymous_7)","decl":{"start":{"line":52,"column":13},"end":{"line":52,"column":14}},"loc":{"start":{"line":52,"column":22},"end":{"line":54,"column":7}},"line":52},"8":{"name":"(anonymous_8)","decl":{"start":{"line":57,"column":23},"end":{"line":57,"column":24}},"loc":{"start":{"line":57,"column":30},"end":{"line":60,"column":3}},"line":57},"9":{"name":"(anonymous_9)","decl":{"start":{"line":62,"column":24},"end":{"line":62,"column":25}},"loc":{"start":{"line":62,"column":30},"end":{"line":64,"column":3}},"line":62},"10":{"name":"(anonymous_10)","decl":{"start":{"line":66,"column":12},"end":{"line":66,"column":13}},"loc":{"start":{"line":66,"column":18},"end":{"line":68,"column":3}},"line":66},"11":{"name":"(anonymous_11)","decl":{"start":{"line":88,"column":46},"end":{"line":88,"column":47}},"loc":{"start":{"line":89,"column":10},"end":{"line":94,"column":12}},"line":89},"12":{"name":"(anonymous_12)","decl":{"start":{"line":102,"column":39},"end":{"line":102,"column":40}},"loc":{"start":{"line":102,"column":45},"end":{"line":102,"column":63}},"line":102},"13":{"name":"(anonymous_13)","decl":{"start":{"line":103,"column":39},"end":{"line":103,"column":40}},"loc":{"start":{"line":103,"column":45},"end":{"line":103,"column":62}},"line":103},"14":{"name":"(anonymous_14)","decl":{"start":{"line":104,"column":61},"end":{"line":104,"column":62}},"loc":{"start":{"line":104,"column":67},"end":{"line":104,"column":86}},"line":104}},"branchMap":{"0":{"loc":{"start":{"line":31,"column":4},"end":{"line":31,"column":48}},"type":"if","locations":[{"start":{"line":31,"column":4},"end":{"line":31,"column":48}},{"start":{},"end":{}}],"line":31},"1":{"loc":{"start":{"line":85,"column":7},"end":{"line":97,"column":7}},"type":"binary-expr","locations":[{"start":{"line":
[...]
,"/Users/owencrookston/Coding/hackreactor/FEC/project-catwalk/src/Components/RelatedItemsAndComparisons/OutfitList.jsx": {"path":"/Users/owencrookston/Coding/hackreactor/FEC/project-catwalk/src/Components/RelatedItemsAndComparisons/OutfitList.jsx","statementMap":{"0":{"start":{"line":11,"column":38},"end":{"line":11,"column":63}},"1":{"start":{"line":12,"column":46},"end":{"line":12,"column":58}},"2":{"start":{"line":13,"column":56},"end":{"line":13,"column":68}},"3":{"start":{"line":14,"column":32},"end":{"line":14,"column":44}},"4":{"start":{"line":15,"column":40},"end":{"line":15,"column":52}},"5":{"start":{"line":16,"column":42},"end":{"line":16,"column":53}},"6":{"start":{"line":18,"column":25},"end":{"line":20,"column":3}},"7":{"start":{"line":19,"column":4},"end":{"line":19,"column":36}},"8":{"start":{"line":19,"column":28},"end":{"line":19,"column":34}},"9":{"start":{"line":23,"column":2},"end":{"line":34,"column":18}},"10":{"start":{"line":24,"column":4},"end":{"line":33,"column":9}},"11":{"start":{"line":26,"column":8},"end":{"line":26,"column":36}},"12":{"start":{"line":27,"column":8},"end":{"line":29,"column":57}},"13":{"start":{"line":28,"column":30},"end":{"line":28,"column":67}},"14":{"start":{"line":29,"column":29},"end":{"line":29,"column":54}},"15":{"start":{"line":32,"column":8},"end":{"line":32,"column":32}},"16":{"start":{"line":37,"column":2},"end":{"line":43,"column":21}},"17":{"start":{"line":38,"column":4},"end":{"line":42,"column":5}},"18":{"start":{"line":40,"column":6},"end":{"line":40,"column":68}},"19":{"start":{"line":40,"column":34},"end":{"line":40,"column":66}},"20":{"start":{"line":41,"column":6},"end":{"line":41,"column":73}},"21":{"start":{"line":41,"column":36},"end":{"line":41,"column":71}},"22":{"start":{"line":46,"column":2},"end":{"line":56,"column":4}}},"fnMap":{"0":{"name":"OutfitList","decl":{"start":{"line":10,"column":9},"end":{"line":10,"column":19}},"loc":{"start":{"line":10,"column":22},"end":{"line":58,"column":1}},"line":10},"1":{"name":"(anonymous_1)","decl":{"start":{"line":18,"column":25},"end":{"line":18,"column":26}},"loc":{"start":{"line":18,"column":31},"end":{"line":20,"column":3}},"line":18},"2":{"name":"(anonymous_2)","decl":{"start":{"line":19,"column":20},"end":{"line":19,"column":21}},"loc":{"start":{"line":19,"column":28},"end":{"line":19,"column":34}},"line":19},"3":{"name":"(anonymous_3)","decl":{"start":{"line":23,"column":12},"end":{"line":23,"column":13}},"loc":{"start":{"line":23,"column":18},"end":{"line":34,"column":3}},"line":23},"4":{"name":"(anonymous_4)","decl":{"start":{"line":25,"column":12},"end":{"line":25,"column":13}},"loc":{"start":{"line":25,"column":21},"end":{"line":30,"column":7}},"line":25},"5":{"name":"(anonymous_5)","decl":{"start":{"line":28,"column":16},"end":{"line":28,"column":17}},"loc":{"start":{"line":28,"column":30},"end":{"line":28,"column":67}},"line":28},"6":{"name":"(anonymous_6)","decl":{"start":{"line":29,"column":17},"end":{"line":29,"column":18}},"loc":{"start":{"line":29,"column":29},"end":{"line":29,"column":54}},"line":29},"7":{"name":"(anonymous_7)","decl":{"start":{"line":31,"column":13},"end":{"line":31,"column":14}},"loc":{"start":{"line":32,"column":8},"end":{"line":32,"column":32}},"line":32},"8":{"name":"(anonymous_8)","decl":{"start":{"line":37,"column":12},"end":{"line":37,"column":13}},"loc":{"start":{"line":37,"column":18},"end":{"line":43,"column":3}},"line":37},"9":{"name":"(anonymous_9)","decl":{"start":{"line":40,"column":17},"end":{"line":40,"column":18}},"loc":{"start":{"line":40,"column":34},"end":{"line":40,"column":66}},"line":40},"10":{"name":"(anonymous_10)","decl":{"start":{"line":41,"column":21},"end":{"line":41,"column":22}},"loc":{"start":{"line":41,"column":36},"end":{"line":41,"column":71}},"line":41}},"branchMap":{"0":{"loc":{"start":{"line":38,"column":4},"end":{"line":42,"column":5}},"type":"if","locations":[{"start":{"line":38,"column":4},"end":{"line":42,"column":5}},{"start":{},"end":{}}],"line":38}},"s":{"0":0,"1":0,"2":0,"3":0,"4":0,"5":0,"6":0,"7":0,"8":0,"9":0,"10":0,"11":0,"12":0,"13":0,"14":0,"15":0,"16":0,"17":0,"18":0,"19":0,"20":0,"21":0,"22":0},"f":{"0":0,"1":0,"2":0,"3":0,"4":0,"5":0,"6":0,"7":0,"8":0,"9":0,"10":0},"b":{"0":[0,0]}}
,"/Users/owencrookston/Coding/hackreactor/FEC/project-catwalk/src/Components/RelatedItemsAndComparisons/RelatedProductCards.jsx": {"path":"/Users/owencrookston/Coding/hackreactor/FEC/project-catwalk/src/Components/RelatedItemsAndComparisons/RelatedProductCards.jsx","statementMap":{"0":{"start":{"line":9,"column":18},"end":{"line":50,"column":1}},"1":{"start":{"line":53,"column":13},"end":{"line":71,"column":1}},"2":{"start":{"line":74,"column":19},"end":{"line":78,"column":1}},"3":{"start":{"line":84,"column":38},"end":{"line":84,"column":63}},"4":{"start":{"line":85,"column":36},"end":{"line":85,"column":51}},"5":{"start":{"line":87,"column":2},"end":{"line":109,"column":3}},"6":{"start":{"line":88,"column":4},"end":{"line":108,"column":6}},"7":{"start":{"line":111,"column":2},"end":{"line":169,"column":4}},"8":{"start":{"line":134,"column":20},"end":{"line":134,"column":49}},"9":{"start":{"line":135,"column":20},"end":{"line":135,"column":39}},"10":{"start":{"line":141,"column":39},"end":{"line":141,"column":71}},"11":{"start":{"line":172,"column":0},"end":{"line":178,"column":2}}},"fnMap":{"0":{"name":"ProductCard","decl":{"start":{"line":81,"column":9},"end":{"line":81,"column":20}},"loc":{"start":{"line":83,"column":3},"end":{"line":170,"column":1}},"line":83},"1":{"name":"(anonymous_1)","decl":{"start":{"line":133,"column":27},"end":{"line":133,"column":28}},"loc":{"start":{"line":133,"column":33},"end":{"line":136,"column":19}},"line":133},"2":{"name":"(anonymous_2)","decl":{"start":{"line":141,"column":33},"end":{"line":141,"column":34}},"loc":{"start":{"line":141,"column":39},"end":{"line":141,"column":71}},"line":141}},"branchMap":{"0":{"loc":{"start":{"line":87,"column":2},"end":{"line":109,"column":3}},"type":"if","locations":[{"start":{"line":87,"column":2},"end":{"line":109,"column":3}},{"start":{},"end":{}}],"line":87},"1":{"loc":{"start":{"line":121,"column":15},"end":{"line":138,"column":15}},"type":"cond-expr","locations":[{"start":{"line":122,"column":16},"end":{"line":128,"column":25}},{"start":{"line":130,"column":16},"end":{"line":137,"column":18}}],"line":121},"2":{"loc":{"start":{"line":143,"column":21},"end":{"line":144,"column":167}},"type":"cond-expr","locations":[{"start":{"line":143,"column":66},"end":{"line":143,"column":108}},{"start":{"line":144,"column":21},"end":{"line":144,"column":166}}],"line":143},"3":{"loc":{"start":{"line":152,"column":13},"end":{"line":162,"column":13}},"type":"binary-expr","locations":[{"start":{"line":152,"column":13},"end":{"line":152,"column":39}},{"start":{"line":153,"column":14},"end":{"line":161,"column":20}}],"line":152}},"s":{"0":0,"1":0,"2":0,"3":0,"4":0,"5":0,"6":0,"7":0,"8":0,"9":0,"10":0,"11":0},"f":{"0":0,"1":0,"2":0},"b":{"0":[0,0],"1":[0,0],"2":[0,0],"3":[0,0]}}
,"/Users/owencrookston/Coding/hackreactor/FEC/project-catwalk/src/Components/RelatedItemsAndComparisons/RelatedProductsList.jsx": {"path":"/Users/owencrookston/Coding/hackreactor/FEC/project-catwalk/src/Components/RelatedItemsAndComparisons/RelatedProductsList.jsx","statementMap":{"0":{"start":{"line":10,"column":38},"end":{"line":10,"column":63}},"1":{"start":{"line":11,"column":38},"end":{"line":11,"column":50}},"2":{"start":{"line":12,"column":48},"end":{"line":12,"column":60}},"3":{"start":{"line":13,"column":56},"end":{"line":13,"column":68}},"4":{"start":{"line":15,"column":2},"end":{"line":23,"column":18}},"5":{"start":{"line":16,"column":4},"end":{"line":22,"column":9}},"6":{"start":{"line":18,"column":8},"end":{"line":18,"column":32}},"7":{"start":{"line":21,"column":8},"end":{"line":21,"column":32}},"8":{"start":{"line":25,"column":2},"end":{"line":46,"column":19}},"9":{"start":{"line":26,"column":4},"end":{"line":29,"column":5}},"10":{"start":{"line":27,"column":6},"end":{"line":27,"column":29}},"11":{"start":{"line":28,"column":6},"end":{"line":28,"column":33}},"12":{"start":{"line":30,"column":4},"end":{"line":45,"column":7}},"13":{"start":{"line":31,"column":6},"end":{"line":44,"column":11}},"14":{"start":{"line":33,"column":10},"end":{"line":33,"column":66}},"15":{"start":{"line":33,"column":42},"end":{"line":33,"column":64}},"16":{"start":{"line":34,"column":10},"end":{"line":40,"column":15}},"17":{"start":{"line":36,"column":14},"end":{"line":36,"column":87}},"18":{"start":{"line":36,"column":54},"end":{"line":36,"column":85}},"19":{"start":{"line":39,"column":14},"end":{"line":39,"column":38}},"20":{"start":{"line":43,"column":10},"end":{"line":43,"column":34}},"21":{"start":{"line":48,"column":2},"end":{"line":55,"column":3}},"22":{"start":{"line":49,"column":4},"end":{"line":54,"column":6}},"23":{"start":{"line":57,"column":2},"end":{"line":61,"column":4}}},"fnMap":{"0":{"name":"RelatedProductsList","decl":{"start":{"line":9,"column":9},"end":{"line":9,"column":28}},"loc":{"start":{"line":9,"column":31},"end":{"line":63,"column":1}},"line":9},"1":{"name":"(anonymous_1)","decl":{"start":{"line":15,"column":12},"end":{"line":15,"column":13}},"loc":{"start":{"line":15,"column":18},"end":{"line":23,"column":3}},"line":15},"2":{"name":"(anonymous_2)","decl":{"start":{"line":17,"column":12},"end":{"line":17,"column":13}},"loc":{"start":{"line":17,"column":21},"end":{"line":19,"column":7}},"line":17},"3":{"name":"(anonymous_3)","decl":{"start":{"line":20,"column":13},"end":{"line":20,"column":14}},"loc":{"start":{"line":21,"column":8},"end":{"line":21,"column":32}},"line":21},"4":{"name":"(anonymous_4)","decl":{"start":{"line":25,"column":12},"end":{"line":25,"column":13}},"loc":{"start":{"line":25,"column":18},"end":{"line":46,"column":3}},"line":25},"5":{"name":"(anonymous_5)","decl":{"start":{"line":30,"column":23},"end":{"line":30,"column":24}},"loc":{"start":{"line":30,"column":38},"end":{"line":45,"column":5}},"line":30},"6":{"name":"(anonymous_6)","decl":{"start":{"line":32,"column":14},"end":{"line":32,"column":15}},"loc":{"start":{"line":32,"column":23},"end":{"line":41,"column":9}},"line":32},"7":{"name":"(anonymous_7)","decl":{"start":{"line":33,"column":29},"end":{"line":33,"column":30}},"loc":{"start":{"line":33,"column":42},"end":{"line":33,"column":64}},"line":33},"8":{"name":"(anonymous_8)","decl":{"start":{"line":35,"column":18},"end":{"line":35,"column":19}},"loc":{"start":{"line":35,"column":32},"end":{"line":37,"column":13}},"line":35},"9":{"name":"(anonymous_9)","decl":{"start":{"line":36,"column":37},"end":{"line":36,"column":38}},"loc":{"start":{"line":36,"column":54},"end":{"line":36,"column":85}},"line":36},"10":{"name":"(anonymous_10)","decl":{"start":{"line":38,"column":19},"end":{"line":38,"column":20}},"loc":{"start":{"line":39,"column":14},"end":{"line":39,"column":38}},"line":39},"11":{"name":"(anonymous_11)","decl":{"start":{"line":42,"column":15},"end":{"line":42,"column":16}},"loc":{"start":{"line":43,"column":10},"end":{"line":43,"column":34}},"line":43}},"branchMap":{"0":{"loc":{"start":{"line":26,"column":4},"end":{"line":29,"column":5}},"type":"if","locations":[{"start":{"line":26,"column":4},"end":{"line":29,"column":5}},{"start":{},"end":{}}],"line":26},"1":{"loc":{"start":{"line":26,"column":8},"end":{"line":26,"column":72}},"type":"binary-expr","locations":[{"start":{"line":26,"column":8},"end":{"line":26,"column":36}},{"start":{"line":26,"column":40},"end":{"line":26,"column":72}}],"line":26},"2":{"loc":{"start":{"line":48,"column":2},"end":{"line":55,"column":3}},"type":"if","locations":[{"start":{"line":48,"column":2},"end":{"line":55,"column":3}},{"start":{},"end":{}}],"line":48},"3":{"loc":{"start":{"line":48,"column":6},"end":{"line":48,"column":81}},"type":"binary-expr","locations":[{"start":{"line":48,"column":6},"end":{"line":48,"column":54}},{"start":{"line":48,"column":58},"end":{"line":48,"column":81}}],"line":48}},"s":{"0":0,"1":0,"2":0,"3":0,"4":0,"5":0,"6":0,"7":0,"8":0,"9":0,"10":0,"11":0,"12":0,"13":0,"14":0,"15":0,"16":0,"17":0,"18":0,"19":0,"20":0,"21":0,"22":0,"23":0},"f":{"0":0,"1":0,"2":0,"3":0,"4":0,"5":0,"6":0,"7":0,"8":0,"9":0,"10":0,"11":0},"b":{"0":[0,0],"1":[0,0],"2":[0,0],"3":[0,0]}}
,"/Users/owencrookston/Coding/hackreactor/FEC/project-catwalk/src/Components/RelatedItemsAndComparisons/index.jsx": {"path":"/Users/owencrookston/Coding/hackreactor/FEC/project-catwalk/src/Components/RelatedItemsAndComparisons/index.jsx","statementMap":{"0":{"start":{"line":7,"column":21},"end":{"line":11,"column":1}},"1":{"start":{"line":13,"column":14},"end":{"line":15,"column":1}},"2":{"start":{"line":18,"column":2},"end":{"line":29,"column":4}}},"fnMap":{"0":{"name":"RelatedItemsAndComparisons","decl":{"start":{"line":17,"column":9},"end":{"line":17,"column":35}},"loc":{"start":{"line":17,"column":38},"end":{"line":30,"column":1}},"line":17}},"branchMap":{},"s":{"0":0,"1":0,"2":0},"f":{"0":0},"b":{}}
,"/Users/owencrookston/Coding/hackreactor/FEC/project-catwalk/src/Components/RelatedItemsAndComparisons/other_test_data/othertestdata.js": {"path":"/Users/owencrookston/Coding/hackreactor/FEC/project-catwalk/src/Components/RelatedItemsAndComparisons/other_test_data/othertestdata.js","statementMap":{"0":{"start":{"line":1,"column":21},"end":{"line":57,"column":1}},"1":{"start":{"line":59,"column":22},"end":{"line":79,"column":1}},"2":{"start":{"line":82,"column":25},"end":{"line":440,"column":1}},"3":{"start":{"line":442,"column":28},"end":{"line":447,"column":1}},"4":{"start":{"line":449,"column":0},"end":{"line":454,"column":2}}},"fnMap":{},"branchMap":{},"s":{"0":0,"1":0,"2":0,"3":0,"4":0},"f":{},"b":{}}
,"/Users/owencrookston/Coding/hackreactor/FEC/project-catwalk/src/HOC/withAnalytics.jsx": {"path":"/Users/owencrookston/Coding/hackreactor/FEC/project-catwalk/src/HOC/withAnalytics.jsx","statementMap":{"0":{"start":{"line":6,"column":18},"end":{"line":6,"column":20}},"1":{"start":{"line":8,"column":0},"end":{"line":10,"column":2}},"2":{"start":{"line":9,"column":2},"end":{"line":9,"column":53}},"3":{"start":{"line":12,"column":21},"end":{"line":25,"column":1}},"4":{"start":{"line":13,"column":14},"end":{"line":13,"column":30}},"5":{"start":{"line":15,"column":13},"end":{"line":15,"column":19}},"6":{"start":{"line":16,"column":2},"end":{"line":21,"column":3}},"7":{"start":{"line":17,"column":4},"end":{"line":19,"column":5}},"8":{"start":{"line":18,"column":6},"end":{"line":18,"column":55}},"9":{"start":{"line":20,"column":4},"end":{"line":20,"column":30}},"10":{"start":{"line":24,"column":2},"end":{"line":24,"column":62}},"11":{"start":{"line":28,"column":22},"end":{"line":42,"column":1}},"12":{"start":{"line":28,"column":56},"end":{"line":42,"column":1}},"13":{"start":{"line":29,"column":15},"end":{"line":29,"column":32}},"14":{"start":{"line":31,"column":2},"end":{"line":41,"column":4}},"15":{"start":{"line":36,"column":8},"end":{"line":36,"column":69}}},"fnMap":{"0":{"name":"(anonymous_0)","decl":{"start":{"line":8,"column":24},"end":{"line":8,"column":25}},"loc":{"start":{"line":8,"column":30},"end":{"line":10,"column":1}},"line":8},"1":{"name":"(anonymous_1)","decl":{"start":{"line":12,"column":21},"end":{"line":12,"column":22}},"loc":{"start":{"line":12,"column":73},"end":{"line":25,"column":1}},"line":12},"2":{"name":"(anonymous_2)","decl":{"start":{"line":28,"column":22},"end":{"line":28,"column":23}},"loc":{"start":{"line":28,"column":56},"end":{"line":42,"column":1}},"line":28},"3":{"name":"ComponentWithAnalytics","decl":{"start":{"line":28,"column":65},"end":{"line":28,"column":87}},"loc":{"start":{"line":28,"column":95},"end":{"line":42,"column":1}},"line":28},"4":{"name":"(anonymous_4)","decl":{"start":{"line":35,"column":15},"end":{"line":35,"column":16}},"loc":{"start":{"line":35,"column":22},"end":{"line":37,"column":7}},"line":35}},"branchMap":{"0":{"loc":{"start":{"line":12,"column":48},"end":{"line":12,"column":68}},"type":"default-arg","locations":[{"start":{"line":12,"column":55},"end":{"line":12,"column":68}}],"line":12},"1":{"loc":{"start":{"line":17,"column":4},"end":{"line":19,"column":5}},"type":"if","locations":[{"start":{"line":17,"column":4},"end":{"line":19,"column":5}},{"start":{},"end":{}}],"line":17}},"s":{"0":0,"1":0,"2":0,"3":0,"4":0,"5":0,"6":0,"7":0,"8":0,"9":0,"10":0,"11":0,"12":0,"13":0,"14":0,"15":0},"f":{"0":0,"1":0,"2":0,"3":0,"4":0},"b":{"0":[0],"1":[0,0]}}
,"/Users/owencrookston/Coding/hackreactor/FEC/project-catwalk/src/util/util.js": {"path":"/Users/owencrookston/Coding/hackreactor/FEC/project-catwalk/src/util/util.js","statementMap":{"0":{"start":{"line":3,"column":26},"end":{"line":12,"column":1}},"1":{"start":{"line":6,"column":18},"end":{"line":6,"column":41}},"2":{"start":{"line":7,"column":23},"end":{"line":7,"column":85}},"3":{"start":{"line":7,"column":49},"end":{"line":7,"column":80}},"4":{"start":{"line":8,"column":26},"end":{"line":8,"column":73}},"5":{"start":{"line":8,"column":52},"end":{"line":8,"column":68}},"6":{"start":{"line":9,"column":25},"end":{"line":9,"column":79}},"7":{"start":{"line":10,"column":26},"end":{"line":10,"column":59}},"8":{"start":{"line":11,"column":2},"end":{"line":11,"column":60}},"9":{"start":{"line":14,"column":22},"end":{"line":22,"column":1}},"10":{"start":{"line":15,"column":17},"end":{"line":15,"column":154}},"11":{"start":{"line":16,"column":17},"end":{"line":16,"column":43}},"12":{"start":{"line":17,"column":15},"end":{"line":17,"column":24}},"13":{"start":{"line":18,"column":16},"end":{"line":18,"column":41}},"14":{"start":{"line":19,"column":12},"end":{"line":19,"column":37}},"15":{"start":{"line":20,"column":2},"end":{"line":20,"column":35}},"16":{"start":{"line":20,"column":22},"end":{"line":20,"column":35}},"17":{"start":{"line":21,"column":2},"end":{"line":21,"column":36}}},"fnMap":{"0":{"name":"(anonymous_0)","decl":{"start":{"line":3,"column":26},"end":{"line":3,"column":27}},"loc":{"start":{"line":3,"column":45},"end":{"line":12,"column":1}},"line":3},"1":{"name":"(anonymous_1)","decl":{"start":{"line":7,"column":39},"end":{"line":7,"column":40}},"loc":{"start":{"line":7,"column":49},"end":{"line":7,"column":80}},"line":7},"2":{"name":"(anonymous_2)","decl":{"start":{"line":8,"column":42},"end":{"line":8,"column":43}},"loc":{"start":{"line":8,"column":52},"end":{"line":8,"column":68}},"line":8},"3":{"name":"(anonymous_3)","decl":{"start":{"line":14,"column":22},"end":{"line":14,"column":23}},"loc":{"start":{"line":14,"column":43},"end":{"line":22,"column":1}},"line":14}},"branchMap":{"0":{"loc":{"start":{"line":20,"column":2},"end":{"line":20,"column":35}},"type":"if","locations":[{"start":{"line":20,"column":2},"end":{"line":20,"column":35}},{"start":{},"end":{}}],"line":20}},"s":{"0":0,"1":0,"2":0,"3":0,"4":0,"5":0,"6":0,"7":0,"8":0,"9":0,"10":0,"11":0,"12":0,"13":0,"14":0,"15":0,"16":0,"17":0},"f":{"0":0,"1":0,"2":0,"3":0},"b":{"0":[0,0]}}
}
