TN:
SF:src/App.jsx
FN:84,App
FN:101,(anonymous_1)
FN:103,(anonymous_2)
FN:115,(anonymous_3)
FNF:4
FNH:2
FNDA:2,App
FNDA:1,(anonymous_1)
FNDA:0,(anonymous_2)
FNDA:0,(anonymous_3)
DA:15,4
DA:62,4
DA:79,4
DA:80,4
DA:82,4
DA:87,2
DA:97,1
DA:99,1
DA:101,1
DA:102,1
DA:104,0
DA:105,0
DA:106,0
DA:116,0
DA:121,1
LF:15
LH:11
BRF:0
BRH:0
end_of_record
TN:
SF:src/index.jsx
FNF:0
FNH:0
DA:7,0
LF:1
LH:0
BRF:0
BRH:0
end_of_record
TN:
SF:src/styles.js
FNF:0
FNH:0
DA:3,4
DA:10,4
DA:30,4
LF:3
LH:3
BRF:0
BRH:0
end_of_record
TN:
SF:src/Components/FiveStar.jsx
FN:47,FiveStar
FNF:1
FNH:1
FNDA:3,FiveStar
DA:5,5
DA:23,5
DA:29,5
DA:35,5
DA:41,5
DA:55,3
DA:56,3
DA:58,3
DA:59,4
DA:60,3
DA:61,3
DA:62,1
DA:63,0
DA:64,0
DA:65,1
DA:66,1
DA:67,1
DA:69,0
DA:70,0
DA:74,3
DA:75,11
DA:78,3
DA:85,5
LF:23
LH:19
BRDA:59,0,0,3
BRDA:59,0,1,1
BRDA:62,1,0,0
BRDA:62,1,1,1
BRDA:65,2,0,1
BRDA:65,2,1,0
BRF:6
BRH:4
end_of_record
TN:
SF:src/Components/HelpfulOrReport.jsx
FN:5,helpfulOrReport
FN:13,Helpful
FN:24,(anonymous_2)
FN:26,(anonymous_3)
FN:29,(anonymous_4)
FN:44,Report
FN:55,(anonymous_6)
FN:57,(anonymous_7)
FN:60,(anonymous_8)
FNF:9
FNH:0
FNDA:0,helpfulOrReport
FNDA:0,Helpful
FNDA:0,(anonymous_2)
FNDA:0,(anonymous_3)
FNDA:0,(anonymous_4)
FNDA:0,Report
FNDA:0,(anonymous_6)
FNDA:0,(anonymous_7)
FNDA:0,(anonymous_8)
DA:7,0
DA:14,0
DA:20,0
DA:25,0
DA:27,0
DA:30,0
DA:38,4
DA:45,0
DA:51,0
DA:56,0
DA:58,0
DA:61,0
DA:69,4
LF:13
LH:2
BRF:0
BRH:0
end_of_record
TN:
SF:src/Components/QuestionModal.jsx
FN:81,QuestionModal
FN:89,(anonymous_1)
FN:95,(anonymous_2)
FN:98,(anonymous_3)
FN:107,(anonymous_4)
FN:114,(anonymous_5)
FN:114,(anonymous_6)
FN:124,(anonymous_7)
FN:124,(anonymous_8)
FN:136,(anonymous_9)
FN:136,(anonymous_10)
FNF:11
FNH:0
FNDA:0,QuestionModal
FNDA:0,(anonymous_1)
FNDA:0,(anonymous_2)
FNDA:0,(anonymous_3)
FNDA:0,(anonymous_4)
FNDA:0,(anonymous_5)
FNDA:0,(anonymous_6)
FNDA:0,(anonymous_7)
FNDA:0,(anonymous_8)
FNDA:0,(anonymous_9)
FNDA:0,(anonymous_10)
DA:9,4
DA:12,4
DA:23,4
DA:32,4
DA:45,4
DA:57,4
DA:63,4
DA:69,4
DA:74,4
DA:82,0
DA:89,0
DA:90,0
DA:96,0
DA:99,0
DA:100,0
DA:105,0
DA:107,0
DA:114,0
DA:124,0
DA:136,0
DA:147,0
DA:150,4
LF:22
LH:10
BRF:0
BRH:0
end_of_record
TN:
SF:src/Components/ReviewModal.jsx
FN:81,CharacteristicFormatter
FN:103,(anonymous_1)
FN:105,(anonymous_2)
FN:108,(anonymous_3)
FN:127,ReviewModal
FN:141,(anonymous_5)
FN:148,(anonymous_6)
FN:151,(anonymous_7)
FN:160,(anonymous_8)
FN:167,(anonymous_9)
FN:167,(anonymous_10)
FN:177,(anonymous_11)
FN:177,(anonymous_12)
FN:187,(anonymous_13)
FN:187,(anonymous_14)
FN:199,(anonymous_15)
FN:199,(anonymous_16)
FN:208,(anonymous_17)
FN:208,(anonymous_18)
FN:214,(anonymous_19)
FN:221,(anonymous_20)
FN:221,(anonymous_21)
FNF:22
FNH:0
FNDA:0,CharacteristicFormatter
FNDA:0,(anonymous_1)
FNDA:0,(anonymous_2)
FNDA:0,(anonymous_3)
FNDA:0,ReviewModal
FNDA:0,(anonymous_5)
FNDA:0,(anonymous_6)
FNDA:0,(anonymous_7)
FNDA:0,(anonymous_8)
FNDA:0,(anonymous_9)
FNDA:0,(anonymous_10)
FNDA:0,(anonymous_11)
FNDA:0,(anonymous_12)
FNDA:0,(anonymous_13)
FNDA:0,(anonymous_14)
FNDA:0,(anonymous_15)
FNDA:0,(anonymous_16)
FNDA:0,(anonymous_17)
FNDA:0,(anonymous_18)
FNDA:0,(anonymous_19)
FNDA:0,(anonymous_20)
FNDA:0,(anonymous_21)
DA:9,4
DA:12,4
DA:23,4
DA:32,4
DA:45,4
DA:57,4
DA:63,4
DA:69,4
DA:74,4
DA:82,0
DA:83,0
DA:85,0
DA:94,0
DA:104,0
DA:105,0
DA:109,0
DA:128,0
DA:129,0
DA:139,0
DA:141,0
DA:142,0
DA:143,0
DA:149,0
DA:152,0
DA:153,0
DA:158,0
DA:160,0
DA:167,0
DA:177,0
DA:187,0
DA:199,0
DA:208,0
DA:215,0
DA:221,0
DA:249,0
DA:252,4
LF:36
LH:10
BRDA:101,0,0,0
BRDA:101,0,1,0
BRF:2
BRH:0
end_of_record
TN:
SF:src/Components/SearchSite.jsx
FN:36,SearchSite
FN:40,(anonymous_1)
FN:44,(anonymous_2)
FN:47,(anonymous_3)
FN:49,(anonymous_4)
FN:58,(anonymous_5)
FNF:6
FNH:1
FNDA:1,SearchSite
FNDA:0,(anonymous_1)
FNDA:0,(anonymous_2)
FNDA:0,(anonymous_3)
FNDA:0,(anonymous_4)
FNDA:0,(anonymous_5)
DA:7,4
DA:37,1
DA:38,1
DA:40,1
DA:41,0
DA:44,1
DA:45,0
DA:46,0
DA:48,0
DA:49,0
DA:50,0
DA:51,0
DA:52,0
DA:54,0
DA:56,0
DA:59,0
DA:63,1
LF:17
LH:6
BRDA:50,0,0,0
BRDA:50,0,1,0
BRF:2
BRH:0
end_of_record
TN:
SF:src/Components/Overview/index.jsx
FN:36,Overview
FN:47,(anonymous_1)
FN:49,(anonymous_2)
FN:52,(anonymous_3)
FN:57,(anonymous_4)
FN:64,(anonymous_5)
FNF:6
FNH:2
FNDA:4,Overview
FNDA:1,(anonymous_1)
FNDA:0,(anonymous_2)
FNDA:0,(anonymous_3)
FNDA:0,(anonymous_4)
FNDA:0,(anonymous_5)
DA:18,4
DA:27,4
DA:34,4
DA:38,4
DA:39,2
DA:40,2
DA:41,2
DA:42,2
DA:43,2
DA:44,2
DA:45,2
DA:47,2
DA:48,1
DA:50,0
DA:53,0
DA:56,1
DA:58,0
DA:59,0
DA:60,0
DA:61,0
DA:62,0
DA:65,0
DA:69,2
LF:23
LH:15
BRF:0
BRH:0
end_of_record
TN:
SF:src/Components/Overview/OverviewComponents/AddToCart.jsx
FN:36,(anonymous_0)
FN:38,(anonymous_1)
FN:47,AddToCart
FN:54,(anonymous_3)
FN:59,(anonymous_4)
FN:70,(anonymous_5)
FN:74,(anonymous_6)
FN:80,(anonymous_7)
FN:83,(anonymous_8)
FN:98,(anonymous_9)
FN:118,(anonymous_10)
FNF:11
FNH:4
FNDA:0,(anonymous_0)
FNDA:0,(anonymous_1)
FNDA:2,AddToCart
FNDA:1,(anonymous_3)
FNDA:0,(anonymous_4)
FNDA:0,(anonymous_5)
FNDA:0,(anonymous_6)
FNDA:0,(anonymous_7)
FNDA:0,(anonymous_8)
FNDA:30,(anonymous_9)
FNDA:10,(anonymous_10)
DA:6,4
DA:33,4
DA:34,4
DA:36,4
DA:37,0
DA:38,0
DA:39,0
DA:44,0
DA:48,2
DA:49,2
DA:50,2
DA:51,2
DA:54,2
DA:55,1
DA:56,1
DA:59,2
DA:60,0
DA:61,0
DA:62,0
DA:63,0
DA:64,0
DA:66,0
DA:67,0
DA:70,2
DA:71,0
DA:74,2
DA:75,0
DA:76,0
DA:81,0
DA:84,0
DA:88,2
DA:89,2
DA:90,0
DA:92,2
DA:99,30
DA:100,0
DA:102,30
DA:108,2
DA:118,10
LF:39
LH:21
BRDA:61,0,0,0
BRDA:61,0,1,0
BRDA:89,1,0,0
BRDA:89,1,1,2
BRDA:99,2,0,0
BRDA:99,2,1,30
BRDA:99,3,0,30
BRDA:99,3,1,0
BRDA:116,4,0,2
BRDA:116,4,1,0
BRDA:120,5,0,0
BRDA:120,5,1,2
BRDA:122,6,0,0
BRDA:122,6,1,2
BRF:14
BRH:6
end_of_record
TN:
SF:src/Components/Overview/OverviewComponents/ExpandedView.jsx
FN:30,ExpandedView
FNF:1
FNH:0
FNDA:0,ExpandedView
DA:5,4
DA:31,0
DA:38,4
LF:3
LH:2
BRF:0
BRH:0
end_of_record
TN:
SF:src/Components/Overview/OverviewComponents/MainView.jsx
FN:27,MainView
FN:42,(anonymous_1)
FN:43,(anonymous_2)
FN:52,(anonymous_3)
FNF:4
FNH:2
FNDA:2,MainView
FNDA:1,(anonymous_1)
FNDA:0,(anonymous_2)
FNDA:0,(anonymous_3)
DA:9,4
DA:36,2
DA:38,2
DA:40,2
DA:42,2
DA:43,1
DA:44,0
DA:45,0
DA:46,0
DA:47,0
DA:52,2
DA:53,0
DA:54,0
DA:57,2
DA:58,0
DA:82,2
LF:16
LH:9
BRDA:44,0,0,0
BRDA:44,0,1,0
BRDA:57,1,0,0
BRDA:57,1,1,2
BRDA:70,2,0,0
BRDA:70,2,1,0
BRF:6
BRH:1
end_of_record
TN:
SF:src/Components/Overview/OverviewComponents/MainViewImage.jsx
FN:17,MainViewImage
FNF:1
FNH:0
FNDA:0,MainViewImage
DA:5,4
DA:18,0
DA:31,4
LF:3
LH:2
BRF:0
BRH:0
end_of_record
TN:
SF:src/Components/Overview/OverviewComponents/MainViewScroller.jsx
FN:53,MainViewScroller
FN:77,(anonymous_1)
FN:82,(anonymous_2)
FN:116,(anonymous_3)
FN:118,(anonymous_4)
FN:131,(anonymous_5)
FN:147,(anonymous_6)
FNF:7
FNH:0
FNDA:0,MainViewScroller
FNDA:0,(anonymous_1)
FNDA:0,(anonymous_2)
FNDA:0,(anonymous_3)
FNDA:0,(anonymous_4)
FNDA:0,(anonymous_5)
FNDA:0,(anonymous_6)
DA:6,4
DA:31,4
DA:40,4
DA:49,4
DA:55,0
DA:57,0
DA:67,0
DA:77,0
DA:78,0
DA:79,0
DA:82,0
DA:84,0
DA:85,0
DA:86,0
DA:88,0
DA:91,0
DA:92,0
DA:93,0
DA:94,0
DA:99,0
DA:100,0
DA:101,0
DA:104,0
DA:105,0
DA:106,0
DA:109,0
DA:116,0
DA:119,0
DA:120,0
DA:127,0
DA:131,0
DA:147,0
DA:153,4
LF:33
LH:5
BRDA:60,0,0,0
BRDA:60,0,1,0
BRDA:61,1,0,0
BRDA:61,1,1,0
BRDA:63,2,0,0
BRDA:63,2,1,0
BRDA:70,3,0,0
BRDA:70,3,1,0
BRDA:71,4,0,0
BRDA:71,4,1,0
BRDA:73,5,0,0
BRDA:73,5,1,0
BRDA:84,6,0,0
BRDA:84,6,1,0
BRDA:86,7,0,0
BRDA:86,7,1,0
BRDA:91,8,0,0
BRDA:91,8,1,0
BRDA:93,9,0,0
BRDA:93,9,1,0
BRDA:99,10,0,0
BRDA:99,10,1,0
BRDA:104,11,0,0
BRDA:104,11,1,0
BRDA:104,12,0,0
BRDA:104,12,1,0
BRDA:119,13,0,0
BRDA:119,13,1,0
BRF:28
BRH:0
end_of_record
TN:
SF:src/Components/Overview/OverviewComponents/ProductInfo.jsx
FN:32,ProductInformation
FNF:1
FNH:1
FNDA:5,ProductInformation
DA:8,4
DA:34,5
DA:35,1
DA:37,1
LF:4
LH:4
BRDA:44,0,0,1
BRDA:44,0,1,1
BRF:2
BRH:2
end_of_record
TN:
SF:src/Components/Overview/OverviewComponents/StyleName.jsx
FN:48,StyleName
FN:66,(anonymous_1)
FNF:2
FNH:0
FNDA:0,StyleName
FNDA:0,(anonymous_1)
DA:7,4
DA:31,4
DA:64,0
DA:66,0
DA:67,0
DA:68,0
DA:71,0
DA:72,0
DA:75,0
DA:76,0
DA:83,0
DA:93,4
LF:12
LH:3
BRDA:71,0,0,0
BRDA:71,0,1,0
BRDA:75,1,0,0
BRDA:75,1,1,0
BRF:4
BRH:0
end_of_record
TN:
SF:src/Components/Overview/OverviewComponents/Styles.jsx
FN:27,StyleSelection
FN:35,(anonymous_1)
FNF:2
FNH:1
FNDA:2,StyleSelection
FNDA:0,(anonymous_1)
DA:6,4
DA:28,2
DA:30,2
DA:31,0
DA:32,0
DA:36,0
DA:49,2
LF:7
LH:4
BRDA:30,0,0,0
BRDA:30,0,1,2
BRF:2
BRH:1
end_of_record
TN:
SF:src/Components/QuestionsAndAnswers/AskForm.jsx
FN:4,AskForm
FN:11,(anonymous_1)
FN:19,(anonymous_2)
FNF:3
FNH:1
FNDA:1,AskForm
FNDA:0,(anonymous_1)
FNDA:0,(anonymous_2)
DA:5,1
DA:7,1
DA:11,0
DA:19,0
LF:4
LH:2
BRDA:15,0,0,1
BRDA:15,0,1,0
BRF:2
BRH:1
end_of_record
TN:
SF:src/Components/QuestionsAndAnswers/ExpandButton.jsx
FN:4,ExpandButton
FNF:1
FNH:1
FNDA:1,ExpandButton
DA:11,1
DA:23,4
LF:2
LH:2
BRDA:14,0,0,0
BRDA:14,0,1,1
BRDA:17,1,0,0
BRDA:17,1,1,1
BRF:4
BRH:2
end_of_record
TN:
SF:src/Components/QuestionsAndAnswers/QuestionsList.jsx
FN:16,QuestionsList
FN:18,(anonymous_1)
FN:19,(anonymous_2)
FN:21,(anonymous_3)
FN:29,(anonymous_4)
FNF:5
FNH:1
FNDA:3,QuestionsList
FNDA:0,(anonymous_1)
FNDA:0,(anonymous_2)
FNDA:0,(anonymous_3)
FNDA:0,(anonymous_4)
DA:10,4
DA:17,3
DA:18,3
DA:19,0
DA:21,3
DA:22,0
DA:25,3
DA:30,0
DA:64,4
LF:9
LH:6
BRDA:46,0,0,1
BRDA:46,0,1,1
BRF:2
BRH:2
end_of_record
TN:
SF:src/Components/QuestionsAndAnswers/QuestionsListItem.jsx
FN:7,QuestionsListItem
FN:22,(anonymous_1)
FN:24,(anonymous_2)
FN:26,(anonymous_3)
FN:71,(anonymous_4)
FN:79,(anonymous_5)
FN:85,(anonymous_6)
FNF:7
FNH:0
FNDA:0,QuestionsListItem
FNDA:0,(anonymous_1)
FNDA:0,(anonymous_2)
FNDA:0,(anonymous_3)
FNDA:0,(anonymous_4)
FNDA:0,(anonymous_5)
FNDA:0,(anonymous_6)
DA:20,0
DA:21,0
DA:22,0
DA:24,0
DA:26,0
DA:28,0
DA:31,0
DA:71,0
DA:79,0
DA:86,0
DA:140,4
LF:11
LH:1
BRDA:75,0,0,0
BRDA:75,0,1,0
BRDA:84,1,0,0
BRDA:84,1,1,0
BRDA:121,2,0,0
BRDA:121,2,1,0
BRDA:126,3,0,0
BRDA:126,3,1,0
BRDA:129,4,0,0
BRDA:129,4,1,0
BRF:10
BRH:0
end_of_record
TN:
SF:src/Components/QuestionsAndAnswers/SearchForm.jsx
FN:4,SearchForm
FN:15,(anonymous_1)
FN:19,(anonymous_2)
FNF:3
FNH:1
FNDA:1,SearchForm
FNDA:0,(anonymous_1)
FNDA:0,(anonymous_2)
DA:9,1
DA:15,0
DA:19,0
DA:27,4
LF:4
LH:2
BRF:0
BRH:0
end_of_record
TN:
SF:src/Components/QuestionsAndAnswers/index.jsx
FN:16,QuestionsAndAnswers
FN:23,(anonymous_1)
FN:32,(anonymous_2)
FN:33,(anonymous_3)
FN:38,(anonymous_4)
FN:40,(anonymous_5)
FN:41,(anonymous_6)
FN:42,(anonymous_7)
FN:43,(anonymous_8)
FN:44,(anonymous_9)
FN:61,(anonymous_10)
FN:64,(anonymous_11)
FN:68,(anonymous_12)
FN:72,(anonymous_13)
FN:73,(anonymous_14)
FNF:15
FNH:3
FNDA:1,QuestionsAndAnswers
FNDA:1,(anonymous_1)
FNDA:0,(anonymous_2)
FNDA:0,(anonymous_3)
FNDA:0,(anonymous_4)
FNDA:0,(anonymous_5)
FNDA:0,(anonymous_6)
FNDA:0,(anonymous_7)
FNDA:0,(anonymous_8)
FNDA:0,(anonymous_9)
FNDA:0,(anonymous_10)
FNDA:1,(anonymous_11)
FNDA:0,(anonymous_12)
FNDA:0,(anonymous_13)
FNDA:0,(anonymous_14)
DA:11,4
DA:17,1
DA:18,1
DA:19,1
DA:20,1
DA:21,1
DA:23,1
DA:24,1
DA:33,0
DA:34,0
DA:36,0
DA:38,0
DA:39,0
DA:40,0
DA:41,0
DA:42,0
DA:43,0
DA:44,0
DA:45,0
DA:59,0
DA:61,0
DA:64,1
DA:65,1
DA:68,1
DA:69,0
DA:72,1
DA:73,0
DA:76,1
LF:28
LH:13
BRF:0
BRH:0
end_of_record
TN:
SF:src/Components/RatingsAndReviews/Breakdown.jsx
FN:38,Breakdown
FN:45,(anonymous_1)
FN:46,(anonymous_2)
FN:48,(anonymous_3)
FN:49,(anonymous_4)
FN:57,(anonymous_5)
FN:63,(anonymous_6)
FN:72,RatingBar
FNF:8
FNH:3
FNDA:2,Breakdown
FNDA:0,(anonymous_1)
FNDA:0,(anonymous_2)
FNDA:0,(anonymous_3)
FNDA:0,(anonymous_4)
FNDA:5,(anonymous_5)
FNDA:0,(anonymous_6)
FNDA:5,RatingBar
DA:9,4
DA:14,4
DA:32,4
DA:39,2
DA:40,1
DA:45,1
DA:46,1
DA:47,0
DA:48,0
DA:49,0
DA:52,1
DA:54,1
DA:58,5
DA:63,0
DA:79,5
DA:98,4
LF:16
LH:12
BRDA:49,0,0,0
BRDA:49,0,1,0
BRDA:88,1,0,5
BRDA:88,1,1,0
BRF:4
BRH:1
end_of_record
TN:
SF:src/Components/RatingsAndReviews/CharacteristicBar.jsx
FN:33,CharacteristicBar
FN:40,(anonymous_1)
FNF:2
FNH:0
FNDA:0,CharacteristicBar
FNDA:0,(anonymous_1)
DA:5,4
DA:14,4
DA:34,0
DA:35,0
DA:40,0
DA:46,4
LF:6
LH:3
BRF:0
BRH:0
end_of_record
TN:
SF:src/Components/RatingsAndReviews/Characteristics.jsx
FN:7,Characteristics
FN:13,(anonymous_1)
FNF:2
FNH:1
FNDA:1,Characteristics
FNDA:0,(anonymous_1)
DA:8,1
DA:9,1
DA:11,1
DA:13,0
LF:4
LH:3
BRF:0
BRH:0
end_of_record
TN:
SF:src/Components/RatingsAndReviews/PercentRecommended.jsx
FN:10,PercentRecommended
FNF:1
FNH:1
FNDA:1,PercentRecommended
DA:6,4
DA:11,1
DA:12,1
DA:13,1
DA:14,1
DA:15,1
LF:6
LH:6
BRF:0
BRH:0
end_of_record
TN:
SF:src/Components/RatingsAndReviews/RatingSummary.jsx
FN:18,RatingSummary
FNF:1
FNH:1
FNDA:1,RatingSummary
DA:6,4
DA:10,4
DA:14,4
DA:19,1
DA:20,1
LF:5
LH:5
BRF:0
BRH:0
end_of_record
TN:
SF:src/Components/RatingsAndReviews/RatingsBreakdown.jsx
FN:8,RatingsBreakdown
FNF:1
FNH:1
FNDA:2,RatingsBreakdown
DA:9,2
LF:1
LH:1
BRF:0
BRH:0
end_of_record
TN:
SF:src/Components/RatingsAndReviews/ReviewTile.jsx
FN:26,ReviewTile
FNF:1
FNH:0
FNDA:0,ReviewTile
DA:9,4
DA:14,4
DA:21,4
DA:29,0
DA:31,0
DA:57,4
DA:75,4
LF:7
LH:5
BRF:0
BRH:0
end_of_record
TN:
SF:src/Components/RatingsAndReviews/ReviewsList.jsx
FN:21,ReviewsList
FN:30,(anonymous_1)
FN:32,(anonymous_2)
FN:35,(anonymous_3)
FN:36,(anonymous_4)
FN:39,(anonymous_5)
FN:49,(anonymous_6)
FN:52,(anonymous_7)
FN:57,(anonymous_8)
FN:62,(anonymous_9)
FN:66,(anonymous_10)
FN:88,(anonymous_11)
FN:102,(anonymous_12)
FN:103,(anonymous_13)
FN:104,(anonymous_14)
FNF:15
FNH:4
FNDA:1,ReviewsList
FNDA:1,(anonymous_1)
FNDA:0,(anonymous_2)
FNDA:0,(anonymous_3)
FNDA:0,(anonymous_4)
FNDA:1,(anonymous_5)
FNDA:0,(anonymous_6)
FNDA:0,(anonymous_7)
FNDA:0,(anonymous_8)
FNDA:0,(anonymous_9)
FNDA:1,(anonymous_10)
FNDA:0,(anonymous_11)
FNDA:0,(anonymous_12)
FNDA:0,(anonymous_13)
FNDA:0,(anonymous_14)
DA:15,4
DA:22,1
DA:23,1
DA:24,1
DA:25,1
DA:26,1
DA:27,1
DA:28,1
DA:30,1
DA:31,1
DA:32,0
DA:35,1
DA:36,0
DA:39,1
DA:40,1
DA:50,0
DA:53,0
DA:57,1
DA:58,0
DA:59,0
DA:62,1
DA:63,0
DA:66,1
DA:67,1
DA:71,1
DA:89,0
DA:102,0
DA:103,0
DA:104,0
LF:29
LH:18
BRDA:31,0,0,1
BRDA:31,0,1,0
BRDA:85,1,0,1
BRDA:85,1,1,0
BRDA:100,2,0,1
BRDA:100,2,1,0
BRDA:104,3,0,1
BRDA:104,3,1,0
BRF:8
BRH:4
end_of_record
TN:
SF:src/Components/RatingsAndReviews/index.jsx
FN:38,RatingsAndReviews
FN:40,(anonymous_1)
FNF:2
FNH:2
FNDA:2,RatingsAndReviews
FNDA:1,(anonymous_1)
DA:11,4
DA:20,4
DA:26,4
DA:31,4
DA:36,4
DA:39,2
DA:40,1
DA:42,1
LF:8
LH:8
BRF:0
BRH:0
end_of_record
TN:
SF:src/Components/RelatedItemsAndComparisons/CompareModal.jsx
FN:7,CompareModal
FNF:1
FNH:0
FNDA:0,CompareModal
DA:9,0
LF:1
LH:0
BRF:0
BRH:0
end_of_record
TN:
SF:src/Components/RelatedItemsAndComparisons/ListBehavior.jsx
FN:8,ListBehavior
FN:77,(anonymous_1)
FN:107,(anonymous_2)
FN:123,(anonymous_3)
FN:129,(anonymous_4)
FN:143,(anonymous_5)
FN:158,(anonymous_6)
FN:164,(anonymous_7)
FNF:8
FNH:1
FNDA:1,ListBehavior
FNDA:0,(anonymous_1)
FNDA:0,(anonymous_2)
FNDA:0,(anonymous_3)
FNDA:0,(anonymous_4)
FNDA:0,(anonymous_5)
FNDA:0,(anonymous_6)
FNDA:0,(anonymous_7)
DA:11,1
DA:13,1
DA:22,1
DA:30,1
DA:39,1
DA:49,1
DA:62,1
DA:77,1
DA:78,0
DA:79,0
DA:80,0
DA:81,0
DA:84,0
DA:85,0
DA:86,0
DA:87,0
DA:92,1
DA:93,1
DA:108,0
DA:123,0
DA:129,0
DA:136,0
DA:139,0
DA:144,0
DA:158,0
DA:164,0
DA:171,0
DA:179,4
LF:28
LH:11
BRDA:56,0,0,0
BRDA:56,0,1,1
BRDA:58,1,0,0
BRDA:58,1,1,1
BRDA:70,2,0,0
BRDA:70,2,1,1
BRDA:73,3,0,0
BRDA:73,3,1,1
BRDA:78,4,0,0
BRDA:78,4,1,0
BRDA:80,5,0,0
BRDA:80,5,1,0
BRDA:84,6,0,0
BRDA:84,6,1,0
BRDA:86,7,0,0
BRDA:86,7,1,0
BRDA:92,8,0,1
BRDA:92,8,1,0
BRDA:107,9,0,1
BRDA:107,9,1,0
BRDA:136,10,0,0
BRDA:136,10,1,0
BRDA:137,11,0,0
BRDA:137,11,1,0
BRDA:137,11,2,0
BRDA:137,11,3,0
BRDA:143,12,0,0
BRDA:143,12,1,0
BRF:28
BRH:6
end_of_record
TN:
SF:src/Components/RelatedItemsAndComparisons/OutfitList.jsx
FN:10,OutfitList
FN:18,(anonymous_1)
FN:19,(anonymous_2)
FN:23,(anonymous_3)
FN:25,(anonymous_4)
FN:28,(anonymous_5)
FN:29,(anonymous_6)
FN:31,(anonymous_7)
FN:37,(anonymous_8)
FN:40,(anonymous_9)
FN:41,(anonymous_10)
FNF:11
FNH:3
FNDA:2,OutfitList
FNDA:0,(anonymous_1)
FNDA:0,(anonymous_2)
FNDA:1,(anonymous_3)
FNDA:0,(anonymous_4)
FNDA:0,(anonymous_5)
FNDA:0,(anonymous_6)
FNDA:0,(anonymous_7)
FNDA:1,(anonymous_8)
FNDA:0,(anonymous_9)
FNDA:0,(anonymous_10)
DA:11,2
DA:12,1
DA:13,1
DA:14,1
DA:15,1
DA:16,1
DA:18,1
DA:19,0
DA:23,1
DA:24,1
DA:26,0
DA:27,0
DA:28,0
DA:29,0
DA:32,0
DA:37,1
DA:38,1
DA:40,0
DA:41,0
DA:46,1
LF:20
LH:12
BRDA:38,0,0,0
BRDA:38,0,1,1
BRF:2
BRH:1
end_of_record
TN:
SF:src/Components/RelatedItemsAndComparisons/RelatedProductCards.jsx
FN:81,ProductCard
FN:133,(anonymous_1)
FN:141,(anonymous_2)
FNF:3
FNH:1
FNDA:2,ProductCard
FNDA:0,(anonymous_1)
FNDA:0,(anonymous_2)
DA:9,4
DA:53,4
DA:74,4
DA:84,2
DA:85,2
DA:87,2
DA:88,2
DA:111,0
DA:134,0
DA:135,0
DA:141,0
DA:172,4
LF:12
LH:8
BRDA:87,0,0,2
BRDA:87,0,1,0
BRDA:121,1,0,0
BRDA:121,1,1,0
BRDA:143,2,0,0
BRDA:143,2,1,0
BRDA:152,3,0,0
BRDA:152,3,1,0
BRF:8
BRH:1
end_of_record
TN:
SF:src/Components/RelatedItemsAndComparisons/RelatedProductsList.jsx
FN:9,RelatedProductsList
FN:15,(anonymous_1)
FN:17,(anonymous_2)
FN:20,(anonymous_3)
FN:25,(anonymous_4)
FN:30,(anonymous_5)
FN:32,(anonymous_6)
FN:33,(anonymous_7)
FN:35,(anonymous_8)
FN:36,(anonymous_9)
FN:38,(anonymous_10)
FN:42,(anonymous_11)
FNF:12
FNH:3
FNDA:1,RelatedProductsList
FNDA:1,(anonymous_1)
FNDA:0,(anonymous_2)
FNDA:0,(anonymous_3)
FNDA:1,(anonymous_4)
FNDA:0,(anonymous_5)
FNDA:0,(anonymous_6)
FNDA:0,(anonymous_7)
FNDA:0,(anonymous_8)
FNDA:0,(anonymous_9)
FNDA:0,(anonymous_10)
FNDA:0,(anonymous_11)
DA:10,1
DA:11,1
DA:12,1
DA:13,1
DA:15,1
DA:16,1
DA:18,0
DA:21,0
DA:25,1
DA:26,1
DA:27,0
DA:28,0
DA:30,1
DA:31,0
DA:33,0
DA:34,0
DA:36,0
DA:39,0
DA:43,0
DA:48,1
DA:49,0
DA:57,1
LF:22
LH:11
BRDA:26,0,0,0
BRDA:26,0,1,1
BRDA:26,1,0,1
BRDA:26,1,1,1
BRDA:48,2,0,0
BRDA:48,2,1,1
BRDA:48,3,0,1
BRDA:48,3,1,1
BRF:8
BRH:6
end_of_record
TN:
SF:src/Components/RelatedItemsAndComparisons/index.jsx
FN:17,RelatedItemsAndComparisons
FNF:1
FNH:1
FNDA:2,RelatedItemsAndComparisons
DA:7,4
DA:13,4
DA:18,2
LF:3
LH:3
BRF:0
BRH:0
end_of_record
TN:
SF:src/Components/RelatedItemsAndComparisons/other_test_data/othertestdata.js
FNF:0
FNH:0
DA:1,0
DA:59,0
DA:82,0
DA:442,0
DA:449,0
LF:5
LH:0
BRF:0
BRH:0
end_of_record
TN:
SF:src/HOC/withAnalytics.jsx
FN:8,(anonymous_0)
FN:12,(anonymous_1)
FN:26,(anonymous_2)
FN:26,ComponentWithAnalytics
FN:33,(anonymous_4)
FNF:5
FNH:2
FNDA:0,(anonymous_0)
FNDA:0,(anonymous_1)
FNDA:8,(anonymous_2)
FNDA:6,ComponentWithAnalytics
FNDA:0,(anonymous_4)
DA:6,4
DA:8,4
DA:9,0
DA:12,4
DA:13,0
DA:15,0
DA:16,0
DA:17,0
DA:18,0
DA:20,0
DA:23,0
DA:26,8
DA:27,6
DA:29,3
DA:34,0
LF:15
LH:6
BRDA:12,0,0,0
BRDA:17,1,0,0
BRDA:17,1,1,0
BRF:3
BRH:0
end_of_record
TN:
SF:src/util/util.js
FN:3,(anonymous_0)
FN:7,(anonymous_1)
FN:8,(anonymous_2)
FN:14,(anonymous_3)
FNF:4
FNH:0
FNDA:0,(anonymous_0)
FNDA:0,(anonymous_1)
FNDA:0,(anonymous_2)
FNDA:0,(anonymous_3)
DA:3,4
DA:6,0
DA:7,0
DA:8,0
DA:9,0
DA:10,0
DA:11,0
DA:14,4
DA:15,0
DA:16,0
DA:17,0
DA:18,0
DA:19,0
DA:20,0
DA:21,0
LF:15
LH:2
BRDA:20,0,0,0
BRDA:20,0,1,0
BRF:2
BRH:0
end_of_record
