TN:
SF:src/App.jsx
FN:84,App
FN:101,(anonymous_1)
FN:103,(anonymous_2)
FN:115,(anonymous_3)
FNF:4
FNH:0
FNDA:0,App
FNDA:0,(anonymous_1)
FNDA:0,(anonymous_2)
FNDA:0,(anonymous_3)
DA:15,0
DA:62,0
DA:79,0
DA:80,0
DA:82,0
DA:87,0
DA:97,0
DA:99,0
DA:101,0
DA:102,0
DA:104,0
DA:105,0
DA:106,0
DA:116,0
DA:121,0
LF:15
LH:0
BRF:0
BRH:0
end_of_record
TN:
SF:src/index.jsx
FNF:0
FNH:0
DA:7,0
LF:1
LH:0
BRF:0
BRH:0
end_of_record
TN:
SF:src/styles.js
FNF:0
FNH:0
DA:3,0
DA:10,0
DA:30,0
LF:3
LH:0
BRF:0
BRH:0
end_of_record
TN:
SF:src/Components/FiveStar.jsx
FN:47,FiveStar
FNF:1
FNH:1
FNDA:1,FiveStar
DA:5,1
DA:23,1
DA:29,1
DA:35,1
DA:41,1
DA:49,1
DA:50,1
DA:51,1
DA:53,1
DA:54,4
DA:55,3
DA:56,3
DA:57,1
DA:58,0
DA:59,0
DA:60,1
DA:61,1
DA:62,1
DA:64,0
DA:65,0
DA:67,4
DA:70,1
DA:71,1
DA:72,1
DA:75,1
DA:82,1
LF:26
LH:22
BRDA:54,0,0,3
BRDA:54,0,1,1
BRDA:57,1,0,0
BRDA:57,1,1,1
BRDA:60,2,0,1
BRDA:60,2,1,0
BRF:6
BRH:4
end_of_record
TN:
SF:src/Components/HelpfulOrReport.jsx
FN:5,helpfulOrReport
FN:13,Helpful
FN:24,(anonymous_2)
FN:26,(anonymous_3)
FN:29,(anonymous_4)
FN:44,Report
FN:55,(anonymous_6)
FN:57,(anonymous_7)
FN:60,(anonymous_8)
FNF:9
FNH:0
FNDA:0,helpfulOrReport
FNDA:0,Helpful
FNDA:0,(anonymous_2)
FNDA:0,(anonymous_3)
FNDA:0,(anonymous_4)
FNDA:0,Report
FNDA:0,(anonymous_6)
FNDA:0,(anonymous_7)
FNDA:0,(anonymous_8)
DA:7,0
DA:14,0
DA:20,0
DA:25,0
DA:27,0
DA:30,0
DA:38,0
DA:45,0
DA:51,0
DA:56,0
DA:58,0
DA:61,0
DA:69,0
LF:13
LH:0
BRF:0
BRH:0
end_of_record
TN:
SF:src/Components/QuestionModal.jsx
FN:81,QuestionModal
FN:89,(anonymous_1)
FN:95,(anonymous_2)
FN:98,(anonymous_3)
FN:107,(anonymous_4)
FN:114,(anonymous_5)
FN:114,(anonymous_6)
FN:124,(anonymous_7)
FN:124,(anonymous_8)
FN:136,(anonymous_9)
FN:136,(anonymous_10)
FNF:11
FNH:0
FNDA:0,QuestionModal
FNDA:0,(anonymous_1)
FNDA:0,(anonymous_2)
FNDA:0,(anonymous_3)
FNDA:0,(anonymous_4)
FNDA:0,(anonymous_5)
FNDA:0,(anonymous_6)
FNDA:0,(anonymous_7)
FNDA:0,(anonymous_8)
FNDA:0,(anonymous_9)
FNDA:0,(anonymous_10)
DA:9,0
DA:12,0
DA:23,0
DA:32,0
DA:45,0
DA:57,0
DA:63,0
DA:69,0
DA:74,0
DA:82,0
DA:89,0
DA:90,0
DA:96,0
DA:99,0
DA:100,0
DA:105,0
DA:107,0
DA:114,0
DA:124,0
DA:136,0
DA:147,0
DA:150,0
LF:22
LH:0
BRF:0
BRH:0
end_of_record
TN:
SF:src/Components/ReviewModal.jsx
FN:93,CharacteristicFormatter
FN:114,(anonymous_1)
FN:116,(anonymous_2)
FN:119,(anonymous_3)
FN:140,ReviewModal
FN:154,(anonymous_5)
FN:161,(anonymous_6)
FN:164,(anonymous_7)
FN:173,(anonymous_8)
FN:180,(anonymous_9)
FN:180,(anonymous_10)
FN:190,(anonymous_11)
FN:190,(anonymous_12)
FN:200,(anonymous_13)
FN:200,(anonymous_14)
FN:212,(anonymous_15)
FN:212,(anonymous_16)
FN:216,(anonymous_17)
FN:218,(anonymous_18)
FN:227,(anonymous_19)
FN:234,(anonymous_20)
FN:234,(anonymous_21)
FNF:22
FNH:0
FNDA:0,CharacteristicFormatter
FNDA:0,(anonymous_1)
FNDA:0,(anonymous_2)
FNDA:0,(anonymous_3)
FNDA:0,ReviewModal
FNDA:0,(anonymous_5)
FNDA:0,(anonymous_6)
FNDA:0,(anonymous_7)
FNDA:0,(anonymous_8)
FNDA:0,(anonymous_9)
FNDA:0,(anonymous_10)
FNDA:0,(anonymous_11)
FNDA:0,(anonymous_12)
FNDA:0,(anonymous_13)
FNDA:0,(anonymous_14)
FNDA:0,(anonymous_15)
FNDA:0,(anonymous_16)
FNDA:0,(anonymous_17)
FNDA:0,(anonymous_18)
FNDA:0,(anonymous_19)
FNDA:0,(anonymous_20)
FNDA:0,(anonymous_21)
DA:12,0
DA:15,0
DA:26,0
DA:35,0
DA:48,0
DA:60,0
DA:66,0
DA:72,0
DA:77,0
DA:82,0
DA:86,0
DA:94,0
DA:95,0
DA:97,0
DA:106,0
DA:115,0
DA:116,0
DA:120,0
DA:141,0
DA:142,0
DA:152,0
DA:154,0
DA:155,0
DA:156,0
DA:162,0
DA:165,0
DA:166,0
DA:171,0
DA:173,0
DA:180,0
DA:190,0
DA:200,0
DA:212,0
DA:217,0
DA:218,0
DA:228,0
DA:234,0
DA:262,0
DA:265,0
LF:39
LH:0
BRDA:112,0,0,0
BRDA:112,0,1,0
BRF:2
BRH:0
end_of_record
TN:
SF:src/Components/SearchSite.jsx
FN:36,SearchSite
FN:40,(anonymous_1)
FN:44,(anonymous_2)
FN:47,(anonymous_3)
FN:49,(anonymous_4)
FN:58,(anonymous_5)
FNF:6
FNH:0
FNDA:0,SearchSite
FNDA:0,(anonymous_1)
FNDA:0,(anonymous_2)
FNDA:0,(anonymous_3)
FNDA:0,(anonymous_4)
FNDA:0,(anonymous_5)
DA:7,0
DA:37,0
DA:38,0
DA:40,0
DA:41,0
DA:44,0
DA:45,0
DA:46,0
DA:48,0
DA:49,0
DA:50,0
DA:51,0
DA:52,0
DA:54,0
DA:56,0
DA:59,0
DA:63,0
LF:17
LH:0
BRDA:50,0,0,0
BRDA:50,0,1,0
BRF:2
BRH:0
end_of_record
TN:
SF:src/Components/Overview/index.jsx
FN:35,Overview
FN:45,(anonymous_1)
FN:48,(anonymous_2)
FN:51,(anonymous_3)
FN:56,(anonymous_4)
FN:63,(anonymous_5)
FNF:6
FNH:0
FNDA:0,Overview
FNDA:0,(anonymous_1)
FNDA:0,(anonymous_2)
FNDA:0,(anonymous_3)
FNDA:0,(anonymous_4)
FNDA:0,(anonymous_5)
DA:18,0
DA:27,0
DA:33,0
DA:36,0
DA:37,0
DA:38,0
DA:39,0
DA:40,0
DA:41,0
DA:42,0
DA:43,0
DA:45,0
DA:46,0
DA:47,0
DA:49,0
DA:52,0
DA:55,0
DA:57,0
DA:58,0
DA:59,0
DA:60,0
DA:61,0
DA:64,0
DA:68,0
LF:24
LH:0
BRF:0
BRH:0
end_of_record
TN:
SF:src/Components/Overview/OverviewComponents/AddToCart.jsx
FN:36,(anonymous_0)
FN:38,(anonymous_1)
FN:47,AddToCart
FN:54,(anonymous_3)
FN:59,(anonymous_4)
FN:70,(anonymous_5)
FN:74,(anonymous_6)
FN:80,(anonymous_7)
FN:83,(anonymous_8)
FN:98,(anonymous_9)
FN:118,(anonymous_10)
FNF:11
FNH:0
FNDA:0,(anonymous_0)
FNDA:0,(anonymous_1)
FNDA:0,AddToCart
FNDA:0,(anonymous_3)
FNDA:0,(anonymous_4)
FNDA:0,(anonymous_5)
FNDA:0,(anonymous_6)
FNDA:0,(anonymous_7)
FNDA:0,(anonymous_8)
FNDA:0,(anonymous_9)
FNDA:0,(anonymous_10)
DA:6,0
DA:33,0
DA:34,0
DA:36,0
DA:37,0
DA:38,0
DA:39,0
DA:44,0
DA:48,0
DA:49,0
DA:50,0
DA:51,0
DA:54,0
DA:55,0
DA:56,0
DA:59,0
DA:60,0
DA:61,0
DA:62,0
DA:63,0
DA:64,0
DA:66,0
DA:67,0
DA:70,0
DA:71,0
DA:74,0
DA:75,0
DA:76,0
DA:81,0
DA:84,0
DA:88,0
DA:89,0
DA:90,0
DA:92,0
DA:99,0
DA:100,0
DA:102,0
DA:108,0
DA:118,0
LF:39
LH:0
BRDA:61,0,0,0
BRDA:61,0,1,0
BRDA:89,1,0,0
BRDA:89,1,1,0
BRDA:99,2,0,0
BRDA:99,2,1,0
BRDA:99,3,0,0
BRDA:99,3,1,0
BRDA:116,4,0,0
BRDA:116,4,1,0
BRDA:120,5,0,0
BRDA:120,5,1,0
BRDA:122,6,0,0
BRDA:122,6,1,0
BRF:14
BRH:0
end_of_record
TN:
SF:src/Components/Overview/OverviewComponents/ExpandedView.jsx
FN:30,ExpandedView
FNF:1
FNH:0
FNDA:0,ExpandedView
DA:5,0
DA:31,0
DA:38,0
LF:3
LH:0
BRF:0
BRH:0
end_of_record
TN:
SF:src/Components/Overview/OverviewComponents/MainView.jsx
FN:29,MainView
FN:44,(anonymous_1)
FN:45,(anonymous_2)
FN:54,(anonymous_3)
FNF:4
FNH:0
FNDA:0,MainView
FNDA:0,(anonymous_1)
FNDA:0,(anonymous_2)
FNDA:0,(anonymous_3)
DA:11,0
DA:38,0
DA:40,0
DA:42,0
DA:44,0
DA:45,0
DA:46,0
DA:47,0
DA:48,0
DA:49,0
DA:54,0
DA:55,0
DA:56,0
DA:59,0
DA:60,0
DA:84,0
LF:16
LH:0
BRDA:46,0,0,0
BRDA:46,0,1,0
BRDA:59,1,0,0
BRDA:59,1,1,0
BRDA:72,2,0,0
BRDA:72,2,1,0
BRF:6
BRH:0
end_of_record
TN:
SF:src/Components/Overview/OverviewComponents/MainViewImage.jsx
FN:17,MainViewImage
FNF:1
FNH:0
FNDA:0,MainViewImage
DA:5,0
DA:18,0
DA:31,0
LF:3
LH:0
BRF:0
BRH:0
end_of_record
TN:
SF:src/Components/Overview/OverviewComponents/MainViewScroller.jsx
FN:54,MainViewScroller
FN:78,(anonymous_1)
FN:83,(anonymous_2)
FN:117,(anonymous_3)
FN:119,(anonymous_4)
FN:132,(anonymous_5)
FN:148,(anonymous_6)
FNF:7
FNH:0
FNDA:0,MainViewScroller
FNDA:0,(anonymous_1)
FNDA:0,(anonymous_2)
FNDA:0,(anonymous_3)
FNDA:0,(anonymous_4)
FNDA:0,(anonymous_5)
FNDA:0,(anonymous_6)
DA:7,0
DA:32,0
DA:41,0
DA:50,0
DA:56,0
DA:58,0
DA:68,0
DA:78,0
DA:79,0
DA:80,0
DA:83,0
DA:85,0
DA:86,0
DA:87,0
DA:89,0
DA:92,0
DA:93,0
DA:94,0
DA:95,0
DA:100,0
DA:101,0
DA:102,0
DA:105,0
DA:106,0
DA:107,0
DA:110,0
DA:117,0
DA:120,0
DA:121,0
DA:128,0
DA:132,0
DA:148,0
DA:154,0
LF:33
LH:0
BRDA:61,0,0,0
BRDA:61,0,1,0
BRDA:62,1,0,0
BRDA:62,1,1,0
BRDA:64,2,0,0
BRDA:64,2,1,0
BRDA:71,3,0,0
BRDA:71,3,1,0
BRDA:72,4,0,0
BRDA:72,4,1,0
BRDA:74,5,0,0
BRDA:74,5,1,0
BRDA:85,6,0,0
BRDA:85,6,1,0
BRDA:87,7,0,0
BRDA:87,7,1,0
BRDA:92,8,0,0
BRDA:92,8,1,0
BRDA:94,9,0,0
BRDA:94,9,1,0
BRDA:100,10,0,0
BRDA:100,10,1,0
BRDA:105,11,0,0
BRDA:105,11,1,0
BRDA:105,12,0,0
BRDA:105,12,1,0
BRDA:120,13,0,0
BRDA:120,13,1,0
BRF:28
BRH:0
end_of_record
TN:
SF:src/Components/Overview/OverviewComponents/ProductInfo.jsx
FN:33,ProductInformation
FNF:1
FNH:0
FNDA:0,ProductInformation
DA:9,0
DA:34,0
DA:35,0
DA:37,0
LF:4
LH:0
BRDA:44,0,0,0
BRDA:44,0,1,0
BRF:2
BRH:0
end_of_record
TN:
SF:src/Components/Overview/OverviewComponents/StyleName.jsx
FN:48,StyleName
FN:66,(anonymous_1)
FNF:2
FNH:0
FNDA:0,StyleName
FNDA:0,(anonymous_1)
DA:7,0
DA:31,0
DA:64,0
DA:66,0
DA:67,0
DA:68,0
DA:71,0
DA:72,0
DA:75,0
DA:76,0
DA:83,0
DA:93,0
LF:12
LH:0
BRDA:71,0,0,0
BRDA:71,0,1,0
BRDA:75,1,0,0
BRDA:75,1,1,0
BRF:4
BRH:0
end_of_record
TN:
SF:src/Components/Overview/OverviewComponents/Styles.jsx
FN:32,StyleSelection
FN:42,(anonymous_1)
FNF:2
FNH:0
FNDA:0,StyleSelection
FNDA:0,(anonymous_1)
DA:9,0
DA:30,0
DA:33,0
DA:36,0
DA:37,0
DA:38,0
DA:39,0
DA:43,0
DA:56,0
LF:9
LH:0
BRDA:37,0,0,0
BRDA:37,0,1,0
BRF:2
BRH:0
end_of_record
TN:
SF:src/Components/Overview/test_data/testdata.js
FNF:0
FNH:0
DA:1,0
DA:13,0
DA:373,0
LF:3
LH:0
BRF:0
BRH:0
end_of_record
TN:
SF:src/Components/QuestionsAndAnswers/AskForm.jsx
FN:4,AskForm
FN:11,(anonymous_1)
FN:19,(anonymous_2)
FNF:3
FNH:0
FNDA:0,AskForm
FNDA:0,(anonymous_1)
FNDA:0,(anonymous_2)
DA:5,0
DA:7,0
DA:11,0
DA:19,0
LF:4
LH:0
BRDA:15,0,0,0
BRDA:15,0,1,0
BRF:2
BRH:0
end_of_record
TN:
SF:src/Components/QuestionsAndAnswers/ExpandButton.jsx
FN:3,ExpandButton
FNF:1
FNH:0
FNDA:0,ExpandButton
DA:5,0
LF:1
LH:0
BRDA:8,0,0,0
BRDA:8,0,1,0
BRDA:11,1,0,0
BRDA:11,1,1,0
BRF:4
BRH:0
end_of_record
TN:
SF:src/Components/QuestionsAndAnswers/QuestionsList.jsx
FN:8,QuestionsList
FN:12,(anonymous_1)
FNF:2
FNH:0
FNDA:0,QuestionsList
FNDA:0,(anonymous_1)
DA:9,0
DA:13,0
LF:2
LH:0
BRDA:21,0,0,0
BRDA:21,0,1,0
BRF:2
BRH:0
end_of_record
TN:
SF:src/Components/QuestionsAndAnswers/QuestionsListItem.jsx
FN:5,QuestionsListItem
FN:8,(anonymous_1)
FN:10,(anonymous_2)
FN:12,(anonymous_3)
FN:31,(anonymous_4)
FN:39,(anonymous_5)
FN:45,(anonymous_6)
FNF:7
FNH:0
FNDA:0,QuestionsListItem
FNDA:0,(anonymous_1)
FNDA:0,(anonymous_2)
FNDA:0,(anonymous_3)
FNDA:0,(anonymous_4)
FNDA:0,(anonymous_5)
FNDA:0,(anonymous_6)
DA:6,0
DA:7,0
DA:8,0
DA:10,0
DA:12,0
DA:14,0
DA:17,0
DA:31,0
DA:39,0
DA:46,0
LF:10
LH:0
BRDA:35,0,0,0
BRDA:35,0,1,0
BRDA:44,1,0,0
BRDA:44,1,1,0
BRDA:52,2,0,0
BRDA:52,2,1,0
BRDA:57,3,0,0
BRDA:57,3,1,0
BRDA:60,4,0,0
BRDA:60,4,1,0
BRF:10
BRH:0
end_of_record
TN:
SF:src/Components/QuestionsAndAnswers/SearchForm.jsx
FN:3,SearchForm
FN:10,(anonymous_1)
FN:14,(anonymous_2)
FNF:3
FNH:0
FNDA:0,SearchForm
FNDA:0,(anonymous_1)
FNDA:0,(anonymous_2)
DA:4,0
DA:10,0
DA:14,0
LF:3
LH:0
BRF:0
BRH:0
end_of_record
TN:
SF:src/Components/QuestionsAndAnswers/index.jsx
FN:16,QuestionsAndAnswers
FN:24,(anonymous_1)
FN:33,(anonymous_2)
FN:37,(anonymous_3)
FN:42,(anonymous_4)
FN:44,(anonymous_5)
FN:61,(anonymous_6)
FN:64,(anonymous_7)
FN:65,(anonymous_8)
FN:68,(anonymous_9)
FN:69,(anonymous_10)
FN:72,(anonymous_11)
FNF:12
FNH:0
FNDA:0,QuestionsAndAnswers
FNDA:0,(anonymous_1)
FNDA:0,(anonymous_2)
FNDA:0,(anonymous_3)
FNDA:0,(anonymous_4)
FNDA:0,(anonymous_5)
FNDA:0,(anonymous_6)
FNDA:0,(anonymous_7)
FNDA:0,(anonymous_8)
FNDA:0,(anonymous_9)
FNDA:0,(anonymous_10)
FNDA:0,(anonymous_11)
DA:11,0
DA:17,0
DA:18,0
DA:19,0
DA:20,0
DA:21,0
DA:22,0
DA:24,0
DA:25,0
DA:37,0
DA:38,0
DA:40,0
DA:41,0
DA:42,0
DA:43,0
DA:44,0
DA:45,0
DA:51,0
DA:52,0
DA:61,0
DA:64,0
DA:65,0
DA:68,0
DA:69,0
DA:72,0
DA:73,0
DA:76,0
LF:27
LH:0
BRF:0
BRH:0
end_of_record
TN:
SF:src/Components/RatingsAndReviews/Breakdown.jsx
FN:38,Breakdown
FN:46,(anonymous_1)
FN:51,(anonymous_2)
FN:52,(anonymous_3)
FN:54,(anonymous_4)
FN:55,(anonymous_5)
FN:62,(anonymous_6)
FN:69,(anonymous_7)
FN:78,RatingBar
FNF:9
FNH:0
FNDA:0,Breakdown
FNDA:0,(anonymous_1)
FNDA:0,(anonymous_2)
FNDA:0,(anonymous_3)
FNDA:0,(anonymous_4)
FNDA:0,(anonymous_5)
FNDA:0,(anonymous_6)
FNDA:0,(anonymous_7)
FNDA:0,RatingBar
DA:9,0
DA:14,0
DA:32,0
DA:39,0
DA:40,0
DA:45,0
DA:46,0
DA:47,0
DA:48,0
DA:51,0
DA:52,0
DA:53,0
DA:54,0
DA:55,0
DA:59,0
DA:63,0
DA:69,0
DA:85,0
DA:104,0
LF:19
LH:0
BRDA:47,0,0,0
BRDA:47,0,1,0
BRDA:55,1,0,0
BRDA:55,1,1,0
BRDA:94,2,0,0
BRDA:94,2,1,0
BRF:6
BRH:0
end_of_record
TN:
SF:src/Components/RatingsAndReviews/CharacteristicBar.jsx
FN:39,(anonymous_0)
FN:45,CharacteristicBar
FN:55,(anonymous_2)
FNF:3
FNH:0
FNDA:0,(anonymous_0)
FNDA:0,CharacteristicBar
FNDA:0,(anonymous_2)
DA:5,0
DA:14,0
DA:21,0
DA:33,0
DA:39,0
DA:46,0
DA:47,0
DA:55,0
DA:61,0
LF:9
LH:0
BRF:0
BRH:0
end_of_record
TN:
SF:src/Components/RatingsAndReviews/Characteristics.jsx
FN:7,Characteristics
FN:13,(anonymous_1)
FNF:2
FNH:0
FNDA:0,Characteristics
FNDA:0,(anonymous_1)
DA:8,0
DA:9,0
DA:11,0
DA:13,0
LF:4
LH:0
BRF:0
BRH:0
end_of_record
TN:
SF:src/Components/RatingsAndReviews/PercentRecommended.jsx
FN:10,PercentRecommended
FNF:1
FNH:0
FNDA:0,PercentRecommended
DA:6,0
DA:11,0
DA:12,0
DA:13,0
DA:14,0
DA:15,0
LF:6
LH:0
BRF:0
BRH:0
end_of_record
TN:
SF:src/Components/RatingsAndReviews/RatingSummary.jsx
FN:18,RatingSummary
FNF:1
FNH:0
FNDA:0,RatingSummary
DA:6,0
DA:10,0
DA:14,0
DA:19,0
DA:20,0
LF:5
LH:0
BRF:0
BRH:0
end_of_record
TN:
SF:src/Components/RatingsAndReviews/RatingsBreakdown.jsx
FN:8,RatingsBreakdown
FNF:1
FNH:0
FNDA:0,RatingsBreakdown
DA:9,0
LF:1
LH:0
BRF:0
BRH:0
end_of_record
TN:
SF:src/Components/RatingsAndReviews/ReviewTile.jsx
FN:26,ReviewTile
FNF:1
FNH:0
FNDA:0,ReviewTile
DA:9,0
DA:14,0
DA:21,0
DA:29,0
DA:31,0
DA:57,0
DA:75,0
LF:7
LH:0
BRF:0
BRH:0
end_of_record
TN:
SF:src/Components/RatingsAndReviews/ReviewsList.jsx
FN:21,ReviewsList
FN:30,(anonymous_1)
FN:32,(anonymous_2)
FN:35,(anonymous_3)
FN:36,(anonymous_4)
FN:39,(anonymous_5)
FN:49,(anonymous_6)
FN:52,(anonymous_7)
FN:57,(anonymous_8)
FN:62,(anonymous_9)
FN:66,(anonymous_10)
FN:88,(anonymous_11)
FN:102,(anonymous_12)
FN:103,(anonymous_13)
FN:104,(anonymous_14)
FNF:15
FNH:0
FNDA:0,ReviewsList
FNDA:0,(anonymous_1)
FNDA:0,(anonymous_2)
FNDA:0,(anonymous_3)
FNDA:0,(anonymous_4)
FNDA:0,(anonymous_5)
FNDA:0,(anonymous_6)
FNDA:0,(anonymous_7)
FNDA:0,(anonymous_8)
FNDA:0,(anonymous_9)
FNDA:0,(anonymous_10)
FNDA:0,(anonymous_11)
FNDA:0,(anonymous_12)
FNDA:0,(anonymous_13)
FNDA:0,(anonymous_14)
DA:15,0
DA:22,0
DA:23,0
DA:24,0
DA:25,0
DA:26,0
DA:27,0
DA:28,0
DA:30,0
DA:31,0
DA:32,0
DA:35,0
DA:36,0
DA:39,0
DA:40,0
DA:50,0
DA:53,0
DA:57,0
DA:58,0
DA:59,0
DA:62,0
DA:63,0
DA:66,0
DA:67,0
DA:71,0
DA:89,0
DA:102,0
DA:103,0
DA:104,0
LF:29
LH:0
BRDA:31,0,0,0
BRDA:31,0,1,0
BRDA:85,1,0,0
BRDA:85,1,1,0
BRDA:100,2,0,0
BRDA:100,2,1,0
BRDA:104,3,0,0
BRDA:104,3,1,0
BRF:8
BRH:0
end_of_record
TN:
SF:src/Components/RatingsAndReviews/index.jsx
FN:38,RatingsAndReviews
FN:40,(anonymous_1)
FNF:2
FNH:0
FNDA:0,RatingsAndReviews
FNDA:0,(anonymous_1)
DA:11,0
DA:20,0
DA:26,0
DA:31,0
DA:36,0
DA:39,0
DA:40,0
DA:42,0
LF:8
LH:0
BRF:0
BRH:0
end_of_record
TN:
SF:src/Components/RelatedItemsAndComparisons/CompareModal.jsx
FN:7,CompareModal
FNF:1
FNH:0
FNDA:0,CompareModal
DA:9,0
LF:1
LH:0
BRF:0
BRH:0
end_of_record
TN:
SF:src/Components/RelatedItemsAndComparisons/ListBehavior.jsx
FN:8,ListBehavior
FN:77,(anonymous_1)
FN:107,(anonymous_2)
FN:123,(anonymous_3)
FN:129,(anonymous_4)
FN:143,(anonymous_5)
FN:158,(anonymous_6)
FN:164,(anonymous_7)
FNF:8
FNH:0
FNDA:0,ListBehavior
FNDA:0,(anonymous_1)
FNDA:0,(anonymous_2)
FNDA:0,(anonymous_3)
FNDA:0,(anonymous_4)
FNDA:0,(anonymous_5)
FNDA:0,(anonymous_6)
FNDA:0,(anonymous_7)
DA:11,0
DA:13,0
DA:22,0
DA:30,0
DA:39,0
DA:49,0
DA:62,0
DA:77,0
DA:78,0
DA:79,0
DA:80,0
DA:81,0
DA:84,0
DA:85,0
DA:86,0
DA:87,0
DA:92,0
DA:93,0
DA:108,0
DA:123,0
DA:129,0
DA:136,0
DA:139,0
DA:144,0
DA:158,0
DA:164,0
DA:171,0
DA:179,0
LF:28
LH:0
BRDA:56,0,0,0
BRDA:56,0,1,0
BRDA:58,1,0,0
BRDA:58,1,1,0
BRDA:70,2,0,0
BRDA:70,2,1,0
BRDA:73,3,0,0
BRDA:73,3,1,0
BRDA:78,4,0,0
BRDA:78,4,1,0
BRDA:80,5,0,0
BRDA:80,5,1,0
BRDA:84,6,0,0
BRDA:84,6,1,0
BRDA:86,7,0,0
BRDA:86,7,1,0
BRDA:92,8,0,0
BRDA:92,8,1,0
BRDA:107,9,0,0
BRDA:107,9,1,0
BRDA:136,10,0,0
BRDA:136,10,1,0
BRDA:137,11,0,0
BRDA:137,11,1,0
BRDA:137,11,2,0
BRDA:137,11,3,0
BRDA:143,12,0,0
BRDA:143,12,1,0
BRF:28
BRH:0
end_of_record
TN:
SF:src/Components/RelatedItemsAndComparisons/OutfitList.jsx
FN:10,OutfitList
FN:18,(anonymous_1)
FN:19,(anonymous_2)
FN:23,(anonymous_3)
FN:25,(anonymous_4)
FN:28,(anonymous_5)
FN:29,(anonymous_6)
FN:31,(anonymous_7)
FN:37,(anonymous_8)
FN:40,(anonymous_9)
FN:41,(anonymous_10)
FNF:11
FNH:0
FNDA:0,OutfitList
FNDA:0,(anonymous_1)
FNDA:0,(anonymous_2)
FNDA:0,(anonymous_3)
FNDA:0,(anonymous_4)
FNDA:0,(anonymous_5)
FNDA:0,(anonymous_6)
FNDA:0,(anonymous_7)
FNDA:0,(anonymous_8)
FNDA:0,(anonymous_9)
FNDA:0,(anonymous_10)
DA:11,0
DA:12,0
DA:13,0
DA:14,0
DA:15,0
DA:16,0
DA:18,0
DA:19,0
DA:23,0
DA:24,0
DA:26,0
DA:27,0
DA:28,0
DA:29,0
DA:32,0
DA:37,0
DA:38,0
DA:40,0
DA:41,0
DA:46,0
LF:20
LH:0
BRDA:38,0,0,0
BRDA:38,0,1,0
BRF:2
BRH:0
end_of_record
TN:
SF:src/Components/RelatedItemsAndComparisons/RelatedProductCards.jsx
FN:81,ProductCard
FN:133,(anonymous_1)
FN:141,(anonymous_2)
FNF:3
FNH:0
FNDA:0,ProductCard
FNDA:0,(anonymous_1)
FNDA:0,(anonymous_2)
DA:9,0
DA:53,0
DA:74,0
DA:84,0
DA:85,0
DA:87,0
DA:88,0
DA:111,0
DA:134,0
DA:135,0
DA:141,0
DA:172,0
LF:12
LH:0
BRDA:87,0,0,0
BRDA:87,0,1,0
BRDA:121,1,0,0
BRDA:121,1,1,0
BRDA:143,2,0,0
BRDA:143,2,1,0
BRDA:152,3,0,0
BRDA:152,3,1,0
BRF:8
BRH:0
end_of_record
TN:
SF:src/Components/RelatedItemsAndComparisons/RelatedProductsList.jsx
FN:9,RelatedProductsList
FN:15,(anonymous_1)
FN:17,(anonymous_2)
FN:20,(anonymous_3)
FN:25,(anonymous_4)
FN:30,(anonymous_5)
FN:32,(anonymous_6)
FN:33,(anonymous_7)
FN:35,(anonymous_8)
FN:36,(anonymous_9)
FN:38,(anonymous_10)
FN:42,(anonymous_11)
FNF:12
FNH:0
FNDA:0,RelatedProductsList
FNDA:0,(anonymous_1)
FNDA:0,(anonymous_2)
FNDA:0,(anonymous_3)
FNDA:0,(anonymous_4)
FNDA:0,(anonymous_5)
FNDA:0,(anonymous_6)
FNDA:0,(anonymous_7)
FNDA:0,(anonymous_8)
FNDA:0,(anonymous_9)
FNDA:0,(anonymous_10)
FNDA:0,(anonymous_11)
DA:10,0
DA:11,0
DA:12,0
DA:13,0
DA:15,0
DA:16,0
DA:18,0
DA:21,0
DA:25,0
DA:26,0
DA:27,0
DA:28,0
DA:30,0
DA:31,0
DA:33,0
DA:34,0
DA:36,0
DA:39,0
DA:43,0
DA:48,0
DA:49,0
DA:57,0
LF:22
LH:0
BRDA:26,0,0,0
BRDA:26,0,1,0
BRDA:26,1,0,0
BRDA:26,1,1,0
BRDA:48,2,0,0
BRDA:48,2,1,0
BRDA:48,3,0,0
BRDA:48,3,1,0
BRF:8
BRH:0
end_of_record
TN:
SF:src/Components/RelatedItemsAndComparisons/index.jsx
FN:17,RelatedItemsAndComparisons
FNF:1
FNH:0
FNDA:0,RelatedItemsAndComparisons
DA:7,0
DA:13,0
DA:18,0
LF:3
LH:0
BRF:0
BRH:0
end_of_record
TN:
SF:src/Components/RelatedItemsAndComparisons/other_test_data/othertestdata.js
FNF:0
FNH:0
DA:1,0
DA:59,0
DA:82,0
DA:442,0
DA:449,0
LF:5
LH:0
BRF:0
BRH:0
end_of_record
TN:
SF:src/HOC/withAnalytics.jsx
FN:8,(anonymous_0)
FN:12,(anonymous_1)
FN:28,(anonymous_2)
FN:28,ComponentWithAnalytics
FN:35,(anonymous_4)
FNF:5
FNH:0
FNDA:0,(anonymous_0)
FNDA:0,(anonymous_1)
FNDA:0,(anonymous_2)
FNDA:0,ComponentWithAnalytics
FNDA:0,(anonymous_4)
DA:6,0
DA:8,0
DA:9,0
DA:12,0
DA:13,0
DA:15,0
DA:16,0
DA:17,0
DA:18,0
DA:20,0
DA:24,0
DA:28,0
DA:29,0
DA:31,0
DA:36,0
LF:15
LH:0
BRDA:12,0,0,0
BRDA:17,1,0,0
BRDA:17,1,1,0
BRF:3
BRH:0
end_of_record
TN:
SF:src/util/util.js
FN:3,(anonymous_0)
FN:7,(anonymous_1)
FN:8,(anonymous_2)
FN:14,(anonymous_3)
FNF:4
FNH:0
FNDA:0,(anonymous_0)
FNDA:0,(anonymous_1)
FNDA:0,(anonymous_2)
FNDA:0,(anonymous_3)
DA:3,0
DA:6,0
DA:7,0
DA:8,0
DA:9,0
DA:10,0
DA:11,0
DA:14,0
DA:15,0
DA:16,0
DA:17,0
DA:18,0
DA:19,0
DA:20,0
DA:21,0
LF:15
LH:0
BRDA:20,0,0,0
BRDA:20,0,1,0
BRF:2
BRH:0
end_of_record
